{
  "uid" : "1cc37545b9febefe",
  "name" : "Ex5: Testing Sing Up",
  "fullName" : "tests.test_functional#test_authorization_wia_deeplink",
  "historyId" : "e915a22d5db7418c28c7a1559df18a4c",
  "time" : {
    "start" : 1643284607104,
    "stop" : 1643284626404,
    "duration" : 19300
  },
  "status" : "broken",
  "statusMessage" : "selenium.common.exceptions.TimeoutException: Message: id : I’M NEW TO BALISTON\nStacktrace:\nNoSuchElementError: An element could not be located on the page using the given search parameters.\n    at XCUITestDriver.doNativeFind (/Users/Alex/.appium/appium-xcuitest-driver/node_modules/appium-xcuitest-driver/lib/commands/find.js:130:11)\n    at runMicrotasks (<anonymous>)\n    at processTicksAndRejections (internal/process/task_queues.js:95:5)\n    at XCUITestDriver.findNativeElementOrElements (/Users/Alex/.appium/appium-xcuitest-driver/node_modules/appium-xcuitest-driver/lib/commands/find.js:90:10)\n    at XCUITestDriver.findElOrEls (/Users/Alex/.appium/appium-xcuitest-driver/node_modules/appium-xcuitest-driver/lib/commands/find.js:23:12)\n    at XCUITestDriver.findElOrElsWithProcessing (/Users/Alex/.appium/appium-xcuitest-driver/node_modules/appium-base-driver/lib/basedriver/commands/find.js:33:12)\n    at XCUITestDriver.findElement (/Users/Alex/.appium/appium-xcuitest-driver/node_modules/appium-base-driver/lib/basedriver/commands/find.js:53:10)",
  "statusTrace" : "appdriver = <appium.webdriver.webdriver.WebDriver (session=\"dace58cc-b262-4287-9068-07edae47e151\")>\n\n    @allure.title('Ex5: Testing Sing Up')\n    def test_authorization_wia_deeplink(appdriver):\n        OnboardScreen(appdriver).give_allow_bluetooth()\n        OnboardScreen(appdriver).press_skip_button()\n>       OnboardScreen(appdriver).press_register_button()\n\ntests/test_functional.py:91: \n_ _ _ _ _ _ _ _ _ _ _ _ _ _ _ _ _ _ _ _ _ _ _ _ _ _ _ _ _ _ _ _ _ _ _ _ _ _ _ _ _ _ _ _ _ _ _ _ _ _ _ _ _ _ _ _ _ _ _ _ _ _ _ _ _ _ _ _ _ _ _ _ _ _ _ _ _ _ _ _ _ _ _ _ _ _ _ _ _ _ _ _ _ _ _ _ _ _ _\nsrc/page_object/onboarding_screen.py:181: in press_register_button\n    super()._get_element_and_click(self._im_new_baliston)\nsrc/page_object/base_page.py:175: in _get_element_and_click\n    element = WebDriverWait(self._driver, timeout).until(\n_ _ _ _ _ _ _ _ _ _ _ _ _ _ _ _ _ _ _ _ _ _ _ _ _ _ _ _ _ _ _ _ _ _ _ _ _ _ _ _ _ _ _ _ _ _ _ _ _ _ _ _ _ _ _ _ _ _ _ _ _ _ _ _ _ _ _ _ _ _ _ _ _ _ _ _ _ _ _ _ _ _ _ _ _ _ _ _ _ _ _ _ _ _ _ _ _ _ _\n\nself = <selenium.webdriver.support.wait.WebDriverWait (session=\"dace58cc-b262-4287-9068-07edae47e151\")>, method = <function visibility_of_element_located.<locals>._predicate at 0x1109c2940>\nmessage = 'id : I’M NEW TO BALISTON'\n\n    def until(self, method, message=''):\n        \"\"\"Calls the method provided with the driver as an argument until the \\\n        return value does not evaluate to ``False``.\n    \n        :param method: callable(WebDriver)\n        :param message: optional message for :exc:`TimeoutException`\n        :returns: the result of the last call to `method`\n        :raises: :exc:`selenium.common.exceptions.TimeoutException` if timeout occurs\n        \"\"\"\n        screen = None\n        stacktrace = None\n    \n        end_time = time.time() + self._timeout\n        while True:\n            try:\n                value = method(self._driver)\n                if value:\n                    return value\n            except InvalidSelectorException as e:\n                raise e\n            except self._ignored_exceptions as exc:\n                screen = getattr(exc, 'screen', None)\n                stacktrace = getattr(exc, 'stacktrace', None)\n            time.sleep(self._poll)\n            if time.time() > end_time:\n                break\n>       raise TimeoutException(message, screen, stacktrace)\nE       selenium.common.exceptions.TimeoutException: Message: id : I’M NEW TO BALISTON\nE       Stacktrace:\nE       NoSuchElementError: An element could not be located on the page using the given search parameters.\nE           at XCUITestDriver.doNativeFind (/Users/Alex/.appium/appium-xcuitest-driver/node_modules/appium-xcuitest-driver/lib/commands/find.js:130:11)\nE           at runMicrotasks (<anonymous>)\nE           at processTicksAndRejections (internal/process/task_queues.js:95:5)\nE           at XCUITestDriver.findNativeElementOrElements (/Users/Alex/.appium/appium-xcuitest-driver/node_modules/appium-xcuitest-driver/lib/commands/find.js:90:10)\nE           at XCUITestDriver.findElOrEls (/Users/Alex/.appium/appium-xcuitest-driver/node_modules/appium-xcuitest-driver/lib/commands/find.js:23:12)\nE           at XCUITestDriver.findElOrElsWithProcessing (/Users/Alex/.appium/appium-xcuitest-driver/node_modules/appium-base-driver/lib/basedriver/commands/find.js:33:12)\nE           at XCUITestDriver.findElement (/Users/Alex/.appium/appium-xcuitest-driver/node_modules/appium-base-driver/lib/basedriver/commands/find.js:53:10)\n\n../running-test/venv/lib/python3.9/site-packages/selenium/webdriver/support/wait.py:89: TimeoutException",
  "flaky" : false,
  "newFailed" : false,
  "newBroken" : false,
  "newPassed" : false,
  "retriesCount" : 0,
  "retriesStatusChange" : false,
  "beforeStages" : [ {
    "name" : "appdriver",
    "time" : {
      "start" : 1643284348672,
      "stop" : 1643284355267,
      "duration" : 6595
    },
    "status" : "passed",
    "steps" : [ ],
    "attachments" : [ ],
    "parameters" : [ ],
    "stepsCount" : 0,
    "attachmentsCount" : 0,
    "shouldDisplayMessage" : false,
    "hasContent" : false
  }, {
    "name" : "run_around_tests",
    "time" : {
      "start" : 1643284355267,
      "stop" : 1643284355268,
      "duration" : 1
    },
    "status" : "passed",
    "steps" : [ ],
    "attachments" : [ ],
    "parameters" : [ ],
    "stepsCount" : 0,
    "attachmentsCount" : 0,
    "shouldDisplayMessage" : false,
    "hasContent" : false
  }, {
    "name" : "appdriver",
    "time" : {
      "start" : 1643284401329,
      "stop" : 1643284408162,
      "duration" : 6833
    },
    "status" : "passed",
    "steps" : [ ],
    "attachments" : [ ],
    "parameters" : [ ],
    "stepsCount" : 0,
    "attachmentsCount" : 0,
    "shouldDisplayMessage" : false,
    "hasContent" : false
  } ],
  "testStage" : {
    "status" : "broken",
    "statusMessage" : "selenium.common.exceptions.TimeoutException: Message: id : I’M NEW TO BALISTON\nStacktrace:\nNoSuchElementError: An element could not be located on the page using the given search parameters.\n    at XCUITestDriver.doNativeFind (/Users/Alex/.appium/appium-xcuitest-driver/node_modules/appium-xcuitest-driver/lib/commands/find.js:130:11)\n    at runMicrotasks (<anonymous>)\n    at processTicksAndRejections (internal/process/task_queues.js:95:5)\n    at XCUITestDriver.findNativeElementOrElements (/Users/Alex/.appium/appium-xcuitest-driver/node_modules/appium-xcuitest-driver/lib/commands/find.js:90:10)\n    at XCUITestDriver.findElOrEls (/Users/Alex/.appium/appium-xcuitest-driver/node_modules/appium-xcuitest-driver/lib/commands/find.js:23:12)\n    at XCUITestDriver.findElOrElsWithProcessing (/Users/Alex/.appium/appium-xcuitest-driver/node_modules/appium-base-driver/lib/basedriver/commands/find.js:33:12)\n    at XCUITestDriver.findElement (/Users/Alex/.appium/appium-xcuitest-driver/node_modules/appium-base-driver/lib/basedriver/commands/find.js:53:10)",
    "statusTrace" : "appdriver = <appium.webdriver.webdriver.WebDriver (session=\"dace58cc-b262-4287-9068-07edae47e151\")>\n\n    @allure.title('Ex5: Testing Sing Up')\n    def test_authorization_wia_deeplink(appdriver):\n        OnboardScreen(appdriver).give_allow_bluetooth()\n        OnboardScreen(appdriver).press_skip_button()\n>       OnboardScreen(appdriver).press_register_button()\n\ntests/test_functional.py:91: \n_ _ _ _ _ _ _ _ _ _ _ _ _ _ _ _ _ _ _ _ _ _ _ _ _ _ _ _ _ _ _ _ _ _ _ _ _ _ _ _ _ _ _ _ _ _ _ _ _ _ _ _ _ _ _ _ _ _ _ _ _ _ _ _ _ _ _ _ _ _ _ _ _ _ _ _ _ _ _ _ _ _ _ _ _ _ _ _ _ _ _ _ _ _ _ _ _ _ _\nsrc/page_object/onboarding_screen.py:181: in press_register_button\n    super()._get_element_and_click(self._im_new_baliston)\nsrc/page_object/base_page.py:175: in _get_element_and_click\n    element = WebDriverWait(self._driver, timeout).until(\n_ _ _ _ _ _ _ _ _ _ _ _ _ _ _ _ _ _ _ _ _ _ _ _ _ _ _ _ _ _ _ _ _ _ _ _ _ _ _ _ _ _ _ _ _ _ _ _ _ _ _ _ _ _ _ _ _ _ _ _ _ _ _ _ _ _ _ _ _ _ _ _ _ _ _ _ _ _ _ _ _ _ _ _ _ _ _ _ _ _ _ _ _ _ _ _ _ _ _\n\nself = <selenium.webdriver.support.wait.WebDriverWait (session=\"dace58cc-b262-4287-9068-07edae47e151\")>, method = <function visibility_of_element_located.<locals>._predicate at 0x1109c2940>\nmessage = 'id : I’M NEW TO BALISTON'\n\n    def until(self, method, message=''):\n        \"\"\"Calls the method provided with the driver as an argument until the \\\n        return value does not evaluate to ``False``.\n    \n        :param method: callable(WebDriver)\n        :param message: optional message for :exc:`TimeoutException`\n        :returns: the result of the last call to `method`\n        :raises: :exc:`selenium.common.exceptions.TimeoutException` if timeout occurs\n        \"\"\"\n        screen = None\n        stacktrace = None\n    \n        end_time = time.time() + self._timeout\n        while True:\n            try:\n                value = method(self._driver)\n                if value:\n                    return value\n            except InvalidSelectorException as e:\n                raise e\n            except self._ignored_exceptions as exc:\n                screen = getattr(exc, 'screen', None)\n                stacktrace = getattr(exc, 'stacktrace', None)\n            time.sleep(self._poll)\n            if time.time() > end_time:\n                break\n>       raise TimeoutException(message, screen, stacktrace)\nE       selenium.common.exceptions.TimeoutException: Message: id : I’M NEW TO BALISTON\nE       Stacktrace:\nE       NoSuchElementError: An element could not be located on the page using the given search parameters.\nE           at XCUITestDriver.doNativeFind (/Users/Alex/.appium/appium-xcuitest-driver/node_modules/appium-xcuitest-driver/lib/commands/find.js:130:11)\nE           at runMicrotasks (<anonymous>)\nE           at processTicksAndRejections (internal/process/task_queues.js:95:5)\nE           at XCUITestDriver.findNativeElementOrElements (/Users/Alex/.appium/appium-xcuitest-driver/node_modules/appium-xcuitest-driver/lib/commands/find.js:90:10)\nE           at XCUITestDriver.findElOrEls (/Users/Alex/.appium/appium-xcuitest-driver/node_modules/appium-xcuitest-driver/lib/commands/find.js:23:12)\nE           at XCUITestDriver.findElOrElsWithProcessing (/Users/Alex/.appium/appium-xcuitest-driver/node_modules/appium-base-driver/lib/basedriver/commands/find.js:33:12)\nE           at XCUITestDriver.findElement (/Users/Alex/.appium/appium-xcuitest-driver/node_modules/appium-base-driver/lib/basedriver/commands/find.js:53:10)\n\n../running-test/venv/lib/python3.9/site-packages/selenium/webdriver/support/wait.py:89: TimeoutException",
    "steps" : [ {
      "name" : "Press Give Allow Bluetooth button on welcome screen",
      "time" : {
        "start" : 1643284607104,
        "stop" : 1643284611548,
        "duration" : 4444
      },
      "status" : "passed",
      "steps" : [ ],
      "attachments" : [ ],
      "parameters" : [ ],
      "stepsCount" : 0,
      "attachmentsCount" : 0,
      "shouldDisplayMessage" : false,
      "hasContent" : false
    }, {
      "name" : "Press Skip button on welcome screen",
      "time" : {
        "start" : 1643284611548,
        "stop" : 1643284615948,
        "duration" : 4400
      },
      "status" : "passed",
      "steps" : [ ],
      "attachments" : [ ],
      "parameters" : [ ],
      "stepsCount" : 0,
      "attachmentsCount" : 0,
      "shouldDisplayMessage" : false,
      "hasContent" : false
    }, {
      "name" : "Press \"Sign Up\" button on welcome screen",
      "time" : {
        "start" : 1643284615948,
        "stop" : 1643284626396,
        "duration" : 10448
      },
      "status" : "broken",
      "statusMessage" : "selenium.common.exceptions.TimeoutException: Message: id : I’M NEW TO BALISTON\nStacktrace:\nNoSuchElementError: An element could not be located on the page using the given search parameters.\n    at XCUITestDriver.doNativeFind (/Users/Alex/.appium/appium-xcuitest-driver/node_modules/appium-xcuitest-driver/lib/commands/find.js:130:11)\n    at runMicrotasks (<anonymous>)\n    at processTicksAndRejections (internal/process/task_queues.js:95:5)\n    at XCUITestDriver.findNativeElementOrElements (/Users/Alex/.appium/appium-xcuitest-driver/node_modules/appium-xcuitest-driver/lib/commands/find.js:90:10)\n    at XCUITestDriver.findElOrEls (/Users/Alex/.appium/appium-xcuitest-driver/node_modules/appium-xcuitest-driver/lib/commands/find.js:23:12)\n    at XCUITestDriver.findElOrElsWithProcessing (/Users/Alex/.appium/appium-xcuitest-driver/node_modules/appium-base-driver/lib/basedriver/commands/find.js:33:12)\n    at XCUITestDriver.findElement (/Users/Alex/.appium/appium-xcuitest-driver/node_modules/appium-base-driver/lib/basedriver/commands/find.js:53:10)\n",
      "statusTrace" : "  File \"/Users/Alex/PycharmProjects/running-test/venv/lib/python3.9/site-packages/allure_commons/_allure.py\", line 172, in impl\n    return func(*a, **kw)\n  File \"/Users/Alex/PycharmProjects/baliston-test/src/page_object/onboarding_screen.py\", line 181, in press_register_button\n    super()._get_element_and_click(self._im_new_baliston)\n  File \"/Users/Alex/PycharmProjects/baliston-test/src/page_object/base_page.py\", line 175, in _get_element_and_click\n    element = WebDriverWait(self._driver, timeout).until(\n  File \"/Users/Alex/PycharmProjects/running-test/venv/lib/python3.9/site-packages/selenium/webdriver/support/wait.py\", line 89, in until\n    raise TimeoutException(message, screen, stacktrace)\n",
      "steps" : [ ],
      "attachments" : [ ],
      "parameters" : [ ],
      "stepsCount" : 0,
      "attachmentsCount" : 0,
      "shouldDisplayMessage" : true,
      "hasContent" : true
    } ],
    "attachments" : [ {
      "uid" : "a126a2bb353938d8",
      "name" : "stdout",
      "source" : "a126a2bb353938d8.txt",
      "type" : "text/plain",
      "size" : 16
    } ],
    "parameters" : [ ],
    "stepsCount" : 3,
    "attachmentsCount" : 1,
    "shouldDisplayMessage" : true,
    "hasContent" : true
  },
  "afterStages" : [ {
    "name" : "run_around_tests::0",
    "time" : {
      "start" : 1643284626980,
      "stop" : 1643284626980,
      "duration" : 0
    },
    "status" : "passed",
    "steps" : [ ],
    "attachments" : [ ],
    "parameters" : [ ],
    "stepsCount" : 0,
    "attachmentsCount" : 0,
    "shouldDisplayMessage" : false,
    "hasContent" : false
  }, {
    "name" : "appdriver::0",
    "time" : {
      "start" : 1643284626981,
      "stop" : 1643284626994,
      "duration" : 13
    },
    "status" : "broken",
    "statusMessage" : "selenium.common.exceptions.InvalidSessionIdException: Message: A session is either terminated or not started\nStacktrace:\nNoSuchDriverError: A session is either terminated or not started\n    at asyncHandler (/usr/local/lib/node_modules/appium/node_modules/@appium/base-driver/lib/protocol/protocol.js:231:15)\n    at /usr/local/lib/node_modules/appium/node_modules/@appium/base-driver/lib/protocol/protocol.js:424:15\n    at Layer.handle [as handle_request] (/usr/local/lib/node_modules/appium/node_modules/express/lib/router/layer.js:95:5)\n    at next (/usr/local/lib/node_modules/appium/node_modules/express/lib/router/route.js:137:13)\n    at Route.dispatch (/usr/local/lib/node_modules/appium/node_modules/express/lib/router/route.js:112:3)\n    at Layer.handle [as handle_request] (/usr/local/lib/node_modules/appium/node_modules/express/lib/router/layer.js:95:5)\n    at /usr/local/lib/node_modules/appium/node_modules/express/lib/router/index.js:281:22\n    at param (/usr/local/lib/node_modules/appium/node_modules/express/lib/router/index.js:354:14)\n    at param (/usr/local/lib/node_modules/appium/node_modules/express/lib/router/index.js:365:14)\n    at Function.process_params (/usr/local/lib/node_modules/appium/node_modules/express/lib/router/index.js:410:3)\n    at next (/usr/local/lib/node_modules/appium/node_modules/express/lib/router/index.js:275:10)\n    at logger (/usr/local/lib/node_modules/appium/node_modules/morgan/index.js:144:5)\n    at Layer.handle [as handle_request] (/usr/local/lib/node_modules/appium/node_modules/express/lib/router/layer.js:95:5)\n    at trim_prefix (/usr/local/lib/node_modules/appium/node_modules/express/lib/router/index.js:317:13)\n    at /usr/local/lib/node_modules/appium/node_modules/express/lib/router/index.js:284:7\n    at Function.process_params (/usr/local/lib/node_modules/appium/node_modules/express/lib/router/index.js:335:12)\n    at next (/usr/local/lib/node_modules/appium/node_modules/express/lib/router/index.js:275:10)\n    at jsonParser (/usr/local/lib/node_modules/appium/node_modules/body-parser/lib/types/json.js:110:7)\n    at Layer.handle [as handle_request] (/usr/local/lib/node_modules/appium/node_modules/express/lib/router/layer.js:95:5)\n    at trim_prefix (/usr/local/lib/node_modules/appium/node_modules/express/lib/router/index.js:317:13)\n    at /usr/local/lib/node_modules/appium/node_modules/express/lib/router/index.js:284:7\n    at Function.process_params (/usr/local/lib/node_modules/appium/node_modules/express/lib/router/index.js:335:12)\n    at next (/usr/local/lib/node_modules/appium/node_modules/express/lib/router/index.js:275:10)\n    at Layer.handle [as handle_request] (/usr/local/lib/node_modules/appium/node_modules/express/lib/router/layer.js:91:12)\n    at trim_prefix (/usr/local/lib/node_modules/appium/node_modules/express/lib/router/index.js:317:13)\n    at /usr/local/lib/node_modules/appium/node_modules/express/lib/router/index.js:284:7\n    at Function.process_params (/usr/local/lib/node_modules/appium/node_modules/express/lib/router/index.js:335:12)\n    at next (/usr/local/lib/node_modules/appium/node_modules/express/lib/router/index.js:275:10)\n    at methodOverride (/usr/local/lib/node_modules/appium/node_modules/method-override/index.js:65:14)\n    at Layer.handle [as handle_request] (/usr/local/lib/node_modules/appium/node_modules/express/lib/router/layer.js:95:5)\n    at trim_prefix (/usr/local/lib/node_modules/appium/node_modules/express/lib/router/index.js:317:13)\n    at /usr/local/lib/node_modules/appium/node_modules/express/lib/router/index.js:284:7\n    at Function.process_params (/usr/local/lib/node_modules/appium/node_modules/express/lib/router/index.js:335:12)\n    at next (/usr/local/lib/node_modules/appium/node_modules/express/lib/router/index.js:275:10)\n",
    "statusTrace" : "  File \"/Users/Alex/PycharmProjects/running-test/venv/lib/python3.9/site-packages/allure_commons/_allure.py\", line 200, in __call__\n    return self._fixture_function(*args, **kwargs)\n  File \"/Users/Alex/PycharmProjects/running-test/venv/lib/python3.9/site-packages/_pytest/fixtures.py\", line 941, in _teardown_yield_fixture\n    next(it)\n  File \"/Users/Alex/PycharmProjects/baliston-test/conftest.py\", line 37, in appdriver\n    save_screenshot(driver)\n  File \"/Users/Alex/PycharmProjects/baliston-test/conftest.py\", line 107, in save_screenshot\n    appdriver.get_screenshot_as_png(),\n  File \"/Users/Alex/PycharmProjects/running-test/venv/lib/python3.9/site-packages/selenium/webdriver/remote/webdriver.py\", line 1347, in get_screenshot_as_png\n    return b64decode(self.get_screenshot_as_base64().encode('ascii'))\n  File \"/Users/Alex/PycharmProjects/running-test/venv/lib/python3.9/site-packages/selenium/webdriver/remote/webdriver.py\", line 1359, in get_screenshot_as_base64\n    return self.execute(Command.SCREENSHOT)['value']\n  File \"/Users/Alex/PycharmProjects/running-test/venv/lib/python3.9/site-packages/selenium/webdriver/remote/webdriver.py\", line 418, in execute\n    self.error_handler.check_response(response)\n  File \"/Users/Alex/PycharmProjects/running-test/venv/lib/python3.9/site-packages/appium/webdriver/errorhandler.py\", line 31, in check_response\n    raise wde\n  File \"/Users/Alex/PycharmProjects/running-test/venv/lib/python3.9/site-packages/appium/webdriver/errorhandler.py\", line 26, in check_response\n    super().check_response(response)\n  File \"/Users/Alex/PycharmProjects/running-test/venv/lib/python3.9/site-packages/selenium/webdriver/remote/errorhandler.py\", line 243, in check_response\n    raise exception_class(message, screen, stacktrace)\n",
    "steps" : [ ],
    "attachments" : [ ],
    "parameters" : [ ],
    "stepsCount" : 0,
    "attachmentsCount" : 0,
    "shouldDisplayMessage" : true,
    "hasContent" : true
  }, {
    "name" : "appdriver::0",
    "time" : {
      "start" : 1643284626995,
      "stop" : 1643284627145,
      "duration" : 150
    },
    "status" : "passed",
    "steps" : [ ],
    "attachments" : [ {
      "uid" : "92f08570b96c0412",
      "name" : "screenshot",
      "source" : "92f08570b96c0412.png",
      "type" : "image/png",
      "size" : 34432
    } ],
    "parameters" : [ ],
    "stepsCount" : 0,
    "attachmentsCount" : 1,
    "shouldDisplayMessage" : false,
    "hasContent" : true
  } ],
  "labels" : [ {
    "name" : "parentSuite",
    "value" : "tests"
  }, {
    "name" : "suite",
    "value" : "test_functional"
  }, {
    "name" : "host",
    "value" : "MacBooks-MacBook-Pro.local"
  }, {
    "name" : "thread",
    "value" : "21339-MainThread"
  }, {
    "name" : "framework",
    "value" : "pytest"
  }, {
    "name" : "language",
    "value" : "cpython3"
  }, {
    "name" : "package",
    "value" : "tests.test_functional"
  }, {
    "name" : "resultFormat",
    "value" : "allure2"
  } ],
  "parameters" : [ ],
  "links" : [ ],
  "hidden" : true,
  "retry" : true,
  "extra" : {
    "categories" : [ ],
    "tags" : [ ]
  },
  "source" : "1cc37545b9febefe.json",
  "parameterValues" : [ ]
}