{
  "uid" : "1dfcc477275ac2ea",
  "name" : "Ex3: Testing notification settings on Settings screen",
  "fullName" : "tests.test_profile#test_notification_settings",
  "historyId" : "8a45008dd08844b2a4d0010f06f76696",
  "time" : {
    "start" : 1643286740720,
    "stop" : 1643286745617,
    "duration" : 4897
  },
  "status" : "passed",
  "flaky" : false,
  "newFailed" : false,
  "newBroken" : false,
  "newPassed" : false,
  "retriesCount" : 9,
  "retriesStatusChange" : true,
  "beforeStages" : [ {
    "name" : "appdriver",
    "time" : {
      "start" : 1643286567226,
      "stop" : 1643286573499,
      "duration" : 6273
    },
    "status" : "passed",
    "steps" : [ ],
    "attachments" : [ ],
    "parameters" : [ ],
    "stepsCount" : 0,
    "attachmentsCount" : 0,
    "shouldDisplayMessage" : false,
    "hasContent" : false
  }, {
    "name" : "run_around_tests",
    "time" : {
      "start" : 1643286573499,
      "stop" : 1643286573499,
      "duration" : 0
    },
    "status" : "passed",
    "steps" : [ ],
    "attachments" : [ ],
    "parameters" : [ ],
    "stepsCount" : 0,
    "attachmentsCount" : 0,
    "shouldDisplayMessage" : false,
    "hasContent" : false
  }, {
    "name" : "set_up",
    "time" : {
      "start" : 1643286736062,
      "stop" : 1643286740719,
      "duration" : 4657
    },
    "status" : "passed",
    "steps" : [ ],
    "attachments" : [ ],
    "parameters" : [ ],
    "stepsCount" : 0,
    "attachmentsCount" : 0,
    "shouldDisplayMessage" : false,
    "hasContent" : false
  } ],
  "testStage" : {
    "status" : "passed",
    "steps" : [ {
      "name" : "Press \"Profile\" button on Main screen",
      "time" : {
        "start" : 1643286740720,
        "stop" : 1643286741816,
        "duration" : 1096
      },
      "status" : "passed",
      "steps" : [ ],
      "attachments" : [ ],
      "parameters" : [ ],
      "stepsCount" : 0,
      "attachmentsCount" : 0,
      "shouldDisplayMessage" : false,
      "hasContent" : false
    }, {
      "name" : "User open \"Settings\" screen on PROFILE screen",
      "time" : {
        "start" : 1643286741816,
        "stop" : 1643286742593,
        "duration" : 777
      },
      "status" : "passed",
      "steps" : [ ],
      "attachments" : [ ],
      "parameters" : [ ],
      "stepsCount" : 0,
      "attachmentsCount" : 0,
      "shouldDisplayMessage" : false,
      "hasContent" : false
    }, {
      "name" : "Open notification settings",
      "time" : {
        "start" : 1643286742593,
        "stop" : 1643286743348,
        "duration" : 755
      },
      "status" : "passed",
      "steps" : [ ],
      "attachments" : [ ],
      "parameters" : [ ],
      "stepsCount" : 0,
      "attachmentsCount" : 0,
      "shouldDisplayMessage" : false,
      "hasContent" : false
    }, {
      "name" : "Check notification settings at system settings",
      "time" : {
        "start" : 1643286743348,
        "stop" : 1643286745617,
        "duration" : 2269
      },
      "status" : "passed",
      "steps" : [ ],
      "attachments" : [ ],
      "parameters" : [ ],
      "stepsCount" : 0,
      "attachmentsCount" : 0,
      "shouldDisplayMessage" : false,
      "hasContent" : false
    } ],
    "attachments" : [ {
      "uid" : "7749c6b272191c13",
      "name" : "stdout",
      "source" : "7749c6b272191c13.txt",
      "type" : "text/plain",
      "size" : 14
    }, {
      "uid" : "b25fe7dc143c3f10",
      "name" : "stderr",
      "source" : "b25fe7dc143c3f10.txt",
      "type" : "text/plain",
      "size" : 81
    } ],
    "parameters" : [ ],
    "stepsCount" : 4,
    "attachmentsCount" : 2,
    "shouldDisplayMessage" : false,
    "hasContent" : true
  },
  "afterStages" : [ {
    "name" : "run_around_tests::0",
    "time" : {
      "start" : 1643286760795,
      "stop" : 1643286760795,
      "duration" : 0
    },
    "status" : "passed",
    "steps" : [ ],
    "attachments" : [ ],
    "parameters" : [ ],
    "stepsCount" : 0,
    "attachmentsCount" : 0,
    "shouldDisplayMessage" : false,
    "hasContent" : false
  }, {
    "name" : "appdriver::0",
    "time" : {
      "start" : 1643286760796,
      "stop" : 1643286761921,
      "duration" : 1125
    },
    "status" : "passed",
    "steps" : [ ],
    "attachments" : [ {
      "uid" : "45d60ea9164dbf2c",
      "name" : "screenshot",
      "source" : "45d60ea9164dbf2c.png",
      "type" : "image/png",
      "size" : 285418
    } ],
    "parameters" : [ ],
    "stepsCount" : 0,
    "attachmentsCount" : 1,
    "shouldDisplayMessage" : false,
    "hasContent" : true
  } ],
  "labels" : [ {
    "name" : "parentSuite",
    "value" : "tests"
  }, {
    "name" : "suite",
    "value" : "test_profile"
  }, {
    "name" : "host",
    "value" : "MacBooks-MacBook-Pro.local"
  }, {
    "name" : "thread",
    "value" : "23864-MainThread"
  }, {
    "name" : "framework",
    "value" : "pytest"
  }, {
    "name" : "language",
    "value" : "cpython3"
  }, {
    "name" : "package",
    "value" : "tests.test_profile"
  }, {
    "name" : "resultFormat",
    "value" : "allure2"
  } ],
  "parameters" : [ ],
  "links" : [ ],
  "hidden" : false,
  "retry" : false,
  "extra" : {
    "severity" : "normal",
    "retries" : [ {
      "uid" : "609ff49e1ab9419",
      "status" : "broken",
      "statusDetails" : "selenium.common.exceptions.StaleElementReferenceException: Message: The previously found element \"\"Notifications\" StaticText\" is not present in the current view anymore. Make sure the application UI has the expected state. Original error: Error getting main window kAXErrorServerNotFound\nStacktrace:\nStaleElementReferenceError: The previously found element \"\"Notifications\" StaticText\" is not present in the current view anymore. Make sure the application UI has the expected state. Original error: Error getting main window kAXErrorServerNotFound\n    at errorFromW3CJsonCode (/Users/Alex/.appium/appium-xcuitest-driver/node_modules/appium-base-driver/lib/protocol/errors.js:780:25)\n    at ProxyRequestError.getActualError (/Users/Alex/.appium/appium-xcuitest-driver/node_modules/appium-base-driver/lib/protocol/errors.js:663:14)\n    at asyncHandler (/usr/local/lib/node_modules/appium/node_modules/@appium/base-driver/lib/protocol/protocol.js:374:25)",
      "time" : {
        "start" : 1643286058977,
        "stop" : 1643286067736,
        "duration" : 8759
      }
    }, {
      "uid" : "394e61c6871db717",
      "status" : "broken",
      "statusDetails" : "selenium.common.exceptions.InvalidSessionIdException: Message: A session is either terminated or not started\nStacktrace:\nNoSuchDriverError: A session is either terminated or not started\n    at asyncHandler (/usr/local/lib/node_modules/appium/node_modules/@appium/base-driver/lib/protocol/protocol.js:231:15)\n    at /usr/local/lib/node_modules/appium/node_modules/@appium/base-driver/lib/protocol/protocol.js:424:15\n    at Layer.handle [as handle_request] (/usr/local/lib/node_modules/appium/node_modules/express/lib/router/layer.js:95:5)\n    at next (/usr/local/lib/node_modules/appium/node_modules/express/lib/router/route.js:137:13)\n    at Route.dispatch (/usr/local/lib/node_modules/appium/node_modules/express/lib/router/route.js:112:3)\n    at Layer.handle [as handle_request] (/usr/local/lib/node_modules/appium/node_modules/express/lib/router/layer.js:95:5)\n    at /usr/local/lib/node_modules/appium/node_modules/express/lib/router/index.js:281:22\n    at param (/usr/local/lib/node_modules/appium/node_modules/express/lib/router/index.js:354:14)\n    at param (/usr/local/lib/node_modules/appium/node_modules/express/lib/router/index.js:365:14)\n    at Function.process_params (/usr/local/lib/node_modules/appium/node_modules/express/lib/router/index.js:410:3)\n    at next (/usr/local/lib/node_modules/appium/node_modules/express/lib/router/index.js:275:10)\n    at logger (/usr/local/lib/node_modules/appium/node_modules/morgan/index.js:144:5)\n    at Layer.handle [as handle_request] (/usr/local/lib/node_modules/appium/node_modules/express/lib/router/layer.js:95:5)\n    at trim_prefix (/usr/local/lib/node_modules/appium/node_modules/express/lib/router/index.js:317:13)\n    at /usr/local/lib/node_modules/appium/node_modules/express/lib/router/index.js:284:7\n    at Function.process_params (/usr/local/lib/node_modules/appium/node_modules/express/lib/router/index.js:335:12)\n    at next (/usr/local/lib/node_modules/appium/node_modules/express/lib/router/index.js:275:10)\n    at /usr/local/lib/node_modules/appium/node_modules/body-parser/lib/read.js:130:5\n    at invokeCallback (/usr/local/lib/node_modules/appium/node_modules/raw-body/index.js:224:16)\n    at done (/usr/local/lib/node_modules/appium/node_modules/raw-body/index.js:213:7)\n    at IncomingMessage.onEnd (/usr/local/lib/node_modules/appium/node_modules/raw-body/index.js:273:7)\n    at IncomingMessage.emit (events.js:412:35)\n    at endReadableNT (internal/streams/readable.js:1334:12)\n    at processTicksAndRejections (internal/process/task_queues.js:82:21)",
      "time" : {
        "start" : 1643284936076,
        "stop" : 1643284936076,
        "duration" : 0
      }
    }, {
      "uid" : "2ee6f9023435899e",
      "status" : "broken",
      "statusDetails" : "selenium.common.exceptions.InvalidSessionIdException: Message: A session is either terminated or not started\nStacktrace:\nNoSuchDriverError: A session is either terminated or not started\n    at asyncHandler (/usr/local/lib/node_modules/appium/node_modules/@appium/base-driver/lib/protocol/protocol.js:231:15)\n    at /usr/local/lib/node_modules/appium/node_modules/@appium/base-driver/lib/protocol/protocol.js:424:15\n    at Layer.handle [as handle_request] (/usr/local/lib/node_modules/appium/node_modules/express/lib/router/layer.js:95:5)\n    at next (/usr/local/lib/node_modules/appium/node_modules/express/lib/router/route.js:137:13)\n    at Route.dispatch (/usr/local/lib/node_modules/appium/node_modules/express/lib/router/route.js:112:3)\n    at Layer.handle [as handle_request] (/usr/local/lib/node_modules/appium/node_modules/express/lib/router/layer.js:95:5)\n    at /usr/local/lib/node_modules/appium/node_modules/express/lib/router/index.js:281:22\n    at param (/usr/local/lib/node_modules/appium/node_modules/express/lib/router/index.js:354:14)\n    at param (/usr/local/lib/node_modules/appium/node_modules/express/lib/router/index.js:365:14)\n    at Function.process_params (/usr/local/lib/node_modules/appium/node_modules/express/lib/router/index.js:410:3)\n    at next (/usr/local/lib/node_modules/appium/node_modules/express/lib/router/index.js:275:10)\n    at logger (/usr/local/lib/node_modules/appium/node_modules/morgan/index.js:144:5)\n    at Layer.handle [as handle_request] (/usr/local/lib/node_modules/appium/node_modules/express/lib/router/layer.js:95:5)\n    at trim_prefix (/usr/local/lib/node_modules/appium/node_modules/express/lib/router/index.js:317:13)\n    at /usr/local/lib/node_modules/appium/node_modules/express/lib/router/index.js:284:7\n    at Function.process_params (/usr/local/lib/node_modules/appium/node_modules/express/lib/router/index.js:335:12)\n    at next (/usr/local/lib/node_modules/appium/node_modules/express/lib/router/index.js:275:10)\n    at /usr/local/lib/node_modules/appium/node_modules/body-parser/lib/read.js:130:5\n    at invokeCallback (/usr/local/lib/node_modules/appium/node_modules/raw-body/index.js:224:16)\n    at done (/usr/local/lib/node_modules/appium/node_modules/raw-body/index.js:213:7)\n    at IncomingMessage.onEnd (/usr/local/lib/node_modules/appium/node_modules/raw-body/index.js:273:7)\n    at IncomingMessage.emit (events.js:412:35)\n    at endReadableNT (internal/streams/readable.js:1334:12)\n    at processTicksAndRejections (internal/process/task_queues.js:82:21)",
      "time" : {
        "start" : 1643284626826,
        "stop" : 1643284626826,
        "duration" : 0
      }
    }, {
      "uid" : "6b2688267f707d56",
      "status" : "broken",
      "statusDetails" : "selenium.common.exceptions.StaleElementReferenceException: Message: The previously found element \"\"Notifications\" StaticText\" is not present in the current view anymore. Make sure the application UI has the expected state. Original error: Error getting main window kAXErrorServerNotFound\nStacktrace:\nStaleElementReferenceError: The previously found element \"\"Notifications\" StaticText\" is not present in the current view anymore. Make sure the application UI has the expected state. Original error: Error getting main window kAXErrorServerNotFound\n    at errorFromW3CJsonCode (/Users/Alex/.appium/appium-xcuitest-driver/node_modules/appium-base-driver/lib/protocol/errors.js:780:25)\n    at ProxyRequestError.getActualError (/Users/Alex/.appium/appium-xcuitest-driver/node_modules/appium-base-driver/lib/protocol/errors.js:663:14)\n    at asyncHandler (/usr/local/lib/node_modules/appium/node_modules/@appium/base-driver/lib/protocol/protocol.js:374:25)",
      "time" : {
        "start" : 1643209107231,
        "stop" : 1643209114132,
        "duration" : 6901
      }
    }, {
      "uid" : "e28d10c1ec0451ea",
      "status" : "passed",
      "time" : {
        "start" : 1643045981677,
        "stop" : 1643045986929,
        "duration" : 5252
      }
    }, {
      "uid" : "acdc76dde0c45ccf",
      "status" : "passed",
      "time" : {
        "start" : 1643045711623,
        "stop" : 1643045716656,
        "duration" : 5033
      }
    }, {
      "uid" : "e7c779436fddcd21",
      "status" : "passed",
      "time" : {
        "start" : 1643045164814,
        "stop" : 1643045170609,
        "duration" : 5795
      }
    }, {
      "uid" : "8f742f65827b5263",
      "status" : "passed",
      "time" : {
        "start" : 1643044645514,
        "stop" : 1643044653211,
        "duration" : 7697
      }
    }, {
      "uid" : "6d231741477310c",
      "status" : "broken",
      "statusDetails" : "selenium.common.exceptions.InvalidSessionIdException: Message: A session is either terminated or not started\nStacktrace:\nNoSuchDriverError: A session is either terminated or not started\n    at asyncHandler (/usr/local/lib/node_modules/appium/node_modules/@appium/base-driver/lib/protocol/protocol.js:231:15)\n    at /usr/local/lib/node_modules/appium/node_modules/@appium/base-driver/lib/protocol/protocol.js:424:15\n    at Layer.handle [as handle_request] (/usr/local/lib/node_modules/appium/node_modules/express/lib/router/layer.js:95:5)\n    at next (/usr/local/lib/node_modules/appium/node_modules/express/lib/router/route.js:137:13)\n    at Route.dispatch (/usr/local/lib/node_modules/appium/node_modules/express/lib/router/route.js:112:3)\n    at Layer.handle [as handle_request] (/usr/local/lib/node_modules/appium/node_modules/express/lib/router/layer.js:95:5)\n    at /usr/local/lib/node_modules/appium/node_modules/express/lib/router/index.js:281:22\n    at param (/usr/local/lib/node_modules/appium/node_modules/express/lib/router/index.js:354:14)\n    at param (/usr/local/lib/node_modules/appium/node_modules/express/lib/router/index.js:365:14)\n    at Function.process_params (/usr/local/lib/node_modules/appium/node_modules/express/lib/router/index.js:410:3)\n    at next (/usr/local/lib/node_modules/appium/node_modules/express/lib/router/index.js:275:10)\n    at logger (/usr/local/lib/node_modules/appium/node_modules/morgan/index.js:144:5)\n    at Layer.handle [as handle_request] (/usr/local/lib/node_modules/appium/node_modules/express/lib/router/layer.js:95:5)\n    at trim_prefix (/usr/local/lib/node_modules/appium/node_modules/express/lib/router/index.js:317:13)\n    at /usr/local/lib/node_modules/appium/node_modules/express/lib/router/index.js:284:7\n    at Function.process_params (/usr/local/lib/node_modules/appium/node_modules/express/lib/router/index.js:335:12)\n    at next (/usr/local/lib/node_modules/appium/node_modules/express/lib/router/index.js:275:10)\n    at /usr/local/lib/node_modules/appium/node_modules/body-parser/lib/read.js:130:5\n    at invokeCallback (/usr/local/lib/node_modules/appium/node_modules/raw-body/index.js:224:16)\n    at done (/usr/local/lib/node_modules/appium/node_modules/raw-body/index.js:213:7)\n    at IncomingMessage.onEnd (/usr/local/lib/node_modules/appium/node_modules/raw-body/index.js:273:7)\n    at IncomingMessage.emit (events.js:412:35)\n    at endReadableNT (internal/streams/readable.js:1334:12)\n    at processTicksAndRejections (internal/process/task_queues.js:82:21)",
      "time" : {
        "start" : 1643043992109,
        "stop" : 1643043992109,
        "duration" : 0
      }
    } ],
    "categories" : [ ],
    "tags" : [ ]
  },
  "source" : "1dfcc477275ac2ea.json",
  "parameterValues" : [ ]
}