{
  "uid" : "1ff7d8fa1a848682",
  "name" : "Ex2: Testing Sing Up with temporary email until fake paring",
  "fullName" : "tests.test_onboard#test_smoke_sing_up_simulator",
  "historyId" : "3300b15a2b27f9234b552bfee71a6c4e",
  "time" : {
    "start" : 1643046470642,
    "stop" : 1643046598242,
    "duration" : 127600
  },
  "status" : "broken",
  "statusMessage" : "selenium.common.exceptions.StaleElementReferenceException: Message: The previously found element \"\"OK\" Button\" is not present in the current view anymore. Make sure the application UI has the expected state. Original error: No matches found for Elements matching predicate 'wdName == \"OK\" AND (1 == 1 OR identifier == 0 OR frame == 0 OR value == 0 OR title == 0 OR label == 0 OR elementType == 0 OR enabled == 0 OR placeholderValue == 0 OR selected == 0)' from input {(\n    Window, {{0.0, 0.0}, {414.0, 896.0}},\n    Window, {{0.0, 0.0}, {414.0, 896.0}},\n    Window, {{0.0, 0.0}, {828.0, 1792.0}},\n    Window, {{0.0, 0.0}, {828.0, 1792.0}},\n    Window, {{0.0, 0.0}, {414.0, 896.0}}, identifier: 'SBSwitcherWindow',\n    Window, {{0.0, 0.0}, {414.0, 896.0}},\n    Window, {{0.0, 0.0}, {414.0, 896.0}},\n    Window, {{0.0, 0.0}, {414.0, 896.0}},\n    Window, {{0.0, 0.0}, {414.0, 896.0}},\n    Other, {{0.0, 0.0}, {414.0, 896.0}},\n    Other, {{0.0, 0.0}, {414.0, 896.0}},\n    Other, {{0.0, 0.0}, {414.0, 896.0}},\n    Other, {{0.0, 0.0}, {828.0, 1792.0}},\n    Other, {{0.0, 0.0}, {828.0, 1792.0}},\n    Other, {{0.0, 0.0}, {414.0, 896.0}},\n    StatusBar, {{0.0, 0.0}, {414.0, 48.0}},\n    Other, {{0.0, 0.0}, {414.0, 896.0}},\n    Other, {{0.0, 0.0}, {414.0, 896.0}},\n    Other, {{0.0, 0.0}, {414.0, 896.0}},\n    Other, {{0.0, 0.0}, {414.0, 896.0}},\n    Other, {{0.0, 0.0}, {828.0, 1792.0}},\n    Other, {{0.0, 0.0}, {828.0, 1792.0}},\n    Other, {{0.0, 0.0}, {414.0, 896.0}},\n    Other, {{0.0, 0.0}, {414.0, 896.0}},\n    Other, {{0.0, 896.0}, {414.0, 243.0}},\n    Other, {{0.0, 0.0}, {414.0, 896.0}},\n    Other, {{0.0, 0.0}, {828.0, 1792.0}},\n    Other, {{0.0, 0.0}, {414.0, 896.0}},\n    Other, {{0.0, 0.0}, {414.0, 896.0}},\n    Other, {{0.0, 0.0}, {828.0, 1792.0}},\n    Other, {{0.0, 0.0}, {414.0, 896.0}},\n    Other, {{0.0, 0.0}, {828.0, 1792.0}},\n    Other, {{0.0, 0.0}, {828.0, 1792.0}},\n    Other, {{0.0, 0.0}, {828.0, 1792.0}},\n    Other, {{0.0, 0.0}, {828.0, 1792.0}},\n    Other, {{0.0, 0.0}, {828.0, 1792.0}},\n    Other, {{0.0, 0.0}, {828.0, 1792.0}},\n    Other, {{0.0, 0.0}, {828.0, 1792.0}},\n    Other, {{0.0, 0.0}, {828.0, 1792.0}},\n    ScrollView, {{0.0, 0.0}, {414.0, 896.0}},\n    Other, {{0.0, 0.0}, {414.0, 896.0}}, identifier: 'AppSwitcherContentView',\n    Other, {{0.0, 0.0}, {414.0, 896.0}},\n    Other, {{0.0, 0.0}, {414.0, 896.0}}, identifier: 'card:com.zhortech.baliston.dev:sceneID:com.zhortech.baliston.dev-AF2D8FA5-BD74-48F3-B07E-91FF99672F33',\n    Other, {{0.0, 0.0}, {414.0, 896.0}},\n    Other, {{0.0, 0.0}, {414.0, 896.0}},\n    Other, {{0.0, 0.0}, {414.0, 896.0}},\n    Other, {{0.0, 0.0}, {414.0, 896.0}},\n    Other, {{0.0, 0.0}, {414.0, 896.0}},\n    ScrollView, {{0.0, -448.0}, {414.0, 1344.0}},\n    Other, {{0.0, 0.0}, {414.0, 896.0}},\n    Other, {{0.0, 0.0}, {414.0, 896.0}},\n    Other, {{0.0, 0.0}, {414.0, 896.0}},\n    Other, {{0.0, 0.0}, {414.0, 896.0}},\n    Other, {{0.0, 0.0}, {414.0, 896.0}}, identifier: 'Home Grabber',\n    Other, {{0.0, 0.0}, {414.0, 896.0}},\n    Other, {{0.0, 0.0}, {414.0, 896.0}},\n    Other, {{0.0, 0.0}, {414.0, 896.0}},\n    Other, {{133.0, 883.0}, {148.0, 5.0}},\n    Other, {{0.0, 0.0}, {414.0, 896.0}},\n    Other, {{0.0, 0.0}, {414.0, 896.0}},\n    Other, {{0.0, 0.0}, {414.0, 896.0}},\n    Other, {{0.0, 0.0}, {414.0, 896.0}},\n    Other, {{0.0, 0.0}, {414.0, 896.0}},\n    Other, {{0.0, 0.0}, {414.0, 896.0}},\n    Other, {{0.0, 0.0}, {414.0, 896.0}},\n    Other, {{0.0, 0.0}, {414.0, 896.0}},\n    Other, {{0.0, 0.0}, {414.0, 896.0}},\n    StatusBar, {{0.0, 0.0}, {414.0, 48.0}},\n    Other, {{0.0, 0.0}, {414.0, 48.0}},\n    Other, {{0.0, 0.0}, {414.0, 48.0}},\n    StaticText, {{29.5, 8.5}, {44.0, 19.5}}, label: '19:49',\n    Other, {{326.5, 19.0}, {18.5, 11.5}}, label: 'Mobile Data', value: No signal,\n    Other, {{349.5, 18.5}, {16.5, 12.0}}, identifier: '3 of 3 Wi-Fi bars', value: SSID, 3 of 3 Wi-Fi...,\n    Other, {{370.5, 18.5}, {26.5, 12.5}}, label: '100% battery power', value: Not charging,\n    Button, {{12.0, 31.5}, {43.5, 13.5}}, identifier: 'breadcrumb', label: 'Return to Safari'\n)}\nStacktrace:\nStaleElementReferenceError: The previously found element \"\"OK\" Button\" is not present in the current view anymore. Make sure the application UI has the expected state. Original error: No matches found for Elements matching predicate 'wdName == \"OK\" AND (1 == 1 OR identifier == 0 OR frame == 0 OR value == 0 OR title == 0 OR label == 0 OR elementType == 0 OR enabled == 0 OR placeholderValue == 0 OR selected == 0)' from input {(\n    Window, {{0.0, 0.0}, {414.0, 896.0}},\n    Window, {{0.0, 0.0}, {414.0, 896.0}},\n    Window, {{0.0, 0.0}, {828.0, 1792.0}},\n    Window, {{0.0, 0.0}, {828.0, 1792.0}},\n    Window, {{0.0, 0.0}, {414.0, 896.0}}, identifier: 'SBSwitcherWindow',\n    Window, {{0.0, 0.0}, {414.0, 896.0}},\n    Window, {{0.0, 0.0}, {414.0, 896.0}},\n    Window, {{0.0, 0.0}, {414.0, 896.0}},\n    Window, {{0.0, 0.0}, {414.0, 896.0}},\n    Other, {{0.0, 0.0}, {414.0, 896.0}},\n    Other, {{0.0, 0.0}, {414.0, 896.0}},\n    Other, {{0.0, 0.0}, {414.0, 896.0}},\n    Other, {{0.0, 0.0}, {828.0, 1792.0}},\n    Other, {{0.0, 0.0}, {828.0, 1792.0}},\n    Other, {{0.0, 0.0}, {414.0, 896.0}},\n    StatusBar, {{0.0, 0.0}, {414.0, 48.0}},\n    Other, {{0.0, 0.0}, {414.0, 896.0}},\n    Other, {{0.0, 0.0}, {414.0, 896.0}},\n    Other, {{0.0, 0.0}, {414.0, 896.0}},\n    Other, {{0.0, 0.0}, {414.0, 896.0}},\n    Other, {{0.0, 0.0}, {828.0, 1792.0}},\n    Other, {{0.0, 0.0}, {828.0, 1792.0}},\n    Other, {{0.0, 0.0}, {414.0, 896.0}},\n    Other, {{0.0, 0.0}, {414.0, 896.0}},\n    Other, {{0.0, 896.0}, {414.0, 243.0}},\n    Other, {{0.0, 0.0}, {414.0, 896.0}},\n    Other, {{0.0, 0.0}, {828.0, 1792.0}},\n    Other, {{0.0, 0.0}, {414.0, 896.0}},\n    Other, {{0.0, 0.0}, {414.0, 896.0}},\n    Other, {{0.0, 0.0}, {828.0, 1792.0}},\n    Other, {{0.0, 0.0}, {414.0, 896.0}},\n    Other, {{0.0, 0.0}, {828.0, 1792.0}},\n    Other, {{0.0, 0.0}, {828.0, 1792.0}},\n    Other, {{0.0, 0.0}, {828.0, 1792.0}},\n    Other, {{0.0, 0.0}, {828.0, 1792.0}},\n    Other, {{0.0, 0.0}, {828.0, 1792.0}},\n    Other, {{0.0, 0.0}, {828.0, 1792.0}},\n    Other, {{0.0, 0.0}, {828.0, 1792.0}},\n    Other, {{0.0, 0.0}, {828.0, 1792.0}},\n    ScrollView, {{0.0, 0.0}, {414.0, 896.0}},\n    Other, {{0.0, 0.0}, {414.0, 896.0}}, identifier: 'AppSwitcherContentView',\n    Other, {{0.0, 0.0}, {414.0, 896.0}},\n    Other, {{0.0, 0.0}, {414.0, 896.0}}, identifier: 'card:com.zhortech.baliston.dev:sceneID:com.zhortech.baliston.dev-AF2D8FA5-BD74-48F3-B07E-91FF99672F33',\n    Other, {{0.0, 0.0}, {414.0, 896.0}},\n    Other, {{0.0, 0.0}, {414.0, 896.0}},\n    Other, {{0.0, 0.0}, {414.0, 896.0}},\n    Other, {{0.0, 0.0}, {414.0, 896.0}},\n    Other, {{0.0, 0.0}, {414.0, 896.0}},\n    ScrollView, {{0.0, -448.0}, {414.0, 1344.0}},\n    Other, {{0.0, 0.0}, {414.0, 896.0}},\n    Other, {{0.0, 0.0}, {414.0, 896.0}},\n    Other, {{0.0, 0.0}, {414.0, 896.0}},\n    Other, {{0.0, 0.0}, {414.0, 896.0}},\n    Other, {{0.0, 0.0}, {414.0, 896.0}}, identifier: 'Home Grabber',\n    Other, {{0.0, 0.0}, {414.0, 896.0}},\n    Other, {{0.0, 0.0}, {414.0, 896.0}},\n    Other, {{0.0, 0.0}, {414.0, 896.0}},\n    Other, {{133.0, 883.0}, {148.0, 5.0}},\n    Other, {{0.0, 0.0}, {414.0, 896.0}},\n    Other, {{0.0, 0.0}, {414.0, 896.0}},\n    Other, {{0.0, 0.0}, {414.0, 896.0}},\n    Other, {{0.0, 0.0}, {414.0, 896.0}},\n    Other, {{0.0, 0.0}, {414.0, 896.0}},\n    Other, {{0.0, 0.0}, {414.0, 896.0}},\n    Other, {{0.0, 0.0}, {414.0, 896.0}},\n    Other, {{0.0, 0.0}, {414.0, 896.0}},\n    Other, {{0.0, 0.0}, {414.0, 896.0}},\n    StatusBar, {{0.0, 0.0}, {414.0, 48.0}},\n    Other, {{0.0, 0.0}, {414.0, 48.0}},\n    Other, {{0.0, 0.0}, {414.0, 48.0}},\n    StaticText, {{29.5, 8.5}, {44.0, 19.5}}, label: '19:49',\n    Other, {{326.5, 19.0}, {18.5, 11.5}}, label: 'Mobile Data', value: No signal,\n    Other, {{349.5, 18.5}, {16.5, 12.0}}, identifier: '3 of 3 Wi-Fi bars', value: SSID, 3 of 3 Wi-Fi...,\n    Other, {{370.5, 18.5}, {26.5, 12.5}}, label: '100% battery power', value: Not charging,\n    Button, {{12.0, 31.5}, {43.5, 13.5}}, identifier: 'breadcrumb', label: 'Return to Safari'\n)}\n    at errorFromW3CJsonCode (/Users/Alex/.appium/appium-xcuitest-driver/node_modules/appium-base-driver/lib/protocol/errors.js:780:25)\n    at ProxyRequestError.getActualError (/Users/Alex/.appium/appium-xcuitest-driver/node_modules/appium-base-driver/lib/protocol/errors.js:663:14)\n    at asyncHandler (/usr/local/lib/node_modules/appium/node_modules/@appium/base-driver/lib/protocol/protocol.js:374:25)",
  "statusTrace" : "appdriver = <appium.webdriver.webdriver.WebDriver (session=\"08cec2f0-c107-48e8-9a11-1ae17b4dfed7\")>\n\n    @pytest.mark.skipif(IS_ANDROID, reason='Get started test for iOS only')\n    @allure.title('Ex2: Testing Sing Up with temporary email until fake paring')\n    def test_smoke_sing_up_simulator(appdriver):\n        # clear cash before this test/ reinstall app\n        # GeneralFunctions(appdriver).clean_and_restart_app()\n        GeneralFunctions(appdriver).install_if_not_installed()\n        # # # # Set app info\n        OnboardScreen(appdriver).give_allow_bluetooth()\n        OnboardScreen(appdriver).press_skip_button()\n        OnboardScreen(appdriver).press_register_button()\n        # Sign Up\n        email = FakeMailBox().generate_temporary_mailbox_and_email()\n        SignInSignUpScreen(appdriver).click_and_clear_email_text_field(email)\n        SignInSignUpScreen(appdriver).press_create_account_button()\n        link = FakeMailBox().get_link_from_user_mail_box()\n        SignInSignUpScreen(appdriver).open_authorization_link_for_simulator(link)\n    \n        UserInfoScreen(appdriver).set_full_name(User_constant.username)\n        UserInfoScreen(appdriver).press_on_male_button()\n        GeneralFunctions(appdriver).press_next_button()\n    \n        UserInfoScreen(appdriver).set_user_height(User_constant.height)\n        UserInfoScreen(appdriver).set_user_weight(User_constant.weight)\n        UserInfoScreen(appdriver).set_user_age(User_constant.age)\n        UserInfoScreen(appdriver).set_eu_size_button(User_constant.shoesize)\n        #\n        GeneralFunctions(appdriver).press_on_continue_button()\n    \n        PairingProcessScreen(appdriver).press_allows_pop_ups()\n        PairingProcessScreen(appdriver).press_scan_qr_code()\n>       PairingProcessScreen(appdriver).do_pairing_with_modules_simulator()\n\ntests/test_onboard.py:53: \n_ _ _ _ _ _ _ _ _ _ _ _ _ _ _ _ _ _ _ _ _ _ _ _ _ _ _ _ _ _ _ _ _ _ _ _ _ _ _ _ _ _ _ _ _ _ _ _ _ _ _ _ _ _ _ _ _ _ _ _ _ _ _ _ _ _ _ _ _ _ _ _ _ _ _ _ _ _ _ _ _ _ _ _ _ _ _ _ _ _\nsrc/page_object/pairing_process_screen.py:87: in do_pairing_with_modules_simulator\n    super()._get_element_and_click(self._allow_system_camera_button)\nsrc/page_object/base_page.py:176: in _get_element_and_click\n    assert element.is_displayed() is True, 'Cannot press to the button'\n../running-test/venv/lib/python3.9/site-packages/appium/webdriver/webelement.py:79: in is_displayed\n    return self._execute(RemoteCommand.IS_ELEMENT_DISPLAYED)['value']\n../running-test/venv/lib/python3.9/site-packages/selenium/webdriver/remote/webelement.py:693: in _execute\n    return self._parent.execute(command, params)\n../running-test/venv/lib/python3.9/site-packages/selenium/webdriver/remote/webdriver.py:418: in execute\n    self.error_handler.check_response(response)\n../running-test/venv/lib/python3.9/site-packages/appium/webdriver/errorhandler.py:31: in check_response\n    raise wde\n../running-test/venv/lib/python3.9/site-packages/appium/webdriver/errorhandler.py:26: in check_response\n    super().check_response(response)\n_ _ _ _ _ _ _ _ _ _ _ _ _ _ _ _ _ _ _ _ _ _ _ _ _ _ _ _ _ _ _ _ _ _ _ _ _ _ _ _ _ _ _ _ _ _ _ _ _ _ _ _ _ _ _ _ _ _ _ _ _ _ _ _ _ _ _ _ _ _ _ _ _ _ _ _ _ _ _ _ _ _ _ _ _ _ _ _ _ _\n\nself = <appium.webdriver.errorhandler.MobileErrorHandler object at 0x1052357c0>\nresponse = {'status': 404, 'value': '{\"value\":{\"error\":\"stale element reference\",\"message\":\"The previously found element \\\\\"\\\\\"OK...asyncHandler (/usr/local/lib/node_modules/appium/node_modules/@appium/base-driver/lib/protocol/protocol.js:374:25)\"}}'}\n\n    def check_response(self, response: Dict[str, Any]) -> None:\n        \"\"\"\n        Checks that a JSON response from the WebDriver does not have an error.\n    \n        :Args:\n         - response - The JSON response from the WebDriver server as a dictionary\n           object.\n    \n        :Raises: If the response contains an error message.\n        \"\"\"\n        status = response.get('status', None)\n        if not status or status == ErrorCode.SUCCESS:\n            return\n        value = None\n        message = response.get(\"message\", \"\")\n        screen: str = response.get(\"screen\", \"\")\n        stacktrace = None\n        if isinstance(status, int):\n            value_json = response.get('value', None)\n            if value_json and isinstance(value_json, str):\n                import json\n                try:\n                    value = json.loads(value_json)\n                    if len(value.keys()) == 1:\n                        value = value['value']\n                    status = value.get('error', None)\n                    if not status:\n                        status = value.get(\"status\", ErrorCode.UNKNOWN_ERROR)\n                        message = value.get(\"value\") or value.get(\"message\")\n                        if not isinstance(message, str):\n                            value = message\n                            message = message.get('message')\n                    else:\n                        message = value.get('message', None)\n                except ValueError:\n                    pass\n    \n        exception_class: Type[WebDriverException]\n        if status in ErrorCode.NO_SUCH_ELEMENT:\n            exception_class = NoSuchElementException\n        elif status in ErrorCode.NO_SUCH_FRAME:\n            exception_class = NoSuchFrameException\n        elif status in ErrorCode.NO_SUCH_WINDOW:\n            exception_class = NoSuchWindowException\n        elif status in ErrorCode.STALE_ELEMENT_REFERENCE:\n            exception_class = StaleElementReferenceException\n        elif status in ErrorCode.ELEMENT_NOT_VISIBLE:\n            exception_class = ElementNotVisibleException\n        elif status in ErrorCode.INVALID_ELEMENT_STATE:\n            exception_class = InvalidElementStateException\n        elif status in ErrorCode.INVALID_SELECTOR \\\n                or status in ErrorCode.INVALID_XPATH_SELECTOR \\\n                or status in ErrorCode.INVALID_XPATH_SELECTOR_RETURN_TYPER:\n            exception_class = InvalidSelectorException\n        elif status in ErrorCode.ELEMENT_IS_NOT_SELECTABLE:\n            exception_class = ElementNotSelectableException\n        elif status in ErrorCode.ELEMENT_NOT_INTERACTABLE:\n            exception_class = ElementNotInteractableException\n        elif status in ErrorCode.INVALID_COOKIE_DOMAIN:\n            exception_class = InvalidCookieDomainException\n        elif status in ErrorCode.UNABLE_TO_SET_COOKIE:\n            exception_class = UnableToSetCookieException\n        elif status in ErrorCode.TIMEOUT:\n            exception_class = TimeoutException\n        elif status in ErrorCode.SCRIPT_TIMEOUT:\n            exception_class = TimeoutException\n        elif status in ErrorCode.UNKNOWN_ERROR:\n            exception_class = WebDriverException\n        elif status in ErrorCode.UNEXPECTED_ALERT_OPEN:\n            exception_class = UnexpectedAlertPresentException\n        elif status in ErrorCode.NO_ALERT_OPEN:\n            exception_class = NoAlertPresentException\n        elif status in ErrorCode.IME_NOT_AVAILABLE:\n            exception_class = ImeNotAvailableException\n        elif status in ErrorCode.IME_ENGINE_ACTIVATION_FAILED:\n            exception_class = ImeActivationFailedException\n        elif status in ErrorCode.MOVE_TARGET_OUT_OF_BOUNDS:\n            exception_class = MoveTargetOutOfBoundsException\n        elif status in ErrorCode.JAVASCRIPT_ERROR:\n            exception_class = JavascriptException\n        elif status in ErrorCode.SESSION_NOT_CREATED:\n            exception_class = SessionNotCreatedException\n        elif status in ErrorCode.INVALID_ARGUMENT:\n            exception_class = InvalidArgumentException\n        elif status in ErrorCode.NO_SUCH_COOKIE:\n            exception_class = NoSuchCookieException\n        elif status in ErrorCode.UNABLE_TO_CAPTURE_SCREEN:\n            exception_class = ScreenshotException\n        elif status in ErrorCode.ELEMENT_CLICK_INTERCEPTED:\n            exception_class = ElementClickInterceptedException\n        elif status in ErrorCode.INSECURE_CERTIFICATE:\n            exception_class = InsecureCertificateException\n        elif status in ErrorCode.INVALID_COORDINATES:\n            exception_class = InvalidCoordinatesException\n        elif status in ErrorCode.INVALID_SESSION_ID:\n            exception_class = InvalidSessionIdException\n        elif status in ErrorCode.UNKNOWN_METHOD:\n            exception_class = UnknownMethodException\n        else:\n            exception_class = WebDriverException\n        if not value:\n            value = response['value']\n        if isinstance(value, str):\n            raise exception_class(value)\n        if message == \"\" and 'message' in value:\n            message = value['message']\n    \n        screen = None  # type: ignore[assignment]\n        if 'screen' in value:\n            screen = value['screen']\n    \n        stacktrace = None\n        st_value = value.get('stackTrace') or value.get('stacktrace')\n        if st_value:\n            if isinstance(st_value, str):\n                stacktrace = st_value.split('\\n')\n            else:\n                stacktrace = []\n                try:\n                    for frame in st_value:\n                        line = self._value_or_default(frame, 'lineNumber', '')\n                        file = self._value_or_default(frame, 'fileName', '<anonymous>')\n                        if line:\n                            file = \"%s:%s\" % (file, line)\n                        meth = self._value_or_default(frame, 'methodName', '<anonymous>')\n                        if 'className' in frame:\n                            meth = \"%s.%s\" % (frame['className'], meth)\n                        msg = \"    at %s (%s)\"\n                        msg = msg % (meth, file)\n                        stacktrace.append(msg)\n                except TypeError:\n                    pass\n        if exception_class == UnexpectedAlertPresentException:\n            alert_text = None\n            if 'data' in value:\n                alert_text = value['data'].get('text')\n            elif 'alert' in value:\n                alert_text = value['alert'].get('text')\n            raise exception_class(message, screen, stacktrace, alert_text)  # type: ignore[call-arg]  # mypy is not smart enough here\n>       raise exception_class(message, screen, stacktrace)\nE       selenium.common.exceptions.StaleElementReferenceException: Message: The previously found element \"\"OK\" Button\" is not present in the current view anymore. Make sure the application UI has the expected state. Original error: No matches found for Elements matching predicate 'wdName == \"OK\" AND (1 == 1 OR identifier == 0 OR frame == 0 OR value == 0 OR title == 0 OR label == 0 OR elementType == 0 OR enabled == 0 OR placeholderValue == 0 OR selected == 0)' from input {(\nE           Window, {{0.0, 0.0}, {414.0, 896.0}},\nE           Window, {{0.0, 0.0}, {414.0, 896.0}},\nE           Window, {{0.0, 0.0}, {828.0, 1792.0}},\nE           Window, {{0.0, 0.0}, {828.0, 1792.0}},\nE           Window, {{0.0, 0.0}, {414.0, 896.0}}, identifier: 'SBSwitcherWindow',\nE           Window, {{0.0, 0.0}, {414.0, 896.0}},\nE           Window, {{0.0, 0.0}, {414.0, 896.0}},\nE           Window, {{0.0, 0.0}, {414.0, 896.0}},\nE           Window, {{0.0, 0.0}, {414.0, 896.0}},\nE           Other, {{0.0, 0.0}, {414.0, 896.0}},\nE           Other, {{0.0, 0.0}, {414.0, 896.0}},\nE           Other, {{0.0, 0.0}, {414.0, 896.0}},\nE           Other, {{0.0, 0.0}, {828.0, 1792.0}},\nE           Other, {{0.0, 0.0}, {828.0, 1792.0}},\nE           Other, {{0.0, 0.0}, {414.0, 896.0}},\nE           StatusBar, {{0.0, 0.0}, {414.0, 48.0}},\nE           Other, {{0.0, 0.0}, {414.0, 896.0}},\nE           Other, {{0.0, 0.0}, {414.0, 896.0}},\nE           Other, {{0.0, 0.0}, {414.0, 896.0}},\nE           Other, {{0.0, 0.0}, {414.0, 896.0}},\nE           Other, {{0.0, 0.0}, {828.0, 1792.0}},\nE           Other, {{0.0, 0.0}, {828.0, 1792.0}},\nE           Other, {{0.0, 0.0}, {414.0, 896.0}},\nE           Other, {{0.0, 0.0}, {414.0, 896.0}},\nE           Other, {{0.0, 896.0}, {414.0, 243.0}},\nE           Other, {{0.0, 0.0}, {414.0, 896.0}},\nE           Other, {{0.0, 0.0}, {828.0, 1792.0}},\nE           Other, {{0.0, 0.0}, {414.0, 896.0}},\nE           Other, {{0.0, 0.0}, {414.0, 896.0}},\nE           Other, {{0.0, 0.0}, {828.0, 1792.0}},\nE           Other, {{0.0, 0.0}, {414.0, 896.0}},\nE           Other, {{0.0, 0.0}, {828.0, 1792.0}},\nE           Other, {{0.0, 0.0}, {828.0, 1792.0}},\nE           Other, {{0.0, 0.0}, {828.0, 1792.0}},\nE           Other, {{0.0, 0.0}, {828.0, 1792.0}},\nE           Other, {{0.0, 0.0}, {828.0, 1792.0}},\nE           Other, {{0.0, 0.0}, {828.0, 1792.0}},\nE           Other, {{0.0, 0.0}, {828.0, 1792.0}},\nE           Other, {{0.0, 0.0}, {828.0, 1792.0}},\nE           ScrollView, {{0.0, 0.0}, {414.0, 896.0}},\nE           Other, {{0.0, 0.0}, {414.0, 896.0}}, identifier: 'AppSwitcherContentView',\nE           Other, {{0.0, 0.0}, {414.0, 896.0}},\nE           Other, {{0.0, 0.0}, {414.0, 896.0}}, identifier: 'card:com.zhortech.baliston.dev:sceneID:com.zhortech.baliston.dev-AF2D8FA5-BD74-48F3-B07E-91FF99672F33',\nE           Other, {{0.0, 0.0}, {414.0, 896.0}},\nE           Other, {{0.0, 0.0}, {414.0, 896.0}},\nE           Other, {{0.0, 0.0}, {414.0, 896.0}},\nE           Other, {{0.0, 0.0}, {414.0, 896.0}},\nE           Other, {{0.0, 0.0}, {414.0, 896.0}},\nE           ScrollView, {{0.0, -448.0}, {414.0, 1344.0}},\nE           Other, {{0.0, 0.0}, {414.0, 896.0}},\nE           Other, {{0.0, 0.0}, {414.0, 896.0}},\nE           Other, {{0.0, 0.0}, {414.0, 896.0}},\nE           Other, {{0.0, 0.0}, {414.0, 896.0}},\nE           Other, {{0.0, 0.0}, {414.0, 896.0}}, identifier: 'Home Grabber',\nE           Other, {{0.0, 0.0}, {414.0, 896.0}},\nE           Other, {{0.0, 0.0}, {414.0, 896.0}},\nE           Other, {{0.0, 0.0}, {414.0, 896.0}},\nE           Other, {{133.0, 883.0}, {148.0, 5.0}},\nE           Other, {{0.0, 0.0}, {414.0, 896.0}},\nE           Other, {{0.0, 0.0}, {414.0, 896.0}},\nE           Other, {{0.0, 0.0}, {414.0, 896.0}},\nE           Other, {{0.0, 0.0}, {414.0, 896.0}},\nE           Other, {{0.0, 0.0}, {414.0, 896.0}},\nE           Other, {{0.0, 0.0}, {414.0, 896.0}},\nE           Other, {{0.0, 0.0}, {414.0, 896.0}},\nE           Other, {{0.0, 0.0}, {414.0, 896.0}},\nE           Other, {{0.0, 0.0}, {414.0, 896.0}},\nE           StatusBar, {{0.0, 0.0}, {414.0, 48.0}},\nE           Other, {{0.0, 0.0}, {414.0, 48.0}},\nE           Other, {{0.0, 0.0}, {414.0, 48.0}},\nE           StaticText, {{29.5, 8.5}, {44.0, 19.5}}, label: '19:49',\nE           Other, {{326.5, 19.0}, {18.5, 11.5}}, label: 'Mobile Data', value: No signal,\nE           Other, {{349.5, 18.5}, {16.5, 12.0}}, identifier: '3 of 3 Wi-Fi bars', value: SSID, 3 of 3 Wi-Fi...,\nE           Other, {{370.5, 18.5}, {26.5, 12.5}}, label: '100% battery power', value: Not charging,\nE           Button, {{12.0, 31.5}, {43.5, 13.5}}, identifier: 'breadcrumb', label: 'Return to Safari'\nE       )}\nE       Stacktrace:\nE       StaleElementReferenceError: The previously found element \"\"OK\" Button\" is not present in the current view anymore. Make sure the application UI has the expected state. Original error: No matches found for Elements matching predicate 'wdName == \"OK\" AND (1 == 1 OR identifier == 0 OR frame == 0 OR value == 0 OR title == 0 OR label == 0 OR elementType == 0 OR enabled == 0 OR placeholderValue == 0 OR selected == 0)' from input {(\nE           Window, {{0.0, 0.0}, {414.0, 896.0}},\nE           Window, {{0.0, 0.0}, {414.0, 896.0}},\nE           Window, {{0.0, 0.0}, {828.0, 1792.0}},\nE           Window, {{0.0, 0.0}, {828.0, 1792.0}},\nE           Window, {{0.0, 0.0}, {414.0, 896.0}}, identifier: 'SBSwitcherWindow',\nE           Window, {{0.0, 0.0}, {414.0, 896.0}},\nE           Window, {{0.0, 0.0}, {414.0, 896.0}},\nE           Window, {{0.0, 0.0}, {414.0, 896.0}},\nE           Window, {{0.0, 0.0}, {414.0, 896.0}},\nE           Other, {{0.0, 0.0}, {414.0, 896.0}},\nE           Other, {{0.0, 0.0}, {414.0, 896.0}},\nE           Other, {{0.0, 0.0}, {414.0, 896.0}},\nE           Other, {{0.0, 0.0}, {828.0, 1792.0}},\nE           Other, {{0.0, 0.0}, {828.0, 1792.0}},\nE           Other, {{0.0, 0.0}, {414.0, 896.0}},\nE           StatusBar, {{0.0, 0.0}, {414.0, 48.0}},\nE           Other, {{0.0, 0.0}, {414.0, 896.0}},\nE           Other, {{0.0, 0.0}, {414.0, 896.0}},\nE           Other, {{0.0, 0.0}, {414.0, 896.0}},\nE           Other, {{0.0, 0.0}, {414.0, 896.0}},\nE           Other, {{0.0, 0.0}, {828.0, 1792.0}},\nE           Other, {{0.0, 0.0}, {828.0, 1792.0}},\nE           Other, {{0.0, 0.0}, {414.0, 896.0}},\nE           Other, {{0.0, 0.0}, {414.0, 896.0}},\nE           Other, {{0.0, 896.0}, {414.0, 243.0}},\nE           Other, {{0.0, 0.0}, {414.0, 896.0}},\nE           Other, {{0.0, 0.0}, {828.0, 1792.0}},\nE           Other, {{0.0, 0.0}, {414.0, 896.0}},\nE           Other, {{0.0, 0.0}, {414.0, 896.0}},\nE           Other, {{0.0, 0.0}, {828.0, 1792.0}},\nE           Other, {{0.0, 0.0}, {414.0, 896.0}},\nE           Other, {{0.0, 0.0}, {828.0, 1792.0}},\nE           Other, {{0.0, 0.0}, {828.0, 1792.0}},\nE           Other, {{0.0, 0.0}, {828.0, 1792.0}},\nE           Other, {{0.0, 0.0}, {828.0, 1792.0}},\nE           Other, {{0.0, 0.0}, {828.0, 1792.0}},\nE           Other, {{0.0, 0.0}, {828.0, 1792.0}},\nE           Other, {{0.0, 0.0}, {828.0, 1792.0}},\nE           Other, {{0.0, 0.0}, {828.0, 1792.0}},\nE           ScrollView, {{0.0, 0.0}, {414.0, 896.0}},\nE           Other, {{0.0, 0.0}, {414.0, 896.0}}, identifier: 'AppSwitcherContentView',\nE           Other, {{0.0, 0.0}, {414.0, 896.0}},\nE           Other, {{0.0, 0.0}, {414.0, 896.0}}, identifier: 'card:com.zhortech.baliston.dev:sceneID:com.zhortech.baliston.dev-AF2D8FA5-BD74-48F3-B07E-91FF99672F33',\nE           Other, {{0.0, 0.0}, {414.0, 896.0}},\nE           Other, {{0.0, 0.0}, {414.0, 896.0}},\nE           Other, {{0.0, 0.0}, {414.0, 896.0}},\nE           Other, {{0.0, 0.0}, {414.0, 896.0}},\nE           Other, {{0.0, 0.0}, {414.0, 896.0}},\nE           ScrollView, {{0.0, -448.0}, {414.0, 1344.0}},\nE           Other, {{0.0, 0.0}, {414.0, 896.0}},\nE           Other, {{0.0, 0.0}, {414.0, 896.0}},\nE           Other, {{0.0, 0.0}, {414.0, 896.0}},\nE           Other, {{0.0, 0.0}, {414.0, 896.0}},\nE           Other, {{0.0, 0.0}, {414.0, 896.0}}, identifier: 'Home Grabber',\nE           Other, {{0.0, 0.0}, {414.0, 896.0}},\nE           Other, {{0.0, 0.0}, {414.0, 896.0}},\nE           Other, {{0.0, 0.0}, {414.0, 896.0}},\nE           Other, {{133.0, 883.0}, {148.0, 5.0}},\nE           Other, {{0.0, 0.0}, {414.0, 896.0}},\nE           Other, {{0.0, 0.0}, {414.0, 896.0}},\nE           Other, {{0.0, 0.0}, {414.0, 896.0}},\nE           Other, {{0.0, 0.0}, {414.0, 896.0}},\nE           Other, {{0.0, 0.0}, {414.0, 896.0}},\nE           Other, {{0.0, 0.0}, {414.0, 896.0}},\nE           Other, {{0.0, 0.0}, {414.0, 896.0}},\nE           Other, {{0.0, 0.0}, {414.0, 896.0}},\nE           Other, {{0.0, 0.0}, {414.0, 896.0}},\nE           StatusBar, {{0.0, 0.0}, {414.0, 48.0}},\nE           Other, {{0.0, 0.0}, {414.0, 48.0}},\nE           Other, {{0.0, 0.0}, {414.0, 48.0}},\nE           StaticText, {{29.5, 8.5}, {44.0, 19.5}}, label: '19:49',\nE           Other, {{326.5, 19.0}, {18.5, 11.5}}, label: 'Mobile Data', value: No signal,\nE           Other, {{349.5, 18.5}, {16.5, 12.0}}, identifier: '3 of 3 Wi-Fi bars', value: SSID, 3 of 3 Wi-Fi...,\nE           Other, {{370.5, 18.5}, {26.5, 12.5}}, label: '100% battery power', value: Not charging,\nE           Button, {{12.0, 31.5}, {43.5, 13.5}}, identifier: 'breadcrumb', label: 'Return to Safari'\nE       )}\nE           at errorFromW3CJsonCode (/Users/Alex/.appium/appium-xcuitest-driver/node_modules/appium-base-driver/lib/protocol/errors.js:780:25)\nE           at ProxyRequestError.getActualError (/Users/Alex/.appium/appium-xcuitest-driver/node_modules/appium-base-driver/lib/protocol/errors.js:663:14)\nE           at asyncHandler (/usr/local/lib/node_modules/appium/node_modules/@appium/base-driver/lib/protocol/protocol.js:374:25)\n\n../running-test/venv/lib/python3.9/site-packages/selenium/webdriver/remote/errorhandler.py:243: StaleElementReferenceException",
  "flaky" : false,
  "newFailed" : false,
  "newBroken" : false,
  "newPassed" : false,
  "retriesCount" : 0,
  "retriesStatusChange" : false,
  "beforeStages" : [ {
    "name" : "appdriver",
    "time" : {
      "start" : 1643046464967,
      "stop" : 1643046470641,
      "duration" : 5674
    },
    "status" : "passed",
    "steps" : [ ],
    "attachments" : [ ],
    "parameters" : [ ],
    "stepsCount" : 0,
    "attachmentsCount" : 0,
    "shouldDisplayMessage" : false,
    "hasContent" : false
  }, {
    "name" : "run_around_tests",
    "time" : {
      "start" : 1643046470641,
      "stop" : 1643046470641,
      "duration" : 0
    },
    "status" : "passed",
    "steps" : [ ],
    "attachments" : [ ],
    "parameters" : [ ],
    "stepsCount" : 0,
    "attachmentsCount" : 0,
    "shouldDisplayMessage" : false,
    "hasContent" : false
  } ],
  "testStage" : {
    "status" : "broken",
    "statusMessage" : "selenium.common.exceptions.StaleElementReferenceException: Message: The previously found element \"\"OK\" Button\" is not present in the current view anymore. Make sure the application UI has the expected state. Original error: No matches found for Elements matching predicate 'wdName == \"OK\" AND (1 == 1 OR identifier == 0 OR frame == 0 OR value == 0 OR title == 0 OR label == 0 OR elementType == 0 OR enabled == 0 OR placeholderValue == 0 OR selected == 0)' from input {(\n    Window, {{0.0, 0.0}, {414.0, 896.0}},\n    Window, {{0.0, 0.0}, {414.0, 896.0}},\n    Window, {{0.0, 0.0}, {828.0, 1792.0}},\n    Window, {{0.0, 0.0}, {828.0, 1792.0}},\n    Window, {{0.0, 0.0}, {414.0, 896.0}}, identifier: 'SBSwitcherWindow',\n    Window, {{0.0, 0.0}, {414.0, 896.0}},\n    Window, {{0.0, 0.0}, {414.0, 896.0}},\n    Window, {{0.0, 0.0}, {414.0, 896.0}},\n    Window, {{0.0, 0.0}, {414.0, 896.0}},\n    Other, {{0.0, 0.0}, {414.0, 896.0}},\n    Other, {{0.0, 0.0}, {414.0, 896.0}},\n    Other, {{0.0, 0.0}, {414.0, 896.0}},\n    Other, {{0.0, 0.0}, {828.0, 1792.0}},\n    Other, {{0.0, 0.0}, {828.0, 1792.0}},\n    Other, {{0.0, 0.0}, {414.0, 896.0}},\n    StatusBar, {{0.0, 0.0}, {414.0, 48.0}},\n    Other, {{0.0, 0.0}, {414.0, 896.0}},\n    Other, {{0.0, 0.0}, {414.0, 896.0}},\n    Other, {{0.0, 0.0}, {414.0, 896.0}},\n    Other, {{0.0, 0.0}, {414.0, 896.0}},\n    Other, {{0.0, 0.0}, {828.0, 1792.0}},\n    Other, {{0.0, 0.0}, {828.0, 1792.0}},\n    Other, {{0.0, 0.0}, {414.0, 896.0}},\n    Other, {{0.0, 0.0}, {414.0, 896.0}},\n    Other, {{0.0, 896.0}, {414.0, 243.0}},\n    Other, {{0.0, 0.0}, {414.0, 896.0}},\n    Other, {{0.0, 0.0}, {828.0, 1792.0}},\n    Other, {{0.0, 0.0}, {414.0, 896.0}},\n    Other, {{0.0, 0.0}, {414.0, 896.0}},\n    Other, {{0.0, 0.0}, {828.0, 1792.0}},\n    Other, {{0.0, 0.0}, {414.0, 896.0}},\n    Other, {{0.0, 0.0}, {828.0, 1792.0}},\n    Other, {{0.0, 0.0}, {828.0, 1792.0}},\n    Other, {{0.0, 0.0}, {828.0, 1792.0}},\n    Other, {{0.0, 0.0}, {828.0, 1792.0}},\n    Other, {{0.0, 0.0}, {828.0, 1792.0}},\n    Other, {{0.0, 0.0}, {828.0, 1792.0}},\n    Other, {{0.0, 0.0}, {828.0, 1792.0}},\n    Other, {{0.0, 0.0}, {828.0, 1792.0}},\n    ScrollView, {{0.0, 0.0}, {414.0, 896.0}},\n    Other, {{0.0, 0.0}, {414.0, 896.0}}, identifier: 'AppSwitcherContentView',\n    Other, {{0.0, 0.0}, {414.0, 896.0}},\n    Other, {{0.0, 0.0}, {414.0, 896.0}}, identifier: 'card:com.zhortech.baliston.dev:sceneID:com.zhortech.baliston.dev-AF2D8FA5-BD74-48F3-B07E-91FF99672F33',\n    Other, {{0.0, 0.0}, {414.0, 896.0}},\n    Other, {{0.0, 0.0}, {414.0, 896.0}},\n    Other, {{0.0, 0.0}, {414.0, 896.0}},\n    Other, {{0.0, 0.0}, {414.0, 896.0}},\n    Other, {{0.0, 0.0}, {414.0, 896.0}},\n    ScrollView, {{0.0, -448.0}, {414.0, 1344.0}},\n    Other, {{0.0, 0.0}, {414.0, 896.0}},\n    Other, {{0.0, 0.0}, {414.0, 896.0}},\n    Other, {{0.0, 0.0}, {414.0, 896.0}},\n    Other, {{0.0, 0.0}, {414.0, 896.0}},\n    Other, {{0.0, 0.0}, {414.0, 896.0}}, identifier: 'Home Grabber',\n    Other, {{0.0, 0.0}, {414.0, 896.0}},\n    Other, {{0.0, 0.0}, {414.0, 896.0}},\n    Other, {{0.0, 0.0}, {414.0, 896.0}},\n    Other, {{133.0, 883.0}, {148.0, 5.0}},\n    Other, {{0.0, 0.0}, {414.0, 896.0}},\n    Other, {{0.0, 0.0}, {414.0, 896.0}},\n    Other, {{0.0, 0.0}, {414.0, 896.0}},\n    Other, {{0.0, 0.0}, {414.0, 896.0}},\n    Other, {{0.0, 0.0}, {414.0, 896.0}},\n    Other, {{0.0, 0.0}, {414.0, 896.0}},\n    Other, {{0.0, 0.0}, {414.0, 896.0}},\n    Other, {{0.0, 0.0}, {414.0, 896.0}},\n    Other, {{0.0, 0.0}, {414.0, 896.0}},\n    StatusBar, {{0.0, 0.0}, {414.0, 48.0}},\n    Other, {{0.0, 0.0}, {414.0, 48.0}},\n    Other, {{0.0, 0.0}, {414.0, 48.0}},\n    StaticText, {{29.5, 8.5}, {44.0, 19.5}}, label: '19:49',\n    Other, {{326.5, 19.0}, {18.5, 11.5}}, label: 'Mobile Data', value: No signal,\n    Other, {{349.5, 18.5}, {16.5, 12.0}}, identifier: '3 of 3 Wi-Fi bars', value: SSID, 3 of 3 Wi-Fi...,\n    Other, {{370.5, 18.5}, {26.5, 12.5}}, label: '100% battery power', value: Not charging,\n    Button, {{12.0, 31.5}, {43.5, 13.5}}, identifier: 'breadcrumb', label: 'Return to Safari'\n)}\nStacktrace:\nStaleElementReferenceError: The previously found element \"\"OK\" Button\" is not present in the current view anymore. Make sure the application UI has the expected state. Original error: No matches found for Elements matching predicate 'wdName == \"OK\" AND (1 == 1 OR identifier == 0 OR frame == 0 OR value == 0 OR title == 0 OR label == 0 OR elementType == 0 OR enabled == 0 OR placeholderValue == 0 OR selected == 0)' from input {(\n    Window, {{0.0, 0.0}, {414.0, 896.0}},\n    Window, {{0.0, 0.0}, {414.0, 896.0}},\n    Window, {{0.0, 0.0}, {828.0, 1792.0}},\n    Window, {{0.0, 0.0}, {828.0, 1792.0}},\n    Window, {{0.0, 0.0}, {414.0, 896.0}}, identifier: 'SBSwitcherWindow',\n    Window, {{0.0, 0.0}, {414.0, 896.0}},\n    Window, {{0.0, 0.0}, {414.0, 896.0}},\n    Window, {{0.0, 0.0}, {414.0, 896.0}},\n    Window, {{0.0, 0.0}, {414.0, 896.0}},\n    Other, {{0.0, 0.0}, {414.0, 896.0}},\n    Other, {{0.0, 0.0}, {414.0, 896.0}},\n    Other, {{0.0, 0.0}, {414.0, 896.0}},\n    Other, {{0.0, 0.0}, {828.0, 1792.0}},\n    Other, {{0.0, 0.0}, {828.0, 1792.0}},\n    Other, {{0.0, 0.0}, {414.0, 896.0}},\n    StatusBar, {{0.0, 0.0}, {414.0, 48.0}},\n    Other, {{0.0, 0.0}, {414.0, 896.0}},\n    Other, {{0.0, 0.0}, {414.0, 896.0}},\n    Other, {{0.0, 0.0}, {414.0, 896.0}},\n    Other, {{0.0, 0.0}, {414.0, 896.0}},\n    Other, {{0.0, 0.0}, {828.0, 1792.0}},\n    Other, {{0.0, 0.0}, {828.0, 1792.0}},\n    Other, {{0.0, 0.0}, {414.0, 896.0}},\n    Other, {{0.0, 0.0}, {414.0, 896.0}},\n    Other, {{0.0, 896.0}, {414.0, 243.0}},\n    Other, {{0.0, 0.0}, {414.0, 896.0}},\n    Other, {{0.0, 0.0}, {828.0, 1792.0}},\n    Other, {{0.0, 0.0}, {414.0, 896.0}},\n    Other, {{0.0, 0.0}, {414.0, 896.0}},\n    Other, {{0.0, 0.0}, {828.0, 1792.0}},\n    Other, {{0.0, 0.0}, {414.0, 896.0}},\n    Other, {{0.0, 0.0}, {828.0, 1792.0}},\n    Other, {{0.0, 0.0}, {828.0, 1792.0}},\n    Other, {{0.0, 0.0}, {828.0, 1792.0}},\n    Other, {{0.0, 0.0}, {828.0, 1792.0}},\n    Other, {{0.0, 0.0}, {828.0, 1792.0}},\n    Other, {{0.0, 0.0}, {828.0, 1792.0}},\n    Other, {{0.0, 0.0}, {828.0, 1792.0}},\n    Other, {{0.0, 0.0}, {828.0, 1792.0}},\n    ScrollView, {{0.0, 0.0}, {414.0, 896.0}},\n    Other, {{0.0, 0.0}, {414.0, 896.0}}, identifier: 'AppSwitcherContentView',\n    Other, {{0.0, 0.0}, {414.0, 896.0}},\n    Other, {{0.0, 0.0}, {414.0, 896.0}}, identifier: 'card:com.zhortech.baliston.dev:sceneID:com.zhortech.baliston.dev-AF2D8FA5-BD74-48F3-B07E-91FF99672F33',\n    Other, {{0.0, 0.0}, {414.0, 896.0}},\n    Other, {{0.0, 0.0}, {414.0, 896.0}},\n    Other, {{0.0, 0.0}, {414.0, 896.0}},\n    Other, {{0.0, 0.0}, {414.0, 896.0}},\n    Other, {{0.0, 0.0}, {414.0, 896.0}},\n    ScrollView, {{0.0, -448.0}, {414.0, 1344.0}},\n    Other, {{0.0, 0.0}, {414.0, 896.0}},\n    Other, {{0.0, 0.0}, {414.0, 896.0}},\n    Other, {{0.0, 0.0}, {414.0, 896.0}},\n    Other, {{0.0, 0.0}, {414.0, 896.0}},\n    Other, {{0.0, 0.0}, {414.0, 896.0}}, identifier: 'Home Grabber',\n    Other, {{0.0, 0.0}, {414.0, 896.0}},\n    Other, {{0.0, 0.0}, {414.0, 896.0}},\n    Other, {{0.0, 0.0}, {414.0, 896.0}},\n    Other, {{133.0, 883.0}, {148.0, 5.0}},\n    Other, {{0.0, 0.0}, {414.0, 896.0}},\n    Other, {{0.0, 0.0}, {414.0, 896.0}},\n    Other, {{0.0, 0.0}, {414.0, 896.0}},\n    Other, {{0.0, 0.0}, {414.0, 896.0}},\n    Other, {{0.0, 0.0}, {414.0, 896.0}},\n    Other, {{0.0, 0.0}, {414.0, 896.0}},\n    Other, {{0.0, 0.0}, {414.0, 896.0}},\n    Other, {{0.0, 0.0}, {414.0, 896.0}},\n    Other, {{0.0, 0.0}, {414.0, 896.0}},\n    StatusBar, {{0.0, 0.0}, {414.0, 48.0}},\n    Other, {{0.0, 0.0}, {414.0, 48.0}},\n    Other, {{0.0, 0.0}, {414.0, 48.0}},\n    StaticText, {{29.5, 8.5}, {44.0, 19.5}}, label: '19:49',\n    Other, {{326.5, 19.0}, {18.5, 11.5}}, label: 'Mobile Data', value: No signal,\n    Other, {{349.5, 18.5}, {16.5, 12.0}}, identifier: '3 of 3 Wi-Fi bars', value: SSID, 3 of 3 Wi-Fi...,\n    Other, {{370.5, 18.5}, {26.5, 12.5}}, label: '100% battery power', value: Not charging,\n    Button, {{12.0, 31.5}, {43.5, 13.5}}, identifier: 'breadcrumb', label: 'Return to Safari'\n)}\n    at errorFromW3CJsonCode (/Users/Alex/.appium/appium-xcuitest-driver/node_modules/appium-base-driver/lib/protocol/errors.js:780:25)\n    at ProxyRequestError.getActualError (/Users/Alex/.appium/appium-xcuitest-driver/node_modules/appium-base-driver/lib/protocol/errors.js:663:14)\n    at asyncHandler (/usr/local/lib/node_modules/appium/node_modules/@appium/base-driver/lib/protocol/protocol.js:374:25)",
    "statusTrace" : "appdriver = <appium.webdriver.webdriver.WebDriver (session=\"08cec2f0-c107-48e8-9a11-1ae17b4dfed7\")>\n\n    @pytest.mark.skipif(IS_ANDROID, reason='Get started test for iOS only')\n    @allure.title('Ex2: Testing Sing Up with temporary email until fake paring')\n    def test_smoke_sing_up_simulator(appdriver):\n        # clear cash before this test/ reinstall app\n        # GeneralFunctions(appdriver).clean_and_restart_app()\n        GeneralFunctions(appdriver).install_if_not_installed()\n        # # # # Set app info\n        OnboardScreen(appdriver).give_allow_bluetooth()\n        OnboardScreen(appdriver).press_skip_button()\n        OnboardScreen(appdriver).press_register_button()\n        # Sign Up\n        email = FakeMailBox().generate_temporary_mailbox_and_email()\n        SignInSignUpScreen(appdriver).click_and_clear_email_text_field(email)\n        SignInSignUpScreen(appdriver).press_create_account_button()\n        link = FakeMailBox().get_link_from_user_mail_box()\n        SignInSignUpScreen(appdriver).open_authorization_link_for_simulator(link)\n    \n        UserInfoScreen(appdriver).set_full_name(User_constant.username)\n        UserInfoScreen(appdriver).press_on_male_button()\n        GeneralFunctions(appdriver).press_next_button()\n    \n        UserInfoScreen(appdriver).set_user_height(User_constant.height)\n        UserInfoScreen(appdriver).set_user_weight(User_constant.weight)\n        UserInfoScreen(appdriver).set_user_age(User_constant.age)\n        UserInfoScreen(appdriver).set_eu_size_button(User_constant.shoesize)\n        #\n        GeneralFunctions(appdriver).press_on_continue_button()\n    \n        PairingProcessScreen(appdriver).press_allows_pop_ups()\n        PairingProcessScreen(appdriver).press_scan_qr_code()\n>       PairingProcessScreen(appdriver).do_pairing_with_modules_simulator()\n\ntests/test_onboard.py:53: \n_ _ _ _ _ _ _ _ _ _ _ _ _ _ _ _ _ _ _ _ _ _ _ _ _ _ _ _ _ _ _ _ _ _ _ _ _ _ _ _ _ _ _ _ _ _ _ _ _ _ _ _ _ _ _ _ _ _ _ _ _ _ _ _ _ _ _ _ _ _ _ _ _ _ _ _ _ _ _ _ _ _ _ _ _ _ _ _ _ _\nsrc/page_object/pairing_process_screen.py:87: in do_pairing_with_modules_simulator\n    super()._get_element_and_click(self._allow_system_camera_button)\nsrc/page_object/base_page.py:176: in _get_element_and_click\n    assert element.is_displayed() is True, 'Cannot press to the button'\n../running-test/venv/lib/python3.9/site-packages/appium/webdriver/webelement.py:79: in is_displayed\n    return self._execute(RemoteCommand.IS_ELEMENT_DISPLAYED)['value']\n../running-test/venv/lib/python3.9/site-packages/selenium/webdriver/remote/webelement.py:693: in _execute\n    return self._parent.execute(command, params)\n../running-test/venv/lib/python3.9/site-packages/selenium/webdriver/remote/webdriver.py:418: in execute\n    self.error_handler.check_response(response)\n../running-test/venv/lib/python3.9/site-packages/appium/webdriver/errorhandler.py:31: in check_response\n    raise wde\n../running-test/venv/lib/python3.9/site-packages/appium/webdriver/errorhandler.py:26: in check_response\n    super().check_response(response)\n_ _ _ _ _ _ _ _ _ _ _ _ _ _ _ _ _ _ _ _ _ _ _ _ _ _ _ _ _ _ _ _ _ _ _ _ _ _ _ _ _ _ _ _ _ _ _ _ _ _ _ _ _ _ _ _ _ _ _ _ _ _ _ _ _ _ _ _ _ _ _ _ _ _ _ _ _ _ _ _ _ _ _ _ _ _ _ _ _ _\n\nself = <appium.webdriver.errorhandler.MobileErrorHandler object at 0x1052357c0>\nresponse = {'status': 404, 'value': '{\"value\":{\"error\":\"stale element reference\",\"message\":\"The previously found element \\\\\"\\\\\"OK...asyncHandler (/usr/local/lib/node_modules/appium/node_modules/@appium/base-driver/lib/protocol/protocol.js:374:25)\"}}'}\n\n    def check_response(self, response: Dict[str, Any]) -> None:\n        \"\"\"\n        Checks that a JSON response from the WebDriver does not have an error.\n    \n        :Args:\n         - response - The JSON response from the WebDriver server as a dictionary\n           object.\n    \n        :Raises: If the response contains an error message.\n        \"\"\"\n        status = response.get('status', None)\n        if not status or status == ErrorCode.SUCCESS:\n            return\n        value = None\n        message = response.get(\"message\", \"\")\n        screen: str = response.get(\"screen\", \"\")\n        stacktrace = None\n        if isinstance(status, int):\n            value_json = response.get('value', None)\n            if value_json and isinstance(value_json, str):\n                import json\n                try:\n                    value = json.loads(value_json)\n                    if len(value.keys()) == 1:\n                        value = value['value']\n                    status = value.get('error', None)\n                    if not status:\n                        status = value.get(\"status\", ErrorCode.UNKNOWN_ERROR)\n                        message = value.get(\"value\") or value.get(\"message\")\n                        if not isinstance(message, str):\n                            value = message\n                            message = message.get('message')\n                    else:\n                        message = value.get('message', None)\n                except ValueError:\n                    pass\n    \n        exception_class: Type[WebDriverException]\n        if status in ErrorCode.NO_SUCH_ELEMENT:\n            exception_class = NoSuchElementException\n        elif status in ErrorCode.NO_SUCH_FRAME:\n            exception_class = NoSuchFrameException\n        elif status in ErrorCode.NO_SUCH_WINDOW:\n            exception_class = NoSuchWindowException\n        elif status in ErrorCode.STALE_ELEMENT_REFERENCE:\n            exception_class = StaleElementReferenceException\n        elif status in ErrorCode.ELEMENT_NOT_VISIBLE:\n            exception_class = ElementNotVisibleException\n        elif status in ErrorCode.INVALID_ELEMENT_STATE:\n            exception_class = InvalidElementStateException\n        elif status in ErrorCode.INVALID_SELECTOR \\\n                or status in ErrorCode.INVALID_XPATH_SELECTOR \\\n                or status in ErrorCode.INVALID_XPATH_SELECTOR_RETURN_TYPER:\n            exception_class = InvalidSelectorException\n        elif status in ErrorCode.ELEMENT_IS_NOT_SELECTABLE:\n            exception_class = ElementNotSelectableException\n        elif status in ErrorCode.ELEMENT_NOT_INTERACTABLE:\n            exception_class = ElementNotInteractableException\n        elif status in ErrorCode.INVALID_COOKIE_DOMAIN:\n            exception_class = InvalidCookieDomainException\n        elif status in ErrorCode.UNABLE_TO_SET_COOKIE:\n            exception_class = UnableToSetCookieException\n        elif status in ErrorCode.TIMEOUT:\n            exception_class = TimeoutException\n        elif status in ErrorCode.SCRIPT_TIMEOUT:\n            exception_class = TimeoutException\n        elif status in ErrorCode.UNKNOWN_ERROR:\n            exception_class = WebDriverException\n        elif status in ErrorCode.UNEXPECTED_ALERT_OPEN:\n            exception_class = UnexpectedAlertPresentException\n        elif status in ErrorCode.NO_ALERT_OPEN:\n            exception_class = NoAlertPresentException\n        elif status in ErrorCode.IME_NOT_AVAILABLE:\n            exception_class = ImeNotAvailableException\n        elif status in ErrorCode.IME_ENGINE_ACTIVATION_FAILED:\n            exception_class = ImeActivationFailedException\n        elif status in ErrorCode.MOVE_TARGET_OUT_OF_BOUNDS:\n            exception_class = MoveTargetOutOfBoundsException\n        elif status in ErrorCode.JAVASCRIPT_ERROR:\n            exception_class = JavascriptException\n        elif status in ErrorCode.SESSION_NOT_CREATED:\n            exception_class = SessionNotCreatedException\n        elif status in ErrorCode.INVALID_ARGUMENT:\n            exception_class = InvalidArgumentException\n        elif status in ErrorCode.NO_SUCH_COOKIE:\n            exception_class = NoSuchCookieException\n        elif status in ErrorCode.UNABLE_TO_CAPTURE_SCREEN:\n            exception_class = ScreenshotException\n        elif status in ErrorCode.ELEMENT_CLICK_INTERCEPTED:\n            exception_class = ElementClickInterceptedException\n        elif status in ErrorCode.INSECURE_CERTIFICATE:\n            exception_class = InsecureCertificateException\n        elif status in ErrorCode.INVALID_COORDINATES:\n            exception_class = InvalidCoordinatesException\n        elif status in ErrorCode.INVALID_SESSION_ID:\n            exception_class = InvalidSessionIdException\n        elif status in ErrorCode.UNKNOWN_METHOD:\n            exception_class = UnknownMethodException\n        else:\n            exception_class = WebDriverException\n        if not value:\n            value = response['value']\n        if isinstance(value, str):\n            raise exception_class(value)\n        if message == \"\" and 'message' in value:\n            message = value['message']\n    \n        screen = None  # type: ignore[assignment]\n        if 'screen' in value:\n            screen = value['screen']\n    \n        stacktrace = None\n        st_value = value.get('stackTrace') or value.get('stacktrace')\n        if st_value:\n            if isinstance(st_value, str):\n                stacktrace = st_value.split('\\n')\n            else:\n                stacktrace = []\n                try:\n                    for frame in st_value:\n                        line = self._value_or_default(frame, 'lineNumber', '')\n                        file = self._value_or_default(frame, 'fileName', '<anonymous>')\n                        if line:\n                            file = \"%s:%s\" % (file, line)\n                        meth = self._value_or_default(frame, 'methodName', '<anonymous>')\n                        if 'className' in frame:\n                            meth = \"%s.%s\" % (frame['className'], meth)\n                        msg = \"    at %s (%s)\"\n                        msg = msg % (meth, file)\n                        stacktrace.append(msg)\n                except TypeError:\n                    pass\n        if exception_class == UnexpectedAlertPresentException:\n            alert_text = None\n            if 'data' in value:\n                alert_text = value['data'].get('text')\n            elif 'alert' in value:\n                alert_text = value['alert'].get('text')\n            raise exception_class(message, screen, stacktrace, alert_text)  # type: ignore[call-arg]  # mypy is not smart enough here\n>       raise exception_class(message, screen, stacktrace)\nE       selenium.common.exceptions.StaleElementReferenceException: Message: The previously found element \"\"OK\" Button\" is not present in the current view anymore. Make sure the application UI has the expected state. Original error: No matches found for Elements matching predicate 'wdName == \"OK\" AND (1 == 1 OR identifier == 0 OR frame == 0 OR value == 0 OR title == 0 OR label == 0 OR elementType == 0 OR enabled == 0 OR placeholderValue == 0 OR selected == 0)' from input {(\nE           Window, {{0.0, 0.0}, {414.0, 896.0}},\nE           Window, {{0.0, 0.0}, {414.0, 896.0}},\nE           Window, {{0.0, 0.0}, {828.0, 1792.0}},\nE           Window, {{0.0, 0.0}, {828.0, 1792.0}},\nE           Window, {{0.0, 0.0}, {414.0, 896.0}}, identifier: 'SBSwitcherWindow',\nE           Window, {{0.0, 0.0}, {414.0, 896.0}},\nE           Window, {{0.0, 0.0}, {414.0, 896.0}},\nE           Window, {{0.0, 0.0}, {414.0, 896.0}},\nE           Window, {{0.0, 0.0}, {414.0, 896.0}},\nE           Other, {{0.0, 0.0}, {414.0, 896.0}},\nE           Other, {{0.0, 0.0}, {414.0, 896.0}},\nE           Other, {{0.0, 0.0}, {414.0, 896.0}},\nE           Other, {{0.0, 0.0}, {828.0, 1792.0}},\nE           Other, {{0.0, 0.0}, {828.0, 1792.0}},\nE           Other, {{0.0, 0.0}, {414.0, 896.0}},\nE           StatusBar, {{0.0, 0.0}, {414.0, 48.0}},\nE           Other, {{0.0, 0.0}, {414.0, 896.0}},\nE           Other, {{0.0, 0.0}, {414.0, 896.0}},\nE           Other, {{0.0, 0.0}, {414.0, 896.0}},\nE           Other, {{0.0, 0.0}, {414.0, 896.0}},\nE           Other, {{0.0, 0.0}, {828.0, 1792.0}},\nE           Other, {{0.0, 0.0}, {828.0, 1792.0}},\nE           Other, {{0.0, 0.0}, {414.0, 896.0}},\nE           Other, {{0.0, 0.0}, {414.0, 896.0}},\nE           Other, {{0.0, 896.0}, {414.0, 243.0}},\nE           Other, {{0.0, 0.0}, {414.0, 896.0}},\nE           Other, {{0.0, 0.0}, {828.0, 1792.0}},\nE           Other, {{0.0, 0.0}, {414.0, 896.0}},\nE           Other, {{0.0, 0.0}, {414.0, 896.0}},\nE           Other, {{0.0, 0.0}, {828.0, 1792.0}},\nE           Other, {{0.0, 0.0}, {414.0, 896.0}},\nE           Other, {{0.0, 0.0}, {828.0, 1792.0}},\nE           Other, {{0.0, 0.0}, {828.0, 1792.0}},\nE           Other, {{0.0, 0.0}, {828.0, 1792.0}},\nE           Other, {{0.0, 0.0}, {828.0, 1792.0}},\nE           Other, {{0.0, 0.0}, {828.0, 1792.0}},\nE           Other, {{0.0, 0.0}, {828.0, 1792.0}},\nE           Other, {{0.0, 0.0}, {828.0, 1792.0}},\nE           Other, {{0.0, 0.0}, {828.0, 1792.0}},\nE           ScrollView, {{0.0, 0.0}, {414.0, 896.0}},\nE           Other, {{0.0, 0.0}, {414.0, 896.0}}, identifier: 'AppSwitcherContentView',\nE           Other, {{0.0, 0.0}, {414.0, 896.0}},\nE           Other, {{0.0, 0.0}, {414.0, 896.0}}, identifier: 'card:com.zhortech.baliston.dev:sceneID:com.zhortech.baliston.dev-AF2D8FA5-BD74-48F3-B07E-91FF99672F33',\nE           Other, {{0.0, 0.0}, {414.0, 896.0}},\nE           Other, {{0.0, 0.0}, {414.0, 896.0}},\nE           Other, {{0.0, 0.0}, {414.0, 896.0}},\nE           Other, {{0.0, 0.0}, {414.0, 896.0}},\nE           Other, {{0.0, 0.0}, {414.0, 896.0}},\nE           ScrollView, {{0.0, -448.0}, {414.0, 1344.0}},\nE           Other, {{0.0, 0.0}, {414.0, 896.0}},\nE           Other, {{0.0, 0.0}, {414.0, 896.0}},\nE           Other, {{0.0, 0.0}, {414.0, 896.0}},\nE           Other, {{0.0, 0.0}, {414.0, 896.0}},\nE           Other, {{0.0, 0.0}, {414.0, 896.0}}, identifier: 'Home Grabber',\nE           Other, {{0.0, 0.0}, {414.0, 896.0}},\nE           Other, {{0.0, 0.0}, {414.0, 896.0}},\nE           Other, {{0.0, 0.0}, {414.0, 896.0}},\nE           Other, {{133.0, 883.0}, {148.0, 5.0}},\nE           Other, {{0.0, 0.0}, {414.0, 896.0}},\nE           Other, {{0.0, 0.0}, {414.0, 896.0}},\nE           Other, {{0.0, 0.0}, {414.0, 896.0}},\nE           Other, {{0.0, 0.0}, {414.0, 896.0}},\nE           Other, {{0.0, 0.0}, {414.0, 896.0}},\nE           Other, {{0.0, 0.0}, {414.0, 896.0}},\nE           Other, {{0.0, 0.0}, {414.0, 896.0}},\nE           Other, {{0.0, 0.0}, {414.0, 896.0}},\nE           Other, {{0.0, 0.0}, {414.0, 896.0}},\nE           StatusBar, {{0.0, 0.0}, {414.0, 48.0}},\nE           Other, {{0.0, 0.0}, {414.0, 48.0}},\nE           Other, {{0.0, 0.0}, {414.0, 48.0}},\nE           StaticText, {{29.5, 8.5}, {44.0, 19.5}}, label: '19:49',\nE           Other, {{326.5, 19.0}, {18.5, 11.5}}, label: 'Mobile Data', value: No signal,\nE           Other, {{349.5, 18.5}, {16.5, 12.0}}, identifier: '3 of 3 Wi-Fi bars', value: SSID, 3 of 3 Wi-Fi...,\nE           Other, {{370.5, 18.5}, {26.5, 12.5}}, label: '100% battery power', value: Not charging,\nE           Button, {{12.0, 31.5}, {43.5, 13.5}}, identifier: 'breadcrumb', label: 'Return to Safari'\nE       )}\nE       Stacktrace:\nE       StaleElementReferenceError: The previously found element \"\"OK\" Button\" is not present in the current view anymore. Make sure the application UI has the expected state. Original error: No matches found for Elements matching predicate 'wdName == \"OK\" AND (1 == 1 OR identifier == 0 OR frame == 0 OR value == 0 OR title == 0 OR label == 0 OR elementType == 0 OR enabled == 0 OR placeholderValue == 0 OR selected == 0)' from input {(\nE           Window, {{0.0, 0.0}, {414.0, 896.0}},\nE           Window, {{0.0, 0.0}, {414.0, 896.0}},\nE           Window, {{0.0, 0.0}, {828.0, 1792.0}},\nE           Window, {{0.0, 0.0}, {828.0, 1792.0}},\nE           Window, {{0.0, 0.0}, {414.0, 896.0}}, identifier: 'SBSwitcherWindow',\nE           Window, {{0.0, 0.0}, {414.0, 896.0}},\nE           Window, {{0.0, 0.0}, {414.0, 896.0}},\nE           Window, {{0.0, 0.0}, {414.0, 896.0}},\nE           Window, {{0.0, 0.0}, {414.0, 896.0}},\nE           Other, {{0.0, 0.0}, {414.0, 896.0}},\nE           Other, {{0.0, 0.0}, {414.0, 896.0}},\nE           Other, {{0.0, 0.0}, {414.0, 896.0}},\nE           Other, {{0.0, 0.0}, {828.0, 1792.0}},\nE           Other, {{0.0, 0.0}, {828.0, 1792.0}},\nE           Other, {{0.0, 0.0}, {414.0, 896.0}},\nE           StatusBar, {{0.0, 0.0}, {414.0, 48.0}},\nE           Other, {{0.0, 0.0}, {414.0, 896.0}},\nE           Other, {{0.0, 0.0}, {414.0, 896.0}},\nE           Other, {{0.0, 0.0}, {414.0, 896.0}},\nE           Other, {{0.0, 0.0}, {414.0, 896.0}},\nE           Other, {{0.0, 0.0}, {828.0, 1792.0}},\nE           Other, {{0.0, 0.0}, {828.0, 1792.0}},\nE           Other, {{0.0, 0.0}, {414.0, 896.0}},\nE           Other, {{0.0, 0.0}, {414.0, 896.0}},\nE           Other, {{0.0, 896.0}, {414.0, 243.0}},\nE           Other, {{0.0, 0.0}, {414.0, 896.0}},\nE           Other, {{0.0, 0.0}, {828.0, 1792.0}},\nE           Other, {{0.0, 0.0}, {414.0, 896.0}},\nE           Other, {{0.0, 0.0}, {414.0, 896.0}},\nE           Other, {{0.0, 0.0}, {828.0, 1792.0}},\nE           Other, {{0.0, 0.0}, {414.0, 896.0}},\nE           Other, {{0.0, 0.0}, {828.0, 1792.0}},\nE           Other, {{0.0, 0.0}, {828.0, 1792.0}},\nE           Other, {{0.0, 0.0}, {828.0, 1792.0}},\nE           Other, {{0.0, 0.0}, {828.0, 1792.0}},\nE           Other, {{0.0, 0.0}, {828.0, 1792.0}},\nE           Other, {{0.0, 0.0}, {828.0, 1792.0}},\nE           Other, {{0.0, 0.0}, {828.0, 1792.0}},\nE           Other, {{0.0, 0.0}, {828.0, 1792.0}},\nE           ScrollView, {{0.0, 0.0}, {414.0, 896.0}},\nE           Other, {{0.0, 0.0}, {414.0, 896.0}}, identifier: 'AppSwitcherContentView',\nE           Other, {{0.0, 0.0}, {414.0, 896.0}},\nE           Other, {{0.0, 0.0}, {414.0, 896.0}}, identifier: 'card:com.zhortech.baliston.dev:sceneID:com.zhortech.baliston.dev-AF2D8FA5-BD74-48F3-B07E-91FF99672F33',\nE           Other, {{0.0, 0.0}, {414.0, 896.0}},\nE           Other, {{0.0, 0.0}, {414.0, 896.0}},\nE           Other, {{0.0, 0.0}, {414.0, 896.0}},\nE           Other, {{0.0, 0.0}, {414.0, 896.0}},\nE           Other, {{0.0, 0.0}, {414.0, 896.0}},\nE           ScrollView, {{0.0, -448.0}, {414.0, 1344.0}},\nE           Other, {{0.0, 0.0}, {414.0, 896.0}},\nE           Other, {{0.0, 0.0}, {414.0, 896.0}},\nE           Other, {{0.0, 0.0}, {414.0, 896.0}},\nE           Other, {{0.0, 0.0}, {414.0, 896.0}},\nE           Other, {{0.0, 0.0}, {414.0, 896.0}}, identifier: 'Home Grabber',\nE           Other, {{0.0, 0.0}, {414.0, 896.0}},\nE           Other, {{0.0, 0.0}, {414.0, 896.0}},\nE           Other, {{0.0, 0.0}, {414.0, 896.0}},\nE           Other, {{133.0, 883.0}, {148.0, 5.0}},\nE           Other, {{0.0, 0.0}, {414.0, 896.0}},\nE           Other, {{0.0, 0.0}, {414.0, 896.0}},\nE           Other, {{0.0, 0.0}, {414.0, 896.0}},\nE           Other, {{0.0, 0.0}, {414.0, 896.0}},\nE           Other, {{0.0, 0.0}, {414.0, 896.0}},\nE           Other, {{0.0, 0.0}, {414.0, 896.0}},\nE           Other, {{0.0, 0.0}, {414.0, 896.0}},\nE           Other, {{0.0, 0.0}, {414.0, 896.0}},\nE           Other, {{0.0, 0.0}, {414.0, 896.0}},\nE           StatusBar, {{0.0, 0.0}, {414.0, 48.0}},\nE           Other, {{0.0, 0.0}, {414.0, 48.0}},\nE           Other, {{0.0, 0.0}, {414.0, 48.0}},\nE           StaticText, {{29.5, 8.5}, {44.0, 19.5}}, label: '19:49',\nE           Other, {{326.5, 19.0}, {18.5, 11.5}}, label: 'Mobile Data', value: No signal,\nE           Other, {{349.5, 18.5}, {16.5, 12.0}}, identifier: '3 of 3 Wi-Fi bars', value: SSID, 3 of 3 Wi-Fi...,\nE           Other, {{370.5, 18.5}, {26.5, 12.5}}, label: '100% battery power', value: Not charging,\nE           Button, {{12.0, 31.5}, {43.5, 13.5}}, identifier: 'breadcrumb', label: 'Return to Safari'\nE       )}\nE           at errorFromW3CJsonCode (/Users/Alex/.appium/appium-xcuitest-driver/node_modules/appium-base-driver/lib/protocol/errors.js:780:25)\nE           at ProxyRequestError.getActualError (/Users/Alex/.appium/appium-xcuitest-driver/node_modules/appium-base-driver/lib/protocol/errors.js:663:14)\nE           at asyncHandler (/usr/local/lib/node_modules/appium/node_modules/@appium/base-driver/lib/protocol/protocol.js:374:25)\n\n../running-test/venv/lib/python3.9/site-packages/selenium/webdriver/remote/errorhandler.py:243: StaleElementReferenceException",
    "steps" : [ {
      "name" : "Press Give Allow Bluetooth button on welcome screen",
      "time" : {
        "start" : 1643046470831,
        "stop" : 1643046475229,
        "duration" : 4398
      },
      "status" : "passed",
      "steps" : [ ],
      "attachments" : [ ],
      "parameters" : [ ],
      "stepsCount" : 0,
      "attachmentsCount" : 0,
      "shouldDisplayMessage" : false,
      "hasContent" : false
    }, {
      "name" : "Press Skip button on welcome screen",
      "time" : {
        "start" : 1643046475229,
        "stop" : 1643046475781,
        "duration" : 552
      },
      "status" : "passed",
      "steps" : [ ],
      "attachments" : [ ],
      "parameters" : [ ],
      "stepsCount" : 0,
      "attachmentsCount" : 0,
      "shouldDisplayMessage" : false,
      "hasContent" : false
    }, {
      "name" : "Press \"Sign Up\" button on welcome screen",
      "time" : {
        "start" : 1643046475781,
        "stop" : 1643046476501,
        "duration" : 720
      },
      "status" : "passed",
      "steps" : [ ],
      "attachments" : [ ],
      "parameters" : [ ],
      "stepsCount" : 0,
      "attachmentsCount" : 0,
      "shouldDisplayMessage" : false,
      "hasContent" : false
    }, {
      "name" : "Generate new mail box and fake email address",
      "time" : {
        "start" : 1643046476501,
        "stop" : 1643046477590,
        "duration" : 1089
      },
      "status" : "passed",
      "steps" : [ ],
      "attachments" : [ ],
      "parameters" : [ ],
      "stepsCount" : 0,
      "attachmentsCount" : 0,
      "shouldDisplayMessage" : false,
      "hasContent" : false
    }, {
      "name" : "Click on \"'juliohoskins@folllo.com'\" field\", clear and set app email for IOS or Android",
      "time" : {
        "start" : 1643046477590,
        "stop" : 1643046494168,
        "duration" : 16578
      },
      "status" : "passed",
      "steps" : [ ],
      "attachments" : [ ],
      "parameters" : [ {
        "name" : "email",
        "value" : "'juliohoskins@folllo.com'"
      } ],
      "stepsCount" : 0,
      "attachmentsCount" : 0,
      "shouldDisplayMessage" : false,
      "hasContent" : true
    }, {
      "name" : "Press create account button",
      "time" : {
        "start" : 1643046494168,
        "stop" : 1643046497901,
        "duration" : 3733
      },
      "status" : "passed",
      "steps" : [ ],
      "attachments" : [ ],
      "parameters" : [ ],
      "stepsCount" : 0,
      "attachmentsCount" : 0,
      "shouldDisplayMessage" : false,
      "hasContent" : false
    }, {
      "name" : "Open link from fake email box for entry to the app",
      "time" : {
        "start" : 1643046497901,
        "stop" : 1643046503101,
        "duration" : 5200
      },
      "status" : "passed",
      "steps" : [ ],
      "attachments" : [ ],
      "parameters" : [ {
        "name" : "index_mail",
        "value" : "0"
      } ],
      "stepsCount" : 0,
      "attachmentsCount" : 0,
      "shouldDisplayMessage" : false,
      "hasContent" : true
    }, {
      "name" : "Open authorization link in simulator",
      "time" : {
        "start" : 1643046503101,
        "stop" : 1643046507626,
        "duration" : 4525
      },
      "status" : "passed",
      "steps" : [ ],
      "attachments" : [ ],
      "parameters" : [ {
        "name" : "link",
        "value" : "'https://balistondev.page.link?link=https://baliston-dev.firebaseapp.com/__/auth/action?apiKey%3DAIzaSyDyiQi28F8ecT4TvVFMYzXSpFLrMA7q8Rs%26mode%3DsignIn%26oobCode%3DRj6Uzvn98pDiHHcQUX5RzNOy43T-lpcRL1Uo4kjibucAAAF-jTPkQA%26continueUrl%3Dhttps://baliston-dev.firebaseapp.com%26lang%3Den&amp;ibi=com.zhortech.baliston.dev&amp;ifl=https://baliston-dev.firebaseapp.com/__/auth/action?apiKey%3DAIzaSyDyiQi28F8ecT4TvVFMYzXSpFLrMA7q8Rs%26mode%3DsignIn%26oobCode%3DRj6Uzvn98pDiHHcQUX5RzNOy43T-lpcRL1Uo4kjibucAAAF-jTPkQA%26continueUrl%3Dhttps://baliston-dev.firebaseapp.com%26lang%3Den'"
      } ],
      "stepsCount" : 0,
      "attachmentsCount" : 0,
      "shouldDisplayMessage" : false,
      "hasContent" : true
    }, {
      "name" : "Set full app name in Name text field",
      "time" : {
        "start" : 1643046507627,
        "stop" : 1643046512160,
        "duration" : 4533
      },
      "status" : "passed",
      "steps" : [ ],
      "attachments" : [ ],
      "parameters" : [ {
        "name" : "username",
        "value" : "'Ginger Foutley'"
      } ],
      "stepsCount" : 0,
      "attachmentsCount" : 0,
      "shouldDisplayMessage" : false,
      "hasContent" : true
    }, {
      "name" : "Press on the \"Male\" button to set man ",
      "time" : {
        "start" : 1643046512160,
        "stop" : 1643046512815,
        "duration" : 655
      },
      "status" : "passed",
      "steps" : [ ],
      "attachments" : [ ],
      "parameters" : [ ],
      "stepsCount" : 0,
      "attachmentsCount" : 0,
      "shouldDisplayMessage" : false,
      "hasContent" : false
    }, {
      "name" : "Press button \"NEXT\" ",
      "time" : {
        "start" : 1643046512815,
        "stop" : 1643046514161,
        "duration" : 1346
      },
      "status" : "passed",
      "steps" : [ ],
      "attachments" : [ ],
      "parameters" : [ ],
      "stepsCount" : 0,
      "attachmentsCount" : 0,
      "shouldDisplayMessage" : false,
      "hasContent" : false
    }, {
      "name" : "Set user height as 168",
      "time" : {
        "start" : 1643046514162,
        "stop" : 1643046528430,
        "duration" : 14268
      },
      "status" : "passed",
      "steps" : [ ],
      "attachments" : [ ],
      "parameters" : [ {
        "name" : "value",
        "value" : "'168'"
      } ],
      "stepsCount" : 0,
      "attachmentsCount" : 0,
      "shouldDisplayMessage" : false,
      "hasContent" : true
    }, {
      "name" : "Set user weight as 55",
      "time" : {
        "start" : 1643046528430,
        "stop" : 1643046556302,
        "duration" : 27872
      },
      "status" : "passed",
      "steps" : [ ],
      "attachments" : [ ],
      "parameters" : [ {
        "name" : "value",
        "value" : "'55'"
      } ],
      "stepsCount" : 0,
      "attachmentsCount" : 0,
      "shouldDisplayMessage" : false,
      "hasContent" : true
    }, {
      "name" : "Set user age as 52",
      "time" : {
        "start" : 1643046556303,
        "stop" : 1643046576341,
        "duration" : 20038
      },
      "status" : "passed",
      "steps" : [ ],
      "attachments" : [ ],
      "parameters" : [ {
        "name" : "value",
        "value" : "'52'"
      } ],
      "stepsCount" : 0,
      "attachmentsCount" : 0,
      "shouldDisplayMessage" : false,
      "hasContent" : true
    }, {
      "name" : "Set user shoe size as 31.0",
      "time" : {
        "start" : 1643046576342,
        "stop" : 1643046589359,
        "duration" : 13017
      },
      "status" : "passed",
      "steps" : [ ],
      "attachments" : [ ],
      "parameters" : [ {
        "name" : "value",
        "value" : "'31.0'"
      } ],
      "stepsCount" : 0,
      "attachmentsCount" : 0,
      "shouldDisplayMessage" : false,
      "hasContent" : true
    }, {
      "name" : "Press \"Continue\" button ",
      "time" : {
        "start" : 1643046589359,
        "stop" : 1643046590140,
        "duration" : 781
      },
      "status" : "passed",
      "steps" : [ ],
      "attachments" : [ ],
      "parameters" : [ ],
      "stepsCount" : 0,
      "attachmentsCount" : 0,
      "shouldDisplayMessage" : false,
      "hasContent" : false
    }, {
      "name" : "Do pairing and Scan QR Code / get image from phone",
      "time" : {
        "start" : 1643046596063,
        "stop" : 1643046598239,
        "duration" : 2176
      },
      "status" : "broken",
      "statusMessage" : "selenium.common.exceptions.StaleElementReferenceException: Message: The previously found element \"\"OK\" Button\" is not present in the current view anymore. Make sure the application UI has the expected state. Original error: No matches found for Elements matching predicate 'wdName == \"OK\" AND (1 == 1 OR identifier == 0 OR frame == 0 OR value == 0 OR title == 0 OR label == 0 OR elementType == 0 OR enabled == 0 OR placeholderValue == 0 OR selected == 0)' from input {(\n    Window, {{0.0, 0.0}, {414.0, 896.0}},\n    Window, {{0.0, 0.0}, {414.0, 896.0}},\n    Window, {{0.0, 0.0}, {828.0, 1792.0}},\n    Window, {{0.0, 0.0}, {828.0, 1792.0}},\n    Window, {{0.0, 0.0}, {414.0, 896.0}}, identifier: 'SBSwitcherWindow',\n    Window, {{0.0, 0.0}, {414.0, 896.0}},\n    Window, {{0.0, 0.0}, {414.0, 896.0}},\n    Window, {{0.0, 0.0}, {414.0, 896.0}},\n    Window, {{0.0, 0.0}, {414.0, 896.0}},\n    Other, {{0.0, 0.0}, {414.0, 896.0}},\n    Other, {{0.0, 0.0}, {414.0, 896.0}},\n    Other, {{0.0, 0.0}, {414.0, 896.0}},\n    Other, {{0.0, 0.0}, {828.0, 1792.0}},\n    Other, {{0.0, 0.0}, {828.0, 1792.0}},\n    Other, {{0.0, 0.0}, {414.0, 896.0}},\n    StatusBar, {{0.0, 0.0}, {414.0, 48.0}},\n    Other, {{0.0, 0.0}, {414.0, 896.0}},\n    Other, {{0.0, 0.0}, {414.0, 896.0}},\n    Other, {{0.0, 0.0}, {414.0, 896.0}},\n    Other, {{0.0, 0.0}, {414.0, 896.0}},\n    Other, {{0.0, 0.0}, {828.0, 1792.0}},\n    Other, {{0.0, 0.0}, {828.0, 1792.0}},\n    Other, {{0.0, 0.0}, {414.0, 896.0}},\n    Other, {{0.0, 0.0}, {414.0, 896.0}},\n    Other, {{0.0, 896.0}, {414.0, 243.0}},\n    Other, {{0.0, 0.0}, {414.0, 896.0}},\n    Other, {{0.0, 0.0}, {828.0, 1792.0}},\n    Other, {{0.0, 0.0}, {414.0, 896.0}},\n    Other, {{0.0, 0.0}, {414.0, 896.0}},\n    Other, {{0.0, 0.0}, {828.0, 1792.0}},\n    Other, {{0.0, 0.0}, {414.0, 896.0}},\n    Other, {{0.0, 0.0}, {828.0, 1792.0}},\n    Other, {{0.0, 0.0}, {828.0, 1792.0}},\n    Other, {{0.0, 0.0}, {828.0, 1792.0}},\n    Other, {{0.0, 0.0}, {828.0, 1792.0}},\n    Other, {{0.0, 0.0}, {828.0, 1792.0}},\n    Other, {{0.0, 0.0}, {828.0, 1792.0}},\n    Other, {{0.0, 0.0}, {828.0, 1792.0}},\n    Other, {{0.0, 0.0}, {828.0, 1792.0}},\n    ScrollView, {{0.0, 0.0}, {414.0, 896.0}},\n    Other, {{0.0, 0.0}, {414.0, 896.0}}, identifier: 'AppSwitcherContentView',\n    Other, {{0.0, 0.0}, {414.0, 896.0}},\n    Other, {{0.0, 0.0}, {414.0, 896.0}}, identifier: 'card:com.zhortech.baliston.dev:sceneID:com.zhortech.baliston.dev-AF2D8FA5-BD74-48F3-B07E-91FF99672F33',\n    Other, {{0.0, 0.0}, {414.0, 896.0}},\n    Other, {{0.0, 0.0}, {414.0, 896.0}},\n    Other, {{0.0, 0.0}, {414.0, 896.0}},\n    Other, {{0.0, 0.0}, {414.0, 896.0}},\n    Other, {{0.0, 0.0}, {414.0, 896.0}},\n    ScrollView, {{0.0, -448.0}, {414.0, 1344.0}},\n    Other, {{0.0, 0.0}, {414.0, 896.0}},\n    Other, {{0.0, 0.0}, {414.0, 896.0}},\n    Other, {{0.0, 0.0}, {414.0, 896.0}},\n    Other, {{0.0, 0.0}, {414.0, 896.0}},\n    Other, {{0.0, 0.0}, {414.0, 896.0}}, identifier: 'Home Grabber',\n    Other, {{0.0, 0.0}, {414.0, 896.0}},\n    Other, {{0.0, 0.0}, {414.0, 896.0}},\n    Other, {{0.0, 0.0}, {414.0, 896.0}},\n    Other, {{133.0, 883.0}, {148.0, 5.0}},\n    Other, {{0.0, 0.0}, {414.0, 896.0}},\n    Other, {{0.0, 0.0}, {414.0, 896.0}},\n    Other, {{0.0, 0.0}, {414.0, 896.0}},\n    Other, {{0.0, 0.0}, {414.0, 896.0}},\n    Other, {{0.0, 0.0}, {414.0, 896.0}},\n    Other, {{0.0, 0.0}, {414.0, 896.0}},\n    Other, {{0.0, 0.0}, {414.0, 896.0}},\n    Other, {{0.0, 0.0}, {414.0, 896.0}},\n    Other, {{0.0, 0.0}, {414.0, 896.0}},\n    StatusBar, {{0.0, 0.0}, {414.0, 48.0}},\n    Other, {{0.0, 0.0}, {414.0, 48.0}},\n    Other, {{0.0, 0.0}, {414.0, 48.0}},\n    StaticText, {{29.5, 8.5}, {44.0, 19.5}}, label: '19:49',\n    Other, {{326.5, 19.0}, {18.5, 11.5}}, label: 'Mobile Data', value: No signal,\n    Other, {{349.5, 18.5}, {16.5, 12.0}}, identifier: '3 of 3 Wi-Fi bars', value: SSID, 3 of 3 Wi-Fi...,\n    Other, {{370.5, 18.5}, {26.5, 12.5}}, label: '100% battery power', value: Not charging,\n    Button, {{12.0, 31.5}, {43.5, 13.5}}, identifier: 'breadcrumb', label: 'Return to Safari'\n)}\nStacktrace:\nStaleElementReferenceError: The previously found element \"\"OK\" Button\" is not present in the current view anymore. Make sure the application UI has the expected state. Original error: No matches found for Elements matching predicate 'wdName == \"OK\" AND (1 == 1 OR identifier == 0 OR frame == 0 OR value == 0 OR title == 0 OR label == 0 OR elementType == 0 OR enabled == 0 OR placeholderValue == 0 OR selected == 0)' from input {(\n    Window, {{0.0, 0.0}, {414.0, 896.0}},\n    Window, {{0.0, 0.0}, {414.0, 896.0}},\n    Window, {{0.0, 0.0}, {828.0, 1792.0}},\n    Window, {{0.0, 0.0}, {828.0, 1792.0}},\n    Window, {{0.0, 0.0}, {414.0, 896.0}}, identifier: 'SBSwitcherWindow',\n    Window, {{0.0, 0.0}, {414.0, 896.0}},\n    Window, {{0.0, 0.0}, {414.0, 896.0}},\n    Window, {{0.0, 0.0}, {414.0, 896.0}},\n    Window, {{0.0, 0.0}, {414.0, 896.0}},\n    Other, {{0.0, 0.0}, {414.0, 896.0}},\n    Other, {{0.0, 0.0}, {414.0, 896.0}},\n    Other, {{0.0, 0.0}, {414.0, 896.0}},\n    Other, {{0.0, 0.0}, {828.0, 1792.0}},\n    Other, {{0.0, 0.0}, {828.0, 1792.0}},\n    Other, {{0.0, 0.0}, {414.0, 896.0}},\n    StatusBar, {{0.0, 0.0}, {414.0, 48.0}},\n    Other, {{0.0, 0.0}, {414.0, 896.0}},\n    Other, {{0.0, 0.0}, {414.0, 896.0}},\n    Other, {{0.0, 0.0}, {414.0, 896.0}},\n    Other, {{0.0, 0.0}, {414.0, 896.0}},\n    Other, {{0.0, 0.0}, {828.0, 1792.0}},\n    Other, {{0.0, 0.0}, {828.0, 1792.0}},\n    Other, {{0.0, 0.0}, {414.0, 896.0}},\n    Other, {{0.0, 0.0}, {414.0, 896.0}},\n    Other, {{0.0, 896.0}, {414.0, 243.0}},\n    Other, {{0.0, 0.0}, {414.0, 896.0}},\n    Other, {{0.0, 0.0}, {828.0, 1792.0}},\n    Other, {{0.0, 0.0}, {414.0, 896.0}},\n    Other, {{0.0, 0.0}, {414.0, 896.0}},\n    Other, {{0.0, 0.0}, {828.0, 1792.0}},\n    Other, {{0.0, 0.0}, {414.0, 896.0}},\n    Other, {{0.0, 0.0}, {828.0, 1792.0}},\n    Other, {{0.0, 0.0}, {828.0, 1792.0}},\n    Other, {{0.0, 0.0}, {828.0, 1792.0}},\n    Other, {{0.0, 0.0}, {828.0, 1792.0}},\n    Other, {{0.0, 0.0}, {828.0, 1792.0}},\n    Other, {{0.0, 0.0}, {828.0, 1792.0}},\n    Other, {{0.0, 0.0}, {828.0, 1792.0}},\n    Other, {{0.0, 0.0}, {828.0, 1792.0}},\n    ScrollView, {{0.0, 0.0}, {414.0, 896.0}},\n    Other, {{0.0, 0.0}, {414.0, 896.0}}, identifier: 'AppSwitcherContentView',\n    Other, {{0.0, 0.0}, {414.0, 896.0}},\n    Other, {{0.0, 0.0}, {414.0, 896.0}}, identifier: 'card:com.zhortech.baliston.dev:sceneID:com.zhortech.baliston.dev-AF2D8FA5-BD74-48F3-B07E-91FF99672F33',\n    Other, {{0.0, 0.0}, {414.0, 896.0}},\n    Other, {{0.0, 0.0}, {414.0, 896.0}},\n    Other, {{0.0, 0.0}, {414.0, 896.0}},\n    Other, {{0.0, 0.0}, {414.0, 896.0}},\n    Other, {{0.0, 0.0}, {414.0, 896.0}},\n    ScrollView, {{0.0, -448.0}, {414.0, 1344.0}},\n    Other, {{0.0, 0.0}, {414.0, 896.0}},\n    Other, {{0.0, 0.0}, {414.0, 896.0}},\n    Other, {{0.0, 0.0}, {414.0, 896.0}},\n    Other, {{0.0, 0.0}, {414.0, 896.0}},\n    Other, {{0.0, 0.0}, {414.0, 896.0}}, identifier: 'Home Grabber',\n    Other, {{0.0, 0.0}, {414.0, 896.0}},\n    Other, {{0.0, 0.0}, {414.0, 896.0}},\n    Other, {{0.0, 0.0}, {414.0, 896.0}},\n    Other, {{133.0, 883.0}, {148.0, 5.0}},\n    Other, {{0.0, 0.0}, {414.0, 896.0}},\n    Other, {{0.0, 0.0}, {414.0, 896.0}},\n    Other, {{0.0, 0.0}, {414.0, 896.0}},\n    Other, {{0.0, 0.0}, {414.0, 896.0}},\n    Other, {{0.0, 0.0}, {414.0, 896.0}},\n    Other, {{0.0, 0.0}, {414.0, 896.0}},\n    Other, {{0.0, 0.0}, {414.0, 896.0}},\n    Other, {{0.0, 0.0}, {414.0, 896.0}},\n    Other, {{0.0, 0.0}, {414.0, 896.0}},\n    StatusBar, {{0.0, 0.0}, {414.0, 48.0}},\n    Other, {{0.0, 0.0}, {414.0, 48.0}},\n    Other, {{0.0, 0.0}, {414.0, 48.0}},\n    StaticText, {{29.5, 8.5}, {44.0, 19.5}}, label: '19:49',\n    Other, {{326.5, 19.0}, {18.5, 11.5}}, label: 'Mobile Data', value: No signal,\n    Other, {{349.5, 18.5}, {16.5, 12.0}}, identifier: '3 of 3 Wi-Fi bars', value: SSID, 3 of 3 Wi-Fi...,\n    Other, {{370.5, 18.5}, {26.5, 12.5}}, label: '100% battery power', value: Not charging,\n    Button, {{12.0, 31.5}, {43.5, 13.5}}, identifier: 'breadcrumb', label: 'Return to Safari'\n)}\n    at errorFromW3CJsonCode (/Users/Alex/.appium/appium-xcuitest-driver/node_modules/appium-base-driver/lib/protocol/errors.js:780:25)\n    at ProxyRequestError.getActualError (/Users/Alex/.appium/appium-xcuitest-driver/node_modules/appium-base-driver/lib/protocol/errors.js:663:14)\n    at asyncHandler (/usr/local/lib/node_modules/appium/node_modules/@appium/base-driver/lib/protocol/protocol.js:374:25)\n",
      "statusTrace" : "  File \"/Users/Alex/PycharmProjects/running-test/venv/lib/python3.9/site-packages/allure_commons/_allure.py\", line 172, in impl\n    return func(*a, **kw)\n  File \"/Users/Alex/PycharmProjects/baliston-test/src/page_object/pairing_process_screen.py\", line 87, in do_pairing_with_modules_simulator\n    super()._get_element_and_click(self._allow_system_camera_button)\n  File \"/Users/Alex/PycharmProjects/baliston-test/src/page_object/base_page.py\", line 176, in _get_element_and_click\n    assert element.is_displayed() is True, 'Cannot press to the button'\n  File \"/Users/Alex/PycharmProjects/running-test/venv/lib/python3.9/site-packages/appium/webdriver/webelement.py\", line 79, in is_displayed\n    return self._execute(RemoteCommand.IS_ELEMENT_DISPLAYED)['value']\n  File \"/Users/Alex/PycharmProjects/running-test/venv/lib/python3.9/site-packages/selenium/webdriver/remote/webelement.py\", line 693, in _execute\n    return self._parent.execute(command, params)\n  File \"/Users/Alex/PycharmProjects/running-test/venv/lib/python3.9/site-packages/selenium/webdriver/remote/webdriver.py\", line 418, in execute\n    self.error_handler.check_response(response)\n  File \"/Users/Alex/PycharmProjects/running-test/venv/lib/python3.9/site-packages/appium/webdriver/errorhandler.py\", line 31, in check_response\n    raise wde\n  File \"/Users/Alex/PycharmProjects/running-test/venv/lib/python3.9/site-packages/appium/webdriver/errorhandler.py\", line 26, in check_response\n    super().check_response(response)\n  File \"/Users/Alex/PycharmProjects/running-test/venv/lib/python3.9/site-packages/selenium/webdriver/remote/errorhandler.py\", line 243, in check_response\n    raise exception_class(message, screen, stacktrace)\n",
      "steps" : [ ],
      "attachments" : [ ],
      "parameters" : [ ],
      "stepsCount" : 0,
      "attachmentsCount" : 0,
      "shouldDisplayMessage" : true,
      "hasContent" : true
    } ],
    "attachments" : [ {
      "uid" : "50a5db76b32b4cd9",
      "name" : "stdout",
      "source" : "50a5db76b32b4cd9.txt",
      "type" : "text/plain",
      "size" : 277
    } ],
    "parameters" : [ ],
    "stepsCount" : 17,
    "attachmentsCount" : 1,
    "shouldDisplayMessage" : true,
    "hasContent" : true
  },
  "afterStages" : [ {
    "name" : "run_around_tests::0",
    "time" : {
      "start" : 1643046598372,
      "stop" : 1643046598372,
      "duration" : 0
    },
    "status" : "passed",
    "steps" : [ ],
    "attachments" : [ ],
    "parameters" : [ ],
    "stepsCount" : 0,
    "attachmentsCount" : 0,
    "shouldDisplayMessage" : false,
    "hasContent" : false
  }, {
    "name" : "appdriver::0",
    "time" : {
      "start" : 1643046598372,
      "stop" : 1643046599540,
      "duration" : 1168
    },
    "status" : "passed",
    "steps" : [ ],
    "attachments" : [ {
      "uid" : "fcfa3a60c2b94593",
      "name" : "screenshot",
      "source" : "fcfa3a60c2b94593.png",
      "type" : "image/png",
      "size" : 185240
    } ],
    "parameters" : [ ],
    "stepsCount" : 0,
    "attachmentsCount" : 1,
    "shouldDisplayMessage" : false,
    "hasContent" : true
  } ],
  "labels" : [ {
    "name" : "tag",
    "value" : "@pytest.mark.skipif(False, reason='Get started test for iOS only')"
  }, {
    "name" : "parentSuite",
    "value" : "tests"
  }, {
    "name" : "suite",
    "value" : "test_onboard"
  }, {
    "name" : "host",
    "value" : "MacBooks-MacBook-Pro.local"
  }, {
    "name" : "thread",
    "value" : "83691-MainThread"
  }, {
    "name" : "framework",
    "value" : "pytest"
  }, {
    "name" : "language",
    "value" : "cpython3"
  }, {
    "name" : "package",
    "value" : "tests.test_onboard"
  }, {
    "name" : "resultFormat",
    "value" : "allure2"
  } ],
  "parameters" : [ ],
  "links" : [ ],
  "hidden" : true,
  "retry" : true,
  "extra" : {
    "categories" : [ ],
    "tags" : [ "@pytest.mark.skipif(False, reason='Get started test for iOS only')" ]
  },
  "source" : "1ff7d8fa1a848682.json",
  "parameterValues" : [ ]
}