{
  "uid" : "3d74111e58537cc9",
  "name" : "Ex5: Testing camera settings Settings screen",
  "fullName" : "tests.test_profile#test_camera_settings",
  "historyId" : "22ca265148029e0cc18715cc1fd934ef",
  "time" : {
    "start" : 1643284936168,
    "stop" : 1643284936168,
    "duration" : 0
  },
  "status" : "skipped",
  "statusMessage" : "Skipped: Get started test for real device only, or android",
  "statusTrace" : "('/Users/Alex/PycharmProjects/baliston-test/tests/test_profile.py', 184, 'Skipped: Get started test for real device only, or android')",
  "flaky" : false,
  "newFailed" : false,
  "newBroken" : false,
  "newPassed" : false,
  "retriesCount" : 0,
  "retriesStatusChange" : false,
  "beforeStages" : [ {
    "name" : "appdriver",
    "time" : {
      "start" : 1643284646725,
      "stop" : 1643284652803,
      "duration" : 6078
    },
    "status" : "passed",
    "steps" : [ ],
    "attachments" : [ ],
    "parameters" : [ ],
    "stepsCount" : 0,
    "attachmentsCount" : 0,
    "shouldDisplayMessage" : false,
    "hasContent" : false
  }, {
    "name" : "run_around_tests",
    "time" : {
      "start" : 1643284652804,
      "stop" : 1643284652804,
      "duration" : 0
    },
    "status" : "passed",
    "steps" : [ ],
    "attachments" : [ ],
    "parameters" : [ ],
    "stepsCount" : 0,
    "attachmentsCount" : 0,
    "shouldDisplayMessage" : false,
    "hasContent" : false
  }, {
    "name" : "set_up",
    "time" : {
      "start" : 1643284936171,
      "stop" : 1643284936185,
      "duration" : 14
    },
    "status" : "broken",
    "statusMessage" : "selenium.common.exceptions.InvalidSessionIdException: Message: A session is either terminated or not started\nStacktrace:\nNoSuchDriverError: A session is either terminated or not started\n    at asyncHandler (/usr/local/lib/node_modules/appium/node_modules/@appium/base-driver/lib/protocol/protocol.js:231:15)\n    at /usr/local/lib/node_modules/appium/node_modules/@appium/base-driver/lib/protocol/protocol.js:424:15\n    at Layer.handle [as handle_request] (/usr/local/lib/node_modules/appium/node_modules/express/lib/router/layer.js:95:5)\n    at next (/usr/local/lib/node_modules/appium/node_modules/express/lib/router/route.js:137:13)\n    at Route.dispatch (/usr/local/lib/node_modules/appium/node_modules/express/lib/router/route.js:112:3)\n    at Layer.handle [as handle_request] (/usr/local/lib/node_modules/appium/node_modules/express/lib/router/layer.js:95:5)\n    at /usr/local/lib/node_modules/appium/node_modules/express/lib/router/index.js:281:22\n    at param (/usr/local/lib/node_modules/appium/node_modules/express/lib/router/index.js:354:14)\n    at param (/usr/local/lib/node_modules/appium/node_modules/express/lib/router/index.js:365:14)\n    at Function.process_params (/usr/local/lib/node_modules/appium/node_modules/express/lib/router/index.js:410:3)\n    at next (/usr/local/lib/node_modules/appium/node_modules/express/lib/router/index.js:275:10)\n    at logger (/usr/local/lib/node_modules/appium/node_modules/morgan/index.js:144:5)\n    at Layer.handle [as handle_request] (/usr/local/lib/node_modules/appium/node_modules/express/lib/router/layer.js:95:5)\n    at trim_prefix (/usr/local/lib/node_modules/appium/node_modules/express/lib/router/index.js:317:13)\n    at /usr/local/lib/node_modules/appium/node_modules/express/lib/router/index.js:284:7\n    at Function.process_params (/usr/local/lib/node_modules/appium/node_modules/express/lib/router/index.js:335:12)\n    at next (/usr/local/lib/node_modules/appium/node_modules/express/lib/router/index.js:275:10)\n    at /usr/local/lib/node_modules/appium/node_modules/body-parser/lib/read.js:130:5\n    at invokeCallback (/usr/local/lib/node_modules/appium/node_modules/raw-body/index.js:224:16)\n    at done (/usr/local/lib/node_modules/appium/node_modules/raw-body/index.js:213:7)\n    at IncomingMessage.onEnd (/usr/local/lib/node_modules/appium/node_modules/raw-body/index.js:273:7)\n    at IncomingMessage.emit (events.js:412:35)\n    at endReadableNT (internal/streams/readable.js:1334:12)\n    at processTicksAndRejections (internal/process/task_queues.js:82:21)\n",
    "statusTrace" : "  File \"/Users/Alex/PycharmProjects/running-test/venv/lib/python3.9/site-packages/pluggy/_callers.py\", line 39, in _multicall\n    res = hook_impl.function(*args)\n  File \"/Users/Alex/PycharmProjects/running-test/venv/lib/python3.9/site-packages/_pytest/fixtures.py\", line 1126, in pytest_fixture_setup\n    result = call_fixture_func(fixturefunc, request, kwargs)\n  File \"/Users/Alex/PycharmProjects/running-test/venv/lib/python3.9/site-packages/_pytest/fixtures.py\", line 932, in call_fixture_func\n    fixture_result = fixturefunc(**kwargs)\n  File \"/Users/Alex/PycharmProjects/baliston-test/tests/test_profile.py\", line 27, in set_up\n    GeneralFunctions(appdriver).start_up()\n  File \"/Users/Alex/PycharmProjects/baliston-test/src/page_object/general_function.py\", line 128, in start_up\n    super()._get_launch_app()\n  File \"/Users/Alex/PycharmProjects/baliston-test/src/page_object/base_page.py\", line 284, in _get_launch_app\n    WebDriver.launch_app(self._driver)\n  File \"/Users/Alex/PycharmProjects/running-test/venv/lib/python3.9/site-packages/appium/webdriver/extensions/applications.py\", line 115, in launch_app\n    self.execute(Command.LAUNCH_APP)\n  File \"/Users/Alex/PycharmProjects/running-test/venv/lib/python3.9/site-packages/selenium/webdriver/remote/webdriver.py\", line 418, in execute\n    self.error_handler.check_response(response)\n  File \"/Users/Alex/PycharmProjects/running-test/venv/lib/python3.9/site-packages/appium/webdriver/errorhandler.py\", line 31, in check_response\n    raise wde\n  File \"/Users/Alex/PycharmProjects/running-test/venv/lib/python3.9/site-packages/appium/webdriver/errorhandler.py\", line 26, in check_response\n    super().check_response(response)\n  File \"/Users/Alex/PycharmProjects/running-test/venv/lib/python3.9/site-packages/selenium/webdriver/remote/errorhandler.py\", line 243, in check_response\n    raise exception_class(message, screen, stacktrace)\n",
    "steps" : [ ],
    "attachments" : [ ],
    "parameters" : [ ],
    "stepsCount" : 0,
    "attachmentsCount" : 0,
    "shouldDisplayMessage" : true,
    "hasContent" : true
  } ],
  "afterStages" : [ {
    "name" : "run_around_tests::0",
    "time" : {
      "start" : 1643284936223,
      "stop" : 1643284936223,
      "duration" : 0
    },
    "status" : "passed",
    "steps" : [ ],
    "attachments" : [ ],
    "parameters" : [ ],
    "stepsCount" : 0,
    "attachmentsCount" : 0,
    "shouldDisplayMessage" : false,
    "hasContent" : false
  }, {
    "name" : "appdriver::0",
    "time" : {
      "start" : 1643284936224,
      "stop" : 1643284936237,
      "duration" : 13
    },
    "status" : "broken",
    "statusMessage" : "selenium.common.exceptions.InvalidSessionIdException: Message: A session is either terminated or not started\nStacktrace:\nNoSuchDriverError: A session is either terminated or not started\n    at asyncHandler (/usr/local/lib/node_modules/appium/node_modules/@appium/base-driver/lib/protocol/protocol.js:231:15)\n    at /usr/local/lib/node_modules/appium/node_modules/@appium/base-driver/lib/protocol/protocol.js:424:15\n    at Layer.handle [as handle_request] (/usr/local/lib/node_modules/appium/node_modules/express/lib/router/layer.js:95:5)\n    at next (/usr/local/lib/node_modules/appium/node_modules/express/lib/router/route.js:137:13)\n    at Route.dispatch (/usr/local/lib/node_modules/appium/node_modules/express/lib/router/route.js:112:3)\n    at Layer.handle [as handle_request] (/usr/local/lib/node_modules/appium/node_modules/express/lib/router/layer.js:95:5)\n    at /usr/local/lib/node_modules/appium/node_modules/express/lib/router/index.js:281:22\n    at param (/usr/local/lib/node_modules/appium/node_modules/express/lib/router/index.js:354:14)\n    at param (/usr/local/lib/node_modules/appium/node_modules/express/lib/router/index.js:365:14)\n    at Function.process_params (/usr/local/lib/node_modules/appium/node_modules/express/lib/router/index.js:410:3)\n    at next (/usr/local/lib/node_modules/appium/node_modules/express/lib/router/index.js:275:10)\n    at logger (/usr/local/lib/node_modules/appium/node_modules/morgan/index.js:144:5)\n    at Layer.handle [as handle_request] (/usr/local/lib/node_modules/appium/node_modules/express/lib/router/layer.js:95:5)\n    at trim_prefix (/usr/local/lib/node_modules/appium/node_modules/express/lib/router/index.js:317:13)\n    at /usr/local/lib/node_modules/appium/node_modules/express/lib/router/index.js:284:7\n    at Function.process_params (/usr/local/lib/node_modules/appium/node_modules/express/lib/router/index.js:335:12)\n    at next (/usr/local/lib/node_modules/appium/node_modules/express/lib/router/index.js:275:10)\n    at jsonParser (/usr/local/lib/node_modules/appium/node_modules/body-parser/lib/types/json.js:110:7)\n    at Layer.handle [as handle_request] (/usr/local/lib/node_modules/appium/node_modules/express/lib/router/layer.js:95:5)\n    at trim_prefix (/usr/local/lib/node_modules/appium/node_modules/express/lib/router/index.js:317:13)\n    at /usr/local/lib/node_modules/appium/node_modules/express/lib/router/index.js:284:7\n    at Function.process_params (/usr/local/lib/node_modules/appium/node_modules/express/lib/router/index.js:335:12)\n    at next (/usr/local/lib/node_modules/appium/node_modules/express/lib/router/index.js:275:10)\n    at Layer.handle [as handle_request] (/usr/local/lib/node_modules/appium/node_modules/express/lib/router/layer.js:91:12)\n    at trim_prefix (/usr/local/lib/node_modules/appium/node_modules/express/lib/router/index.js:317:13)\n    at /usr/local/lib/node_modules/appium/node_modules/express/lib/router/index.js:284:7\n    at Function.process_params (/usr/local/lib/node_modules/appium/node_modules/express/lib/router/index.js:335:12)\n    at next (/usr/local/lib/node_modules/appium/node_modules/express/lib/router/index.js:275:10)\n    at methodOverride (/usr/local/lib/node_modules/appium/node_modules/method-override/index.js:65:14)\n    at Layer.handle [as handle_request] (/usr/local/lib/node_modules/appium/node_modules/express/lib/router/layer.js:95:5)\n    at trim_prefix (/usr/local/lib/node_modules/appium/node_modules/express/lib/router/index.js:317:13)\n    at /usr/local/lib/node_modules/appium/node_modules/express/lib/router/index.js:284:7\n    at Function.process_params (/usr/local/lib/node_modules/appium/node_modules/express/lib/router/index.js:335:12)\n    at next (/usr/local/lib/node_modules/appium/node_modules/express/lib/router/index.js:275:10)\n",
    "statusTrace" : "  File \"/Users/Alex/PycharmProjects/running-test/venv/lib/python3.9/site-packages/allure_commons/_allure.py\", line 200, in __call__\n    return self._fixture_function(*args, **kwargs)\n  File \"/Users/Alex/PycharmProjects/running-test/venv/lib/python3.9/site-packages/_pytest/fixtures.py\", line 941, in _teardown_yield_fixture\n    next(it)\n  File \"/Users/Alex/PycharmProjects/baliston-test/conftest.py\", line 37, in appdriver\n    save_screenshot(driver)\n  File \"/Users/Alex/PycharmProjects/baliston-test/conftest.py\", line 107, in save_screenshot\n    appdriver.get_screenshot_as_png(),\n  File \"/Users/Alex/PycharmProjects/running-test/venv/lib/python3.9/site-packages/selenium/webdriver/remote/webdriver.py\", line 1347, in get_screenshot_as_png\n    return b64decode(self.get_screenshot_as_base64().encode('ascii'))\n  File \"/Users/Alex/PycharmProjects/running-test/venv/lib/python3.9/site-packages/selenium/webdriver/remote/webdriver.py\", line 1359, in get_screenshot_as_base64\n    return self.execute(Command.SCREENSHOT)['value']\n  File \"/Users/Alex/PycharmProjects/running-test/venv/lib/python3.9/site-packages/selenium/webdriver/remote/webdriver.py\", line 418, in execute\n    self.error_handler.check_response(response)\n  File \"/Users/Alex/PycharmProjects/running-test/venv/lib/python3.9/site-packages/appium/webdriver/errorhandler.py\", line 31, in check_response\n    raise wde\n  File \"/Users/Alex/PycharmProjects/running-test/venv/lib/python3.9/site-packages/appium/webdriver/errorhandler.py\", line 26, in check_response\n    super().check_response(response)\n  File \"/Users/Alex/PycharmProjects/running-test/venv/lib/python3.9/site-packages/selenium/webdriver/remote/errorhandler.py\", line 243, in check_response\n    raise exception_class(message, screen, stacktrace)\n",
    "steps" : [ ],
    "attachments" : [ ],
    "parameters" : [ ],
    "stepsCount" : 0,
    "attachmentsCount" : 0,
    "shouldDisplayMessage" : true,
    "hasContent" : true
  } ],
  "labels" : [ {
    "name" : "tag",
    "value" : "@pytest.mark.skipif(True, reason='Get started test for real device only, or android')"
  }, {
    "name" : "parentSuite",
    "value" : "tests"
  }, {
    "name" : "suite",
    "value" : "test_profile"
  }, {
    "name" : "host",
    "value" : "MacBooks-MacBook-Pro.local"
  }, {
    "name" : "thread",
    "value" : "21810-MainThread"
  }, {
    "name" : "framework",
    "value" : "pytest"
  }, {
    "name" : "language",
    "value" : "cpython3"
  }, {
    "name" : "package",
    "value" : "tests.test_profile"
  }, {
    "name" : "resultFormat",
    "value" : "allure2"
  } ],
  "parameters" : [ ],
  "links" : [ ],
  "hidden" : true,
  "retry" : true,
  "extra" : {
    "categories" : [ ],
    "tags" : [ "@pytest.mark.skipif(True, reason='Get started test for real device only, or android')" ]
  },
  "source" : "3d74111e58537cc9.json",
  "parameterValues" : [ ]
}