{
  "uid" : "463f9f260e0b3df2",
  "name" : "Ex1: Testing Sing Up with wrong symbols in email",
  "fullName" : "tests.test_functional#test_sign_up_email_error",
  "historyId" : "bfd1a2d684edc216690209bad62d0f9d",
  "time" : {
    "start" : 1643284706261,
    "stop" : 1643284739595,
    "duration" : 33334
  },
  "status" : "passed",
  "flaky" : false,
  "newFailed" : false,
  "newBroken" : false,
  "newPassed" : false,
  "retriesCount" : 4,
  "retriesStatusChange" : true,
  "beforeStages" : [ {
    "name" : "appdriver",
    "time" : {
      "start" : 1643284646725,
      "stop" : 1643284652803,
      "duration" : 6078
    },
    "status" : "passed",
    "steps" : [ ],
    "attachments" : [ ],
    "parameters" : [ ],
    "stepsCount" : 0,
    "attachmentsCount" : 0,
    "shouldDisplayMessage" : false,
    "hasContent" : false
  }, {
    "name" : "run_around_tests",
    "time" : {
      "start" : 1643284652804,
      "stop" : 1643284652804,
      "duration" : 0
    },
    "status" : "passed",
    "steps" : [ ],
    "attachments" : [ ],
    "parameters" : [ ],
    "stepsCount" : 0,
    "attachmentsCount" : 0,
    "shouldDisplayMessage" : false,
    "hasContent" : false
  }, {
    "name" : "appdriver",
    "time" : {
      "start" : 1643284700042,
      "stop" : 1643284706060,
      "duration" : 6018
    },
    "status" : "passed",
    "steps" : [ ],
    "attachments" : [ ],
    "parameters" : [ ],
    "stepsCount" : 0,
    "attachmentsCount" : 0,
    "shouldDisplayMessage" : false,
    "hasContent" : false
  } ],
  "testStage" : {
    "status" : "passed",
    "steps" : [ {
      "name" : "Press Give Allow Bluetooth button on welcome screen",
      "time" : {
        "start" : 1643284706262,
        "stop" : 1643284710693,
        "duration" : 4431
      },
      "status" : "passed",
      "steps" : [ ],
      "attachments" : [ ],
      "parameters" : [ ],
      "stepsCount" : 0,
      "attachmentsCount" : 0,
      "shouldDisplayMessage" : false,
      "hasContent" : false
    }, {
      "name" : "Checking intro text on welcome screen",
      "time" : {
        "start" : 1643284710693,
        "stop" : 1643284711119,
        "duration" : 426
      },
      "status" : "passed",
      "steps" : [ ],
      "attachments" : [ ],
      "parameters" : [ ],
      "stepsCount" : 0,
      "attachmentsCount" : 0,
      "shouldDisplayMessage" : false,
      "hasContent" : false
    }, {
      "name" : "Swipe right for read all welcome info",
      "time" : {
        "start" : 1643284711119,
        "stop" : 1643284714540,
        "duration" : 3421
      },
      "status" : "passed",
      "steps" : [ ],
      "attachments" : [ ],
      "parameters" : [ ],
      "stepsCount" : 0,
      "attachmentsCount" : 0,
      "shouldDisplayMessage" : false,
      "hasContent" : false
    }, {
      "name" : "Press \"Sign Up\" button on welcome screen",
      "time" : {
        "start" : 1643284714540,
        "stop" : 1643284715268,
        "duration" : 728
      },
      "status" : "passed",
      "steps" : [ ],
      "attachments" : [ ],
      "parameters" : [ ],
      "stepsCount" : 0,
      "attachmentsCount" : 0,
      "shouldDisplayMessage" : false,
      "hasContent" : false
    }, {
      "name" : "Click on \"'#fake_email.com'\" field\", clear and set app email for IOS or Android",
      "time" : {
        "start" : 1643284715268,
        "stop" : 1643284730351,
        "duration" : 15083
      },
      "status" : "passed",
      "steps" : [ ],
      "attachments" : [ ],
      "parameters" : [ {
        "name" : "email",
        "value" : "'#fake_email.com'"
      } ],
      "stepsCount" : 0,
      "attachmentsCount" : 0,
      "shouldDisplayMessage" : false,
      "hasContent" : true
    }, {
      "name" : "Press create account button",
      "time" : {
        "start" : 1643284730351,
        "stop" : 1643284734184,
        "duration" : 3833
      },
      "status" : "passed",
      "steps" : [ ],
      "attachments" : [ ],
      "parameters" : [ ],
      "stepsCount" : 0,
      "attachmentsCount" : 0,
      "shouldDisplayMessage" : false,
      "hasContent" : false
    }, {
      "name" : "Check email error text is visible",
      "time" : {
        "start" : 1643284734185,
        "stop" : 1643284735223,
        "duration" : 1038
      },
      "status" : "passed",
      "steps" : [ ],
      "attachments" : [ ],
      "parameters" : [ ],
      "stepsCount" : 0,
      "attachmentsCount" : 0,
      "shouldDisplayMessage" : false,
      "hasContent" : false
    } ],
    "attachments" : [ {
      "uid" : "36b421d8cf478d7c",
      "name" : "log",
      "source" : "36b421d8cf478d7c.txt",
      "type" : "text/plain",
      "size" : 80
    }, {
      "uid" : "63720d950a772",
      "name" : "stdout",
      "source" : "63720d950a772.txt",
      "type" : "text/plain",
      "size" : 145
    } ],
    "parameters" : [ ],
    "stepsCount" : 7,
    "attachmentsCount" : 2,
    "shouldDisplayMessage" : false,
    "hasContent" : true
  },
  "afterStages" : [ {
    "name" : "run_around_tests::0",
    "time" : {
      "start" : 1643284936223,
      "stop" : 1643284936223,
      "duration" : 0
    },
    "status" : "passed",
    "steps" : [ ],
    "attachments" : [ ],
    "parameters" : [ ],
    "stepsCount" : 0,
    "attachmentsCount" : 0,
    "shouldDisplayMessage" : false,
    "hasContent" : false
  }, {
    "name" : "appdriver::0",
    "time" : {
      "start" : 1643284936224,
      "stop" : 1643284936237,
      "duration" : 13
    },
    "status" : "broken",
    "statusMessage" : "selenium.common.exceptions.InvalidSessionIdException: Message: A session is either terminated or not started\nStacktrace:\nNoSuchDriverError: A session is either terminated or not started\n    at asyncHandler (/usr/local/lib/node_modules/appium/node_modules/@appium/base-driver/lib/protocol/protocol.js:231:15)\n    at /usr/local/lib/node_modules/appium/node_modules/@appium/base-driver/lib/protocol/protocol.js:424:15\n    at Layer.handle [as handle_request] (/usr/local/lib/node_modules/appium/node_modules/express/lib/router/layer.js:95:5)\n    at next (/usr/local/lib/node_modules/appium/node_modules/express/lib/router/route.js:137:13)\n    at Route.dispatch (/usr/local/lib/node_modules/appium/node_modules/express/lib/router/route.js:112:3)\n    at Layer.handle [as handle_request] (/usr/local/lib/node_modules/appium/node_modules/express/lib/router/layer.js:95:5)\n    at /usr/local/lib/node_modules/appium/node_modules/express/lib/router/index.js:281:22\n    at param (/usr/local/lib/node_modules/appium/node_modules/express/lib/router/index.js:354:14)\n    at param (/usr/local/lib/node_modules/appium/node_modules/express/lib/router/index.js:365:14)\n    at Function.process_params (/usr/local/lib/node_modules/appium/node_modules/express/lib/router/index.js:410:3)\n    at next (/usr/local/lib/node_modules/appium/node_modules/express/lib/router/index.js:275:10)\n    at logger (/usr/local/lib/node_modules/appium/node_modules/morgan/index.js:144:5)\n    at Layer.handle [as handle_request] (/usr/local/lib/node_modules/appium/node_modules/express/lib/router/layer.js:95:5)\n    at trim_prefix (/usr/local/lib/node_modules/appium/node_modules/express/lib/router/index.js:317:13)\n    at /usr/local/lib/node_modules/appium/node_modules/express/lib/router/index.js:284:7\n    at Function.process_params (/usr/local/lib/node_modules/appium/node_modules/express/lib/router/index.js:335:12)\n    at next (/usr/local/lib/node_modules/appium/node_modules/express/lib/router/index.js:275:10)\n    at jsonParser (/usr/local/lib/node_modules/appium/node_modules/body-parser/lib/types/json.js:110:7)\n    at Layer.handle [as handle_request] (/usr/local/lib/node_modules/appium/node_modules/express/lib/router/layer.js:95:5)\n    at trim_prefix (/usr/local/lib/node_modules/appium/node_modules/express/lib/router/index.js:317:13)\n    at /usr/local/lib/node_modules/appium/node_modules/express/lib/router/index.js:284:7\n    at Function.process_params (/usr/local/lib/node_modules/appium/node_modules/express/lib/router/index.js:335:12)\n    at next (/usr/local/lib/node_modules/appium/node_modules/express/lib/router/index.js:275:10)\n    at Layer.handle [as handle_request] (/usr/local/lib/node_modules/appium/node_modules/express/lib/router/layer.js:91:12)\n    at trim_prefix (/usr/local/lib/node_modules/appium/node_modules/express/lib/router/index.js:317:13)\n    at /usr/local/lib/node_modules/appium/node_modules/express/lib/router/index.js:284:7\n    at Function.process_params (/usr/local/lib/node_modules/appium/node_modules/express/lib/router/index.js:335:12)\n    at next (/usr/local/lib/node_modules/appium/node_modules/express/lib/router/index.js:275:10)\n    at methodOverride (/usr/local/lib/node_modules/appium/node_modules/method-override/index.js:65:14)\n    at Layer.handle [as handle_request] (/usr/local/lib/node_modules/appium/node_modules/express/lib/router/layer.js:95:5)\n    at trim_prefix (/usr/local/lib/node_modules/appium/node_modules/express/lib/router/index.js:317:13)\n    at /usr/local/lib/node_modules/appium/node_modules/express/lib/router/index.js:284:7\n    at Function.process_params (/usr/local/lib/node_modules/appium/node_modules/express/lib/router/index.js:335:12)\n    at next (/usr/local/lib/node_modules/appium/node_modules/express/lib/router/index.js:275:10)\n",
    "statusTrace" : "  File \"/Users/Alex/PycharmProjects/running-test/venv/lib/python3.9/site-packages/allure_commons/_allure.py\", line 200, in __call__\n    return self._fixture_function(*args, **kwargs)\n  File \"/Users/Alex/PycharmProjects/running-test/venv/lib/python3.9/site-packages/_pytest/fixtures.py\", line 941, in _teardown_yield_fixture\n    next(it)\n  File \"/Users/Alex/PycharmProjects/baliston-test/conftest.py\", line 37, in appdriver\n    save_screenshot(driver)\n  File \"/Users/Alex/PycharmProjects/baliston-test/conftest.py\", line 107, in save_screenshot\n    appdriver.get_screenshot_as_png(),\n  File \"/Users/Alex/PycharmProjects/running-test/venv/lib/python3.9/site-packages/selenium/webdriver/remote/webdriver.py\", line 1347, in get_screenshot_as_png\n    return b64decode(self.get_screenshot_as_base64().encode('ascii'))\n  File \"/Users/Alex/PycharmProjects/running-test/venv/lib/python3.9/site-packages/selenium/webdriver/remote/webdriver.py\", line 1359, in get_screenshot_as_base64\n    return self.execute(Command.SCREENSHOT)['value']\n  File \"/Users/Alex/PycharmProjects/running-test/venv/lib/python3.9/site-packages/selenium/webdriver/remote/webdriver.py\", line 418, in execute\n    self.error_handler.check_response(response)\n  File \"/Users/Alex/PycharmProjects/running-test/venv/lib/python3.9/site-packages/appium/webdriver/errorhandler.py\", line 31, in check_response\n    raise wde\n  File \"/Users/Alex/PycharmProjects/running-test/venv/lib/python3.9/site-packages/appium/webdriver/errorhandler.py\", line 26, in check_response\n    super().check_response(response)\n  File \"/Users/Alex/PycharmProjects/running-test/venv/lib/python3.9/site-packages/selenium/webdriver/remote/errorhandler.py\", line 243, in check_response\n    raise exception_class(message, screen, stacktrace)\n",
    "steps" : [ ],
    "attachments" : [ ],
    "parameters" : [ ],
    "stepsCount" : 0,
    "attachmentsCount" : 0,
    "shouldDisplayMessage" : true,
    "hasContent" : true
  }, {
    "name" : "appdriver::0",
    "time" : {
      "start" : 1643284936238,
      "stop" : 1643284936385,
      "duration" : 147
    },
    "status" : "passed",
    "steps" : [ ],
    "attachments" : [ {
      "uid" : "40b9954171fc856b",
      "name" : "screenshot",
      "source" : "40b9954171fc856b.png",
      "type" : "image/png",
      "size" : 34432
    } ],
    "parameters" : [ ],
    "stepsCount" : 0,
    "attachmentsCount" : 1,
    "shouldDisplayMessage" : false,
    "hasContent" : true
  } ],
  "labels" : [ {
    "name" : "parentSuite",
    "value" : "tests"
  }, {
    "name" : "suite",
    "value" : "test_functional"
  }, {
    "name" : "host",
    "value" : "MacBooks-MacBook-Pro.local"
  }, {
    "name" : "thread",
    "value" : "21810-MainThread"
  }, {
    "name" : "framework",
    "value" : "pytest"
  }, {
    "name" : "language",
    "value" : "cpython3"
  }, {
    "name" : "package",
    "value" : "tests.test_functional"
  }, {
    "name" : "resultFormat",
    "value" : "allure2"
  } ],
  "parameters" : [ {
    "name" : "test_input",
    "value" : "'#fake_email.com'"
  } ],
  "links" : [ ],
  "hidden" : false,
  "retry" : false,
  "extra" : {
    "severity" : "normal",
    "retries" : [ {
      "uid" : "15189b18439da9a8",
      "status" : "passed",
      "time" : {
        "start" : 1643284408373,
        "stop" : 1643284441946,
        "duration" : 33573
      }
    }, {
      "uid" : "6a11575b83a9ce7e",
      "status" : "passed",
      "time" : {
        "start" : 1643043762201,
        "stop" : 1643043795203,
        "duration" : 33002
      }
    }, {
      "uid" : "f130a304ab8b170a",
      "status" : "broken",
      "statusDetails" : "selenium.common.exceptions.TimeoutException: Message: id : I’M NEW TO BALISTON\nStacktrace:\nNoSuchElementError: An element could not be located on the page using the given search parameters.\n    at XCUITestDriver.doNativeFind (/Users/Alex/.appium/appium-xcuitest-driver/node_modules/appium-xcuitest-driver/lib/commands/find.js:130:11)\n    at runMicrotasks (<anonymous>)\n    at processTicksAndRejections (internal/process/task_queues.js:95:5)\n    at XCUITestDriver.findNativeElementOrElements (/Users/Alex/.appium/appium-xcuitest-driver/node_modules/appium-xcuitest-driver/lib/commands/find.js:90:10)\n    at XCUITestDriver.findElOrEls (/Users/Alex/.appium/appium-xcuitest-driver/node_modules/appium-xcuitest-driver/lib/commands/find.js:23:12)\n    at XCUITestDriver.findElOrElsWithProcessing (/Users/Alex/.appium/appium-xcuitest-driver/node_modules/appium-base-driver/lib/basedriver/commands/find.js:33:12)\n    at XCUITestDriver.findElement (/Users/Alex/.appium/appium-xcuitest-driver/node_modules/appium-base-driver/lib/basedriver/commands/find.js:53:10)",
      "time" : {
        "start" : 1643043308302,
        "stop" : 1643043337407,
        "duration" : 29105
      }
    }, {
      "uid" : "66f892b1da92970",
      "status" : "broken",
      "statusDetails" : "selenium.common.exceptions.TimeoutException: Message: id : I’M NEW TO BALISTON\nStacktrace:\nNoSuchElementError: An element could not be located on the page using the given search parameters.\n    at XCUITestDriver.doNativeFind (/Users/Alex/.appium/appium-xcuitest-driver/node_modules/appium-xcuitest-driver/lib/commands/find.js:130:11)\n    at runMicrotasks (<anonymous>)\n    at processTicksAndRejections (internal/process/task_queues.js:95:5)\n    at XCUITestDriver.findNativeElementOrElements (/Users/Alex/.appium/appium-xcuitest-driver/node_modules/appium-xcuitest-driver/lib/commands/find.js:90:10)\n    at XCUITestDriver.findElOrEls (/Users/Alex/.appium/appium-xcuitest-driver/node_modules/appium-xcuitest-driver/lib/commands/find.js:23:12)\n    at XCUITestDriver.findElOrElsWithProcessing (/Users/Alex/.appium/appium-xcuitest-driver/node_modules/appium-base-driver/lib/basedriver/commands/find.js:33:12)\n    at XCUITestDriver.findElement (/Users/Alex/.appium/appium-xcuitest-driver/node_modules/appium-base-driver/lib/basedriver/commands/find.js:53:10)",
      "time" : {
        "start" : 1643043199536,
        "stop" : 1643043228217,
        "duration" : 28681
      }
    } ],
    "categories" : [ ],
    "tags" : [ ]
  },
  "source" : "463f9f260e0b3df2.json",
  "parameterValues" : [ "'#fake_email.com'" ]
}