{
  "uid" : "66f892b1da92970",
  "name" : "Ex1: Testing Sing Up with wrong symbols in email",
  "fullName" : "tests.test_functional#test_sign_up_email_error",
  "historyId" : "bfd1a2d684edc216690209bad62d0f9d",
  "time" : {
    "start" : 1643043199536,
    "stop" : 1643043228217,
    "duration" : 28681
  },
  "status" : "broken",
  "statusMessage" : "selenium.common.exceptions.TimeoutException: Message: id : I’M NEW TO BALISTON\nStacktrace:\nNoSuchElementError: An element could not be located on the page using the given search parameters.\n    at XCUITestDriver.doNativeFind (/Users/Alex/.appium/appium-xcuitest-driver/node_modules/appium-xcuitest-driver/lib/commands/find.js:130:11)\n    at runMicrotasks (<anonymous>)\n    at processTicksAndRejections (internal/process/task_queues.js:95:5)\n    at XCUITestDriver.findNativeElementOrElements (/Users/Alex/.appium/appium-xcuitest-driver/node_modules/appium-xcuitest-driver/lib/commands/find.js:90:10)\n    at XCUITestDriver.findElOrEls (/Users/Alex/.appium/appium-xcuitest-driver/node_modules/appium-xcuitest-driver/lib/commands/find.js:23:12)\n    at XCUITestDriver.findElOrElsWithProcessing (/Users/Alex/.appium/appium-xcuitest-driver/node_modules/appium-base-driver/lib/basedriver/commands/find.js:33:12)\n    at XCUITestDriver.findElement (/Users/Alex/.appium/appium-xcuitest-driver/node_modules/appium-base-driver/lib/basedriver/commands/find.js:53:10)",
  "statusTrace" : "appdriver = <appium.webdriver.webdriver.WebDriver (session=\"22459f34-a892-4ed2-b396-373385c40849\")>, test_input = '#fake_email.com'\n\n    @pytest.mark.parametrize(\"test_input\",[(\"#fake_email.com\"),(\"fake_email@mail,com\")])\n    # @pytest.mark.Sign_Up_Email_Error\n    # @pytest.mark.skip\n    # @pytest.mark.skipif(IS_ANDROID, reason='Get started test for iOS only')\n    @allure.title('Ex1: Testing Sing Up with wrong symbols in email')\n    def test_sign_up_email_error(appdriver, test_input):\n        # clear cash before this test/ reinstall app\n        # # # # Set app info\n        OnboardScreen(appdriver).test_log()\n        OnboardScreen(appdriver).give_allow_bluetooth()\n        OnboardScreen(appdriver).check_intro_text()\n        OnboardScreen(appdriver).swipe_right_intro_flow()\n        # OnboardScreen(appdriver).check_welcome_text()\n>       OnboardScreen(appdriver).press_register_button()\n\ntests/test_functional.py:31: \n_ _ _ _ _ _ _ _ _ _ _ _ _ _ _ _ _ _ _ _ _ _ _ _ _ _ _ _ _ _ _ _ _ _ _ _ _ _ _ _ _ _ _ _ _ _ _ _ _ _ _ _ _ _ _ _ _ _ _ _ _ _ _ _ _ _ _ _ _ _ _ _ _ _ _ _ _ _ _ _ _ _ _ _ _ _ _ _ _ _\nsrc/page_object/onboarding_screen.py:181: in press_register_button\n    super()._get_element_and_click(self._im_new_baliston)\nsrc/page_object/base_page.py:174: in _get_element_and_click\n    element = WebDriverWait(self._driver, timeout).until(\n_ _ _ _ _ _ _ _ _ _ _ _ _ _ _ _ _ _ _ _ _ _ _ _ _ _ _ _ _ _ _ _ _ _ _ _ _ _ _ _ _ _ _ _ _ _ _ _ _ _ _ _ _ _ _ _ _ _ _ _ _ _ _ _ _ _ _ _ _ _ _ _ _ _ _ _ _ _ _ _ _ _ _ _ _ _ _ _ _ _\n\nself = <selenium.webdriver.support.wait.WebDriverWait (session=\"22459f34-a892-4ed2-b396-373385c40849\")>\nmethod = <function visibility_of_element_located.<locals>._predicate at 0x10cea1670>, message = 'id : I’M NEW TO BALISTON'\n\n    def until(self, method, message=''):\n        \"\"\"Calls the method provided with the driver as an argument until the \\\n        return value does not evaluate to ``False``.\n    \n        :param method: callable(WebDriver)\n        :param message: optional message for :exc:`TimeoutException`\n        :returns: the result of the last call to `method`\n        :raises: :exc:`selenium.common.exceptions.TimeoutException` if timeout occurs\n        \"\"\"\n        screen = None\n        stacktrace = None\n    \n        end_time = time.time() + self._timeout\n        while True:\n            try:\n                value = method(self._driver)\n                if value:\n                    return value\n            except InvalidSelectorException as e:\n                raise e\n            except self._ignored_exceptions as exc:\n                screen = getattr(exc, 'screen', None)\n                stacktrace = getattr(exc, 'stacktrace', None)\n            time.sleep(self._poll)\n            if time.time() > end_time:\n                break\n>       raise TimeoutException(message, screen, stacktrace)\nE       selenium.common.exceptions.TimeoutException: Message: id : I’M NEW TO BALISTON\nE       Stacktrace:\nE       NoSuchElementError: An element could not be located on the page using the given search parameters.\nE           at XCUITestDriver.doNativeFind (/Users/Alex/.appium/appium-xcuitest-driver/node_modules/appium-xcuitest-driver/lib/commands/find.js:130:11)\nE           at runMicrotasks (<anonymous>)\nE           at processTicksAndRejections (internal/process/task_queues.js:95:5)\nE           at XCUITestDriver.findNativeElementOrElements (/Users/Alex/.appium/appium-xcuitest-driver/node_modules/appium-xcuitest-driver/lib/commands/find.js:90:10)\nE           at XCUITestDriver.findElOrEls (/Users/Alex/.appium/appium-xcuitest-driver/node_modules/appium-xcuitest-driver/lib/commands/find.js:23:12)\nE           at XCUITestDriver.findElOrElsWithProcessing (/Users/Alex/.appium/appium-xcuitest-driver/node_modules/appium-base-driver/lib/basedriver/commands/find.js:33:12)\nE           at XCUITestDriver.findElement (/Users/Alex/.appium/appium-xcuitest-driver/node_modules/appium-base-driver/lib/basedriver/commands/find.js:53:10)\n\n../running-test/venv/lib/python3.9/site-packages/selenium/webdriver/support/wait.py:89: TimeoutException",
  "flaky" : false,
  "newFailed" : false,
  "newBroken" : false,
  "newPassed" : false,
  "retriesCount" : 0,
  "retriesStatusChange" : false,
  "beforeStages" : [ {
    "name" : "appdriver",
    "time" : {
      "start" : 1643043139606,
      "stop" : 1643043145869,
      "duration" : 6263
    },
    "status" : "passed",
    "steps" : [ ],
    "attachments" : [ ],
    "parameters" : [ ],
    "stepsCount" : 0,
    "attachmentsCount" : 0,
    "shouldDisplayMessage" : false,
    "hasContent" : false
  }, {
    "name" : "run_around_tests",
    "time" : {
      "start" : 1643043145869,
      "stop" : 1643043145870,
      "duration" : 1
    },
    "status" : "passed",
    "steps" : [ ],
    "attachments" : [ ],
    "parameters" : [ ],
    "stepsCount" : 0,
    "attachmentsCount" : 0,
    "shouldDisplayMessage" : false,
    "hasContent" : false
  } ],
  "testStage" : {
    "status" : "broken",
    "statusMessage" : "selenium.common.exceptions.TimeoutException: Message: id : I’M NEW TO BALISTON\nStacktrace:\nNoSuchElementError: An element could not be located on the page using the given search parameters.\n    at XCUITestDriver.doNativeFind (/Users/Alex/.appium/appium-xcuitest-driver/node_modules/appium-xcuitest-driver/lib/commands/find.js:130:11)\n    at runMicrotasks (<anonymous>)\n    at processTicksAndRejections (internal/process/task_queues.js:95:5)\n    at XCUITestDriver.findNativeElementOrElements (/Users/Alex/.appium/appium-xcuitest-driver/node_modules/appium-xcuitest-driver/lib/commands/find.js:90:10)\n    at XCUITestDriver.findElOrEls (/Users/Alex/.appium/appium-xcuitest-driver/node_modules/appium-xcuitest-driver/lib/commands/find.js:23:12)\n    at XCUITestDriver.findElOrElsWithProcessing (/Users/Alex/.appium/appium-xcuitest-driver/node_modules/appium-base-driver/lib/basedriver/commands/find.js:33:12)\n    at XCUITestDriver.findElement (/Users/Alex/.appium/appium-xcuitest-driver/node_modules/appium-base-driver/lib/basedriver/commands/find.js:53:10)",
    "statusTrace" : "appdriver = <appium.webdriver.webdriver.WebDriver (session=\"22459f34-a892-4ed2-b396-373385c40849\")>, test_input = '#fake_email.com'\n\n    @pytest.mark.parametrize(\"test_input\",[(\"#fake_email.com\"),(\"fake_email@mail,com\")])\n    # @pytest.mark.Sign_Up_Email_Error\n    # @pytest.mark.skip\n    # @pytest.mark.skipif(IS_ANDROID, reason='Get started test for iOS only')\n    @allure.title('Ex1: Testing Sing Up with wrong symbols in email')\n    def test_sign_up_email_error(appdriver, test_input):\n        # clear cash before this test/ reinstall app\n        # # # # Set app info\n        OnboardScreen(appdriver).test_log()\n        OnboardScreen(appdriver).give_allow_bluetooth()\n        OnboardScreen(appdriver).check_intro_text()\n        OnboardScreen(appdriver).swipe_right_intro_flow()\n        # OnboardScreen(appdriver).check_welcome_text()\n>       OnboardScreen(appdriver).press_register_button()\n\ntests/test_functional.py:31: \n_ _ _ _ _ _ _ _ _ _ _ _ _ _ _ _ _ _ _ _ _ _ _ _ _ _ _ _ _ _ _ _ _ _ _ _ _ _ _ _ _ _ _ _ _ _ _ _ _ _ _ _ _ _ _ _ _ _ _ _ _ _ _ _ _ _ _ _ _ _ _ _ _ _ _ _ _ _ _ _ _ _ _ _ _ _ _ _ _ _\nsrc/page_object/onboarding_screen.py:181: in press_register_button\n    super()._get_element_and_click(self._im_new_baliston)\nsrc/page_object/base_page.py:174: in _get_element_and_click\n    element = WebDriverWait(self._driver, timeout).until(\n_ _ _ _ _ _ _ _ _ _ _ _ _ _ _ _ _ _ _ _ _ _ _ _ _ _ _ _ _ _ _ _ _ _ _ _ _ _ _ _ _ _ _ _ _ _ _ _ _ _ _ _ _ _ _ _ _ _ _ _ _ _ _ _ _ _ _ _ _ _ _ _ _ _ _ _ _ _ _ _ _ _ _ _ _ _ _ _ _ _\n\nself = <selenium.webdriver.support.wait.WebDriverWait (session=\"22459f34-a892-4ed2-b396-373385c40849\")>\nmethod = <function visibility_of_element_located.<locals>._predicate at 0x10cea1670>, message = 'id : I’M NEW TO BALISTON'\n\n    def until(self, method, message=''):\n        \"\"\"Calls the method provided with the driver as an argument until the \\\n        return value does not evaluate to ``False``.\n    \n        :param method: callable(WebDriver)\n        :param message: optional message for :exc:`TimeoutException`\n        :returns: the result of the last call to `method`\n        :raises: :exc:`selenium.common.exceptions.TimeoutException` if timeout occurs\n        \"\"\"\n        screen = None\n        stacktrace = None\n    \n        end_time = time.time() + self._timeout\n        while True:\n            try:\n                value = method(self._driver)\n                if value:\n                    return value\n            except InvalidSelectorException as e:\n                raise e\n            except self._ignored_exceptions as exc:\n                screen = getattr(exc, 'screen', None)\n                stacktrace = getattr(exc, 'stacktrace', None)\n            time.sleep(self._poll)\n            if time.time() > end_time:\n                break\n>       raise TimeoutException(message, screen, stacktrace)\nE       selenium.common.exceptions.TimeoutException: Message: id : I’M NEW TO BALISTON\nE       Stacktrace:\nE       NoSuchElementError: An element could not be located on the page using the given search parameters.\nE           at XCUITestDriver.doNativeFind (/Users/Alex/.appium/appium-xcuitest-driver/node_modules/appium-xcuitest-driver/lib/commands/find.js:130:11)\nE           at runMicrotasks (<anonymous>)\nE           at processTicksAndRejections (internal/process/task_queues.js:95:5)\nE           at XCUITestDriver.findNativeElementOrElements (/Users/Alex/.appium/appium-xcuitest-driver/node_modules/appium-xcuitest-driver/lib/commands/find.js:90:10)\nE           at XCUITestDriver.findElOrEls (/Users/Alex/.appium/appium-xcuitest-driver/node_modules/appium-xcuitest-driver/lib/commands/find.js:23:12)\nE           at XCUITestDriver.findElOrElsWithProcessing (/Users/Alex/.appium/appium-xcuitest-driver/node_modules/appium-base-driver/lib/basedriver/commands/find.js:33:12)\nE           at XCUITestDriver.findElement (/Users/Alex/.appium/appium-xcuitest-driver/node_modules/appium-base-driver/lib/basedriver/commands/find.js:53:10)\n\n../running-test/venv/lib/python3.9/site-packages/selenium/webdriver/support/wait.py:89: TimeoutException",
    "steps" : [ {
      "name" : "Press Give Allow Bluetooth button on welcome screen",
      "time" : {
        "start" : 1643043199537,
        "stop" : 1643043203759,
        "duration" : 4222
      },
      "status" : "passed",
      "steps" : [ ],
      "attachments" : [ ],
      "parameters" : [ ],
      "stepsCount" : 0,
      "attachmentsCount" : 0,
      "shouldDisplayMessage" : false,
      "hasContent" : false
    }, {
      "name" : "Checking intro text on welcome screen",
      "time" : {
        "start" : 1643043203759,
        "stop" : 1643043213942,
        "duration" : 10183
      },
      "status" : "passed",
      "steps" : [ ],
      "attachments" : [ ],
      "parameters" : [ ],
      "stepsCount" : 0,
      "attachmentsCount" : 0,
      "shouldDisplayMessage" : false,
      "hasContent" : false
    }, {
      "name" : "Swipe right for read all welcome info",
      "time" : {
        "start" : 1643043213943,
        "stop" : 1643043218169,
        "duration" : 4226
      },
      "status" : "passed",
      "steps" : [ ],
      "attachments" : [ ],
      "parameters" : [ ],
      "stepsCount" : 0,
      "attachmentsCount" : 0,
      "shouldDisplayMessage" : false,
      "hasContent" : false
    }, {
      "name" : "Press \"Sign Up\" button on welcome screen",
      "time" : {
        "start" : 1643043218169,
        "stop" : 1643043228209,
        "duration" : 10040
      },
      "status" : "broken",
      "statusMessage" : "selenium.common.exceptions.TimeoutException: Message: id : I’M NEW TO BALISTON\nStacktrace:\nNoSuchElementError: An element could not be located on the page using the given search parameters.\n    at XCUITestDriver.doNativeFind (/Users/Alex/.appium/appium-xcuitest-driver/node_modules/appium-xcuitest-driver/lib/commands/find.js:130:11)\n    at runMicrotasks (<anonymous>)\n    at processTicksAndRejections (internal/process/task_queues.js:95:5)\n    at XCUITestDriver.findNativeElementOrElements (/Users/Alex/.appium/appium-xcuitest-driver/node_modules/appium-xcuitest-driver/lib/commands/find.js:90:10)\n    at XCUITestDriver.findElOrEls (/Users/Alex/.appium/appium-xcuitest-driver/node_modules/appium-xcuitest-driver/lib/commands/find.js:23:12)\n    at XCUITestDriver.findElOrElsWithProcessing (/Users/Alex/.appium/appium-xcuitest-driver/node_modules/appium-base-driver/lib/basedriver/commands/find.js:33:12)\n    at XCUITestDriver.findElement (/Users/Alex/.appium/appium-xcuitest-driver/node_modules/appium-base-driver/lib/basedriver/commands/find.js:53:10)\n",
      "statusTrace" : "  File \"/Users/Alex/PycharmProjects/running-test/venv/lib/python3.9/site-packages/allure_commons/_allure.py\", line 172, in impl\n    return func(*a, **kw)\n  File \"/Users/Alex/PycharmProjects/baliston-test/src/page_object/onboarding_screen.py\", line 181, in press_register_button\n    super()._get_element_and_click(self._im_new_baliston)\n  File \"/Users/Alex/PycharmProjects/baliston-test/src/page_object/base_page.py\", line 174, in _get_element_and_click\n    element = WebDriverWait(self._driver, timeout).until(\n  File \"/Users/Alex/PycharmProjects/running-test/venv/lib/python3.9/site-packages/selenium/webdriver/support/wait.py\", line 89, in until\n    raise TimeoutException(message, screen, stacktrace)\n",
      "steps" : [ ],
      "attachments" : [ ],
      "parameters" : [ ],
      "stepsCount" : 0,
      "attachmentsCount" : 0,
      "shouldDisplayMessage" : true,
      "hasContent" : true
    } ],
    "attachments" : [ {
      "uid" : "ef56ed3e8c4352b6",
      "name" : "log",
      "source" : "ef56ed3e8c4352b6.txt",
      "type" : "text/plain",
      "size" : 80
    }, {
      "uid" : "41dc30928315158b",
      "name" : "stdout",
      "source" : "41dc30928315158b.txt",
      "type" : "text/plain",
      "size" : 82
    } ],
    "parameters" : [ ],
    "stepsCount" : 4,
    "attachmentsCount" : 2,
    "shouldDisplayMessage" : true,
    "hasContent" : true
  },
  "afterStages" : [ {
    "name" : "appdriver::0",
    "time" : {
      "start" : 1643043245502,
      "stop" : 1643043245938,
      "duration" : 436
    },
    "status" : "passed",
    "steps" : [ ],
    "attachments" : [ {
      "uid" : "5b29684ff91ea498",
      "name" : "screenshot",
      "source" : "5b29684ff91ea498.png",
      "type" : "image/png",
      "size" : 2003782
    } ],
    "parameters" : [ ],
    "stepsCount" : 0,
    "attachmentsCount" : 1,
    "shouldDisplayMessage" : false,
    "hasContent" : true
  }, {
    "name" : "run_around_tests::0",
    "time" : {
      "start" : 1643043245502,
      "stop" : 1643043245502,
      "duration" : 0
    },
    "status" : "passed",
    "steps" : [ ],
    "attachments" : [ ],
    "parameters" : [ ],
    "stepsCount" : 0,
    "attachmentsCount" : 0,
    "shouldDisplayMessage" : false,
    "hasContent" : false
  } ],
  "labels" : [ {
    "name" : "parentSuite",
    "value" : "tests"
  }, {
    "name" : "suite",
    "value" : "test_functional"
  }, {
    "name" : "host",
    "value" : "MacBooks-MacBook-Pro.local"
  }, {
    "name" : "thread",
    "value" : "80271-MainThread"
  }, {
    "name" : "framework",
    "value" : "pytest"
  }, {
    "name" : "language",
    "value" : "cpython3"
  }, {
    "name" : "package",
    "value" : "tests.test_functional"
  }, {
    "name" : "resultFormat",
    "value" : "allure2"
  } ],
  "parameters" : [ {
    "name" : "test_input",
    "value" : "'#fake_email.com'"
  } ],
  "links" : [ ],
  "hidden" : true,
  "retry" : true,
  "extra" : {
    "categories" : [ ],
    "tags" : [ ]
  },
  "source" : "66f892b1da92970.json",
  "parameterValues" : [ "'#fake_email.com'" ]
}