{
  "uid" : "ab4d1e843f599bae",
  "name" : "Ex2: Testing Sing Up with temporary email until fake paring",
  "fullName" : "tests.test_onboard#test_smoke_sing_up_simulator",
  "historyId" : "3300b15a2b27f9234b552bfee71a6c4e",
  "time" : {
    "start" : 1643046730060,
    "stop" : 1643046749189,
    "duration" : 19129
  },
  "status" : "broken",
  "statusMessage" : "selenium.common.exceptions.TimeoutException: Message: id : I’M NEW TO BALISTON\nStacktrace:\nNoSuchElementError: An element could not be located on the page using the given search parameters.\n    at XCUITestDriver.doNativeFind (/Users/Alex/.appium/appium-xcuitest-driver/node_modules/appium-xcuitest-driver/lib/commands/find.js:130:11)\n    at runMicrotasks (<anonymous>)\n    at processTicksAndRejections (internal/process/task_queues.js:95:5)\n    at XCUITestDriver.findNativeElementOrElements (/Users/Alex/.appium/appium-xcuitest-driver/node_modules/appium-xcuitest-driver/lib/commands/find.js:90:10)\n    at XCUITestDriver.findElOrEls (/Users/Alex/.appium/appium-xcuitest-driver/node_modules/appium-xcuitest-driver/lib/commands/find.js:23:12)\n    at XCUITestDriver.findElOrElsWithProcessing (/Users/Alex/.appium/appium-xcuitest-driver/node_modules/appium-base-driver/lib/basedriver/commands/find.js:33:12)\n    at XCUITestDriver.findElement (/Users/Alex/.appium/appium-xcuitest-driver/node_modules/appium-base-driver/lib/basedriver/commands/find.js:53:10)",
  "statusTrace" : "appdriver = <appium.webdriver.webdriver.WebDriver (session=\"292c1a7d-6c72-4c79-895a-ffaed3ec3813\")>\n\n    @pytest.mark.skipif(IS_ANDROID, reason='Get started test for iOS only')\n    @allure.title('Ex2: Testing Sing Up with temporary email until fake paring')\n    def test_smoke_sing_up_simulator(appdriver):\n        # clear cash before this test/ reinstall app\n        # GeneralFunctions(appdriver).clean_and_restart_app()\n        GeneralFunctions(appdriver).install_if_not_installed()\n        # # # # Set app info\n        OnboardScreen(appdriver).give_allow_bluetooth()\n        OnboardScreen(appdriver).press_skip_button()\n>       OnboardScreen(appdriver).press_register_button()\n\ntests/test_onboard.py:32: \n_ _ _ _ _ _ _ _ _ _ _ _ _ _ _ _ _ _ _ _ _ _ _ _ _ _ _ _ _ _ _ _ _ _ _ _ _ _ _ _ _ _ _ _ _ _ _ _ _ _ _ _ _ _ _ _ _ _ _ _ _ _ _ _ _ _ _ _ _ _ _ _ _ _ _ _ _ _ _ _ _ _ _ _ _ _ _ _ _ _\nsrc/page_object/onboarding_screen.py:181: in press_register_button\n    super()._get_element_and_click(self._im_new_baliston)\nsrc/page_object/base_page.py:174: in _get_element_and_click\n    element = WebDriverWait(self._driver, timeout).until(\n_ _ _ _ _ _ _ _ _ _ _ _ _ _ _ _ _ _ _ _ _ _ _ _ _ _ _ _ _ _ _ _ _ _ _ _ _ _ _ _ _ _ _ _ _ _ _ _ _ _ _ _ _ _ _ _ _ _ _ _ _ _ _ _ _ _ _ _ _ _ _ _ _ _ _ _ _ _ _ _ _ _ _ _ _ _ _ _ _ _\n\nself = <selenium.webdriver.support.wait.WebDriverWait (session=\"292c1a7d-6c72-4c79-895a-ffaed3ec3813\")>\nmethod = <function visibility_of_element_located.<locals>._predicate at 0x104b379d0>, message = 'id : I’M NEW TO BALISTON'\n\n    def until(self, method, message=''):\n        \"\"\"Calls the method provided with the driver as an argument until the \\\n        return value does not evaluate to ``False``.\n    \n        :param method: callable(WebDriver)\n        :param message: optional message for :exc:`TimeoutException`\n        :returns: the result of the last call to `method`\n        :raises: :exc:`selenium.common.exceptions.TimeoutException` if timeout occurs\n        \"\"\"\n        screen = None\n        stacktrace = None\n    \n        end_time = time.time() + self._timeout\n        while True:\n            try:\n                value = method(self._driver)\n                if value:\n                    return value\n            except InvalidSelectorException as e:\n                raise e\n            except self._ignored_exceptions as exc:\n                screen = getattr(exc, 'screen', None)\n                stacktrace = getattr(exc, 'stacktrace', None)\n            time.sleep(self._poll)\n            if time.time() > end_time:\n                break\n>       raise TimeoutException(message, screen, stacktrace)\nE       selenium.common.exceptions.TimeoutException: Message: id : I’M NEW TO BALISTON\nE       Stacktrace:\nE       NoSuchElementError: An element could not be located on the page using the given search parameters.\nE           at XCUITestDriver.doNativeFind (/Users/Alex/.appium/appium-xcuitest-driver/node_modules/appium-xcuitest-driver/lib/commands/find.js:130:11)\nE           at runMicrotasks (<anonymous>)\nE           at processTicksAndRejections (internal/process/task_queues.js:95:5)\nE           at XCUITestDriver.findNativeElementOrElements (/Users/Alex/.appium/appium-xcuitest-driver/node_modules/appium-xcuitest-driver/lib/commands/find.js:90:10)\nE           at XCUITestDriver.findElOrEls (/Users/Alex/.appium/appium-xcuitest-driver/node_modules/appium-xcuitest-driver/lib/commands/find.js:23:12)\nE           at XCUITestDriver.findElOrElsWithProcessing (/Users/Alex/.appium/appium-xcuitest-driver/node_modules/appium-base-driver/lib/basedriver/commands/find.js:33:12)\nE           at XCUITestDriver.findElement (/Users/Alex/.appium/appium-xcuitest-driver/node_modules/appium-base-driver/lib/basedriver/commands/find.js:53:10)\n\n../running-test/venv/lib/python3.9/site-packages/selenium/webdriver/support/wait.py:89: TimeoutException",
  "flaky" : false,
  "newFailed" : false,
  "newBroken" : false,
  "newPassed" : false,
  "retriesCount" : 0,
  "retriesStatusChange" : false,
  "beforeStages" : [ {
    "name" : "appdriver",
    "time" : {
      "start" : 1643046725728,
      "stop" : 1643046730059,
      "duration" : 4331
    },
    "status" : "passed",
    "steps" : [ ],
    "attachments" : [ ],
    "parameters" : [ ],
    "stepsCount" : 0,
    "attachmentsCount" : 0,
    "shouldDisplayMessage" : false,
    "hasContent" : false
  }, {
    "name" : "run_around_tests",
    "time" : {
      "start" : 1643046730059,
      "stop" : 1643046730059,
      "duration" : 0
    },
    "status" : "passed",
    "steps" : [ ],
    "attachments" : [ ],
    "parameters" : [ ],
    "stepsCount" : 0,
    "attachmentsCount" : 0,
    "shouldDisplayMessage" : false,
    "hasContent" : false
  } ],
  "testStage" : {
    "status" : "broken",
    "statusMessage" : "selenium.common.exceptions.TimeoutException: Message: id : I’M NEW TO BALISTON\nStacktrace:\nNoSuchElementError: An element could not be located on the page using the given search parameters.\n    at XCUITestDriver.doNativeFind (/Users/Alex/.appium/appium-xcuitest-driver/node_modules/appium-xcuitest-driver/lib/commands/find.js:130:11)\n    at runMicrotasks (<anonymous>)\n    at processTicksAndRejections (internal/process/task_queues.js:95:5)\n    at XCUITestDriver.findNativeElementOrElements (/Users/Alex/.appium/appium-xcuitest-driver/node_modules/appium-xcuitest-driver/lib/commands/find.js:90:10)\n    at XCUITestDriver.findElOrEls (/Users/Alex/.appium/appium-xcuitest-driver/node_modules/appium-xcuitest-driver/lib/commands/find.js:23:12)\n    at XCUITestDriver.findElOrElsWithProcessing (/Users/Alex/.appium/appium-xcuitest-driver/node_modules/appium-base-driver/lib/basedriver/commands/find.js:33:12)\n    at XCUITestDriver.findElement (/Users/Alex/.appium/appium-xcuitest-driver/node_modules/appium-base-driver/lib/basedriver/commands/find.js:53:10)",
    "statusTrace" : "appdriver = <appium.webdriver.webdriver.WebDriver (session=\"292c1a7d-6c72-4c79-895a-ffaed3ec3813\")>\n\n    @pytest.mark.skipif(IS_ANDROID, reason='Get started test for iOS only')\n    @allure.title('Ex2: Testing Sing Up with temporary email until fake paring')\n    def test_smoke_sing_up_simulator(appdriver):\n        # clear cash before this test/ reinstall app\n        # GeneralFunctions(appdriver).clean_and_restart_app()\n        GeneralFunctions(appdriver).install_if_not_installed()\n        # # # # Set app info\n        OnboardScreen(appdriver).give_allow_bluetooth()\n        OnboardScreen(appdriver).press_skip_button()\n>       OnboardScreen(appdriver).press_register_button()\n\ntests/test_onboard.py:32: \n_ _ _ _ _ _ _ _ _ _ _ _ _ _ _ _ _ _ _ _ _ _ _ _ _ _ _ _ _ _ _ _ _ _ _ _ _ _ _ _ _ _ _ _ _ _ _ _ _ _ _ _ _ _ _ _ _ _ _ _ _ _ _ _ _ _ _ _ _ _ _ _ _ _ _ _ _ _ _ _ _ _ _ _ _ _ _ _ _ _\nsrc/page_object/onboarding_screen.py:181: in press_register_button\n    super()._get_element_and_click(self._im_new_baliston)\nsrc/page_object/base_page.py:174: in _get_element_and_click\n    element = WebDriverWait(self._driver, timeout).until(\n_ _ _ _ _ _ _ _ _ _ _ _ _ _ _ _ _ _ _ _ _ _ _ _ _ _ _ _ _ _ _ _ _ _ _ _ _ _ _ _ _ _ _ _ _ _ _ _ _ _ _ _ _ _ _ _ _ _ _ _ _ _ _ _ _ _ _ _ _ _ _ _ _ _ _ _ _ _ _ _ _ _ _ _ _ _ _ _ _ _\n\nself = <selenium.webdriver.support.wait.WebDriverWait (session=\"292c1a7d-6c72-4c79-895a-ffaed3ec3813\")>\nmethod = <function visibility_of_element_located.<locals>._predicate at 0x104b379d0>, message = 'id : I’M NEW TO BALISTON'\n\n    def until(self, method, message=''):\n        \"\"\"Calls the method provided with the driver as an argument until the \\\n        return value does not evaluate to ``False``.\n    \n        :param method: callable(WebDriver)\n        :param message: optional message for :exc:`TimeoutException`\n        :returns: the result of the last call to `method`\n        :raises: :exc:`selenium.common.exceptions.TimeoutException` if timeout occurs\n        \"\"\"\n        screen = None\n        stacktrace = None\n    \n        end_time = time.time() + self._timeout\n        while True:\n            try:\n                value = method(self._driver)\n                if value:\n                    return value\n            except InvalidSelectorException as e:\n                raise e\n            except self._ignored_exceptions as exc:\n                screen = getattr(exc, 'screen', None)\n                stacktrace = getattr(exc, 'stacktrace', None)\n            time.sleep(self._poll)\n            if time.time() > end_time:\n                break\n>       raise TimeoutException(message, screen, stacktrace)\nE       selenium.common.exceptions.TimeoutException: Message: id : I’M NEW TO BALISTON\nE       Stacktrace:\nE       NoSuchElementError: An element could not be located on the page using the given search parameters.\nE           at XCUITestDriver.doNativeFind (/Users/Alex/.appium/appium-xcuitest-driver/node_modules/appium-xcuitest-driver/lib/commands/find.js:130:11)\nE           at runMicrotasks (<anonymous>)\nE           at processTicksAndRejections (internal/process/task_queues.js:95:5)\nE           at XCUITestDriver.findNativeElementOrElements (/Users/Alex/.appium/appium-xcuitest-driver/node_modules/appium-xcuitest-driver/lib/commands/find.js:90:10)\nE           at XCUITestDriver.findElOrEls (/Users/Alex/.appium/appium-xcuitest-driver/node_modules/appium-xcuitest-driver/lib/commands/find.js:23:12)\nE           at XCUITestDriver.findElOrElsWithProcessing (/Users/Alex/.appium/appium-xcuitest-driver/node_modules/appium-base-driver/lib/basedriver/commands/find.js:33:12)\nE           at XCUITestDriver.findElement (/Users/Alex/.appium/appium-xcuitest-driver/node_modules/appium-base-driver/lib/basedriver/commands/find.js:53:10)\n\n../running-test/venv/lib/python3.9/site-packages/selenium/webdriver/support/wait.py:89: TimeoutException",
    "steps" : [ {
      "name" : "Press Give Allow Bluetooth button on welcome screen",
      "time" : {
        "start" : 1643046730246,
        "stop" : 1643046734437,
        "duration" : 4191
      },
      "status" : "passed",
      "steps" : [ ],
      "attachments" : [ ],
      "parameters" : [ ],
      "stepsCount" : 0,
      "attachmentsCount" : 0,
      "shouldDisplayMessage" : false,
      "hasContent" : false
    }, {
      "name" : "Press Skip button on welcome screen",
      "time" : {
        "start" : 1643046734437,
        "stop" : 1643046738636,
        "duration" : 4199
      },
      "status" : "passed",
      "steps" : [ ],
      "attachments" : [ ],
      "parameters" : [ ],
      "stepsCount" : 0,
      "attachmentsCount" : 0,
      "shouldDisplayMessage" : false,
      "hasContent" : false
    }, {
      "name" : "Press \"Sign Up\" button on welcome screen",
      "time" : {
        "start" : 1643046738637,
        "stop" : 1643046749186,
        "duration" : 10549
      },
      "status" : "broken",
      "statusMessage" : "selenium.common.exceptions.TimeoutException: Message: id : I’M NEW TO BALISTON\nStacktrace:\nNoSuchElementError: An element could not be located on the page using the given search parameters.\n    at XCUITestDriver.doNativeFind (/Users/Alex/.appium/appium-xcuitest-driver/node_modules/appium-xcuitest-driver/lib/commands/find.js:130:11)\n    at runMicrotasks (<anonymous>)\n    at processTicksAndRejections (internal/process/task_queues.js:95:5)\n    at XCUITestDriver.findNativeElementOrElements (/Users/Alex/.appium/appium-xcuitest-driver/node_modules/appium-xcuitest-driver/lib/commands/find.js:90:10)\n    at XCUITestDriver.findElOrEls (/Users/Alex/.appium/appium-xcuitest-driver/node_modules/appium-xcuitest-driver/lib/commands/find.js:23:12)\n    at XCUITestDriver.findElOrElsWithProcessing (/Users/Alex/.appium/appium-xcuitest-driver/node_modules/appium-base-driver/lib/basedriver/commands/find.js:33:12)\n    at XCUITestDriver.findElement (/Users/Alex/.appium/appium-xcuitest-driver/node_modules/appium-base-driver/lib/basedriver/commands/find.js:53:10)\n",
      "statusTrace" : "  File \"/Users/Alex/PycharmProjects/running-test/venv/lib/python3.9/site-packages/allure_commons/_allure.py\", line 172, in impl\n    return func(*a, **kw)\n  File \"/Users/Alex/PycharmProjects/baliston-test/src/page_object/onboarding_screen.py\", line 181, in press_register_button\n    super()._get_element_and_click(self._im_new_baliston)\n  File \"/Users/Alex/PycharmProjects/baliston-test/src/page_object/base_page.py\", line 174, in _get_element_and_click\n    element = WebDriverWait(self._driver, timeout).until(\n  File \"/Users/Alex/PycharmProjects/running-test/venv/lib/python3.9/site-packages/selenium/webdriver/support/wait.py\", line 89, in until\n    raise TimeoutException(message, screen, stacktrace)\n",
      "steps" : [ ],
      "attachments" : [ ],
      "parameters" : [ ],
      "stepsCount" : 0,
      "attachmentsCount" : 0,
      "shouldDisplayMessage" : true,
      "hasContent" : true
    } ],
    "attachments" : [ {
      "uid" : "3713d55725fac9c",
      "name" : "stdout",
      "source" : "3713d55725fac9c.txt",
      "type" : "text/plain",
      "size" : 56
    } ],
    "parameters" : [ ],
    "stepsCount" : 3,
    "attachmentsCount" : 1,
    "shouldDisplayMessage" : true,
    "hasContent" : true
  },
  "afterStages" : [ {
    "name" : "run_around_tests::0",
    "time" : {
      "start" : 1643046749288,
      "stop" : 1643046749288,
      "duration" : 0
    },
    "status" : "passed",
    "steps" : [ ],
    "attachments" : [ ],
    "parameters" : [ ],
    "stepsCount" : 0,
    "attachmentsCount" : 0,
    "shouldDisplayMessage" : false,
    "hasContent" : false
  }, {
    "name" : "appdriver::0",
    "time" : {
      "start" : 1643046749288,
      "stop" : 1643046750586,
      "duration" : 1298
    },
    "status" : "passed",
    "steps" : [ ],
    "attachments" : [ {
      "uid" : "e00ef7c90aa1019c",
      "name" : "screenshot",
      "source" : "e00ef7c90aa1019c.png",
      "type" : "image/png",
      "size" : 1742071
    } ],
    "parameters" : [ ],
    "stepsCount" : 0,
    "attachmentsCount" : 1,
    "shouldDisplayMessage" : false,
    "hasContent" : true
  } ],
  "labels" : [ {
    "name" : "tag",
    "value" : "@pytest.mark.skipif(False, reason='Get started test for iOS only')"
  }, {
    "name" : "parentSuite",
    "value" : "tests"
  }, {
    "name" : "suite",
    "value" : "test_onboard"
  }, {
    "name" : "host",
    "value" : "MacBooks-MacBook-Pro.local"
  }, {
    "name" : "thread",
    "value" : "83893-MainThread"
  }, {
    "name" : "framework",
    "value" : "pytest"
  }, {
    "name" : "language",
    "value" : "cpython3"
  }, {
    "name" : "package",
    "value" : "tests.test_onboard"
  }, {
    "name" : "resultFormat",
    "value" : "allure2"
  } ],
  "parameters" : [ ],
  "links" : [ ],
  "hidden" : true,
  "retry" : true,
  "extra" : {
    "categories" : [ ],
    "tags" : [ "@pytest.mark.skipif(False, reason='Get started test for iOS only')" ]
  },
  "source" : "ab4d1e843f599bae.json",
  "parameterValues" : [ ]
}