{
  "uid" : "e59399d126e8f661",
  "name" : "Ex2: Testing user data on Profile Screen afther chenging on Edit Profile screen",
  "fullName" : "tests.test_profile#test_change_user_param_on_edit_profile",
  "historyId" : "3f7f0885878500672a0f0970d8c39098",
  "time" : {
    "start" : 1643284626790,
    "stop" : 1643284626790,
    "duration" : 0
  },
  "status" : "broken",
  "statusMessage" : "selenium.common.exceptions.InvalidSessionIdException: Message: A session is either terminated or not started\nStacktrace:\nNoSuchDriverError: A session is either terminated or not started\n    at asyncHandler (/usr/local/lib/node_modules/appium/node_modules/@appium/base-driver/lib/protocol/protocol.js:231:15)\n    at /usr/local/lib/node_modules/appium/node_modules/@appium/base-driver/lib/protocol/protocol.js:424:15\n    at Layer.handle [as handle_request] (/usr/local/lib/node_modules/appium/node_modules/express/lib/router/layer.js:95:5)\n    at next (/usr/local/lib/node_modules/appium/node_modules/express/lib/router/route.js:137:13)\n    at Route.dispatch (/usr/local/lib/node_modules/appium/node_modules/express/lib/router/route.js:112:3)\n    at Layer.handle [as handle_request] (/usr/local/lib/node_modules/appium/node_modules/express/lib/router/layer.js:95:5)\n    at /usr/local/lib/node_modules/appium/node_modules/express/lib/router/index.js:281:22\n    at param (/usr/local/lib/node_modules/appium/node_modules/express/lib/router/index.js:354:14)\n    at param (/usr/local/lib/node_modules/appium/node_modules/express/lib/router/index.js:365:14)\n    at Function.process_params (/usr/local/lib/node_modules/appium/node_modules/express/lib/router/index.js:410:3)\n    at next (/usr/local/lib/node_modules/appium/node_modules/express/lib/router/index.js:275:10)\n    at logger (/usr/local/lib/node_modules/appium/node_modules/morgan/index.js:144:5)\n    at Layer.handle [as handle_request] (/usr/local/lib/node_modules/appium/node_modules/express/lib/router/layer.js:95:5)\n    at trim_prefix (/usr/local/lib/node_modules/appium/node_modules/express/lib/router/index.js:317:13)\n    at /usr/local/lib/node_modules/appium/node_modules/express/lib/router/index.js:284:7\n    at Function.process_params (/usr/local/lib/node_modules/appium/node_modules/express/lib/router/index.js:335:12)\n    at next (/usr/local/lib/node_modules/appium/node_modules/express/lib/router/index.js:275:10)\n    at /usr/local/lib/node_modules/appium/node_modules/body-parser/lib/read.js:130:5\n    at invokeCallback (/usr/local/lib/node_modules/appium/node_modules/raw-body/index.js:224:16)\n    at done (/usr/local/lib/node_modules/appium/node_modules/raw-body/index.js:213:7)\n    at IncomingMessage.onEnd (/usr/local/lib/node_modules/appium/node_modules/raw-body/index.js:273:7)\n    at IncomingMessage.emit (events.js:412:35)\n    at endReadableNT (internal/streams/readable.js:1334:12)\n    at processTicksAndRejections (internal/process/task_queues.js:82:21)",
  "statusTrace" : "appdriver = <appium.webdriver.webdriver.WebDriver (session=\"f5e2695a-e051-4525-8b5b-d5ce94418337\")>\n\n    @pytest.fixture\n    def set_up(appdriver):\n>       GeneralFunctions(appdriver).start_up()\n\ntests/test_profile.py:27: \n_ _ _ _ _ _ _ _ _ _ _ _ _ _ _ _ _ _ _ _ _ _ _ _ _ _ _ _ _ _ _ _ _ _ _ _ _ _ _ _ _ _ _ _ _ _ _ _ _ _ _ _ _ _ _ _ _ _ _ _ _ _ _ _ _ _ _ _ _ _ _ _ _ _ _ _ _ _ _ _ _ _ _ _ _ _ _ _ _ _ _ _ _ _ _ _ _ _ _\nsrc/page_object/general_function.py:128: in start_up\n    super()._get_launch_app()\nsrc/page_object/base_page.py:284: in _get_launch_app\n    WebDriver.launch_app(self._driver)\n../running-test/venv/lib/python3.9/site-packages/appium/webdriver/extensions/applications.py:115: in launch_app\n    self.execute(Command.LAUNCH_APP)\n../running-test/venv/lib/python3.9/site-packages/selenium/webdriver/remote/webdriver.py:418: in execute\n    self.error_handler.check_response(response)\n../running-test/venv/lib/python3.9/site-packages/appium/webdriver/errorhandler.py:31: in check_response\n    raise wde\n../running-test/venv/lib/python3.9/site-packages/appium/webdriver/errorhandler.py:26: in check_response\n    super().check_response(response)\n_ _ _ _ _ _ _ _ _ _ _ _ _ _ _ _ _ _ _ _ _ _ _ _ _ _ _ _ _ _ _ _ _ _ _ _ _ _ _ _ _ _ _ _ _ _ _ _ _ _ _ _ _ _ _ _ _ _ _ _ _ _ _ _ _ _ _ _ _ _ _ _ _ _ _ _ _ _ _ _ _ _ _ _ _ _ _ _ _ _ _ _ _ _ _ _ _ _ _\n\nself = <appium.webdriver.errorhandler.MobileErrorHandler object at 0x110a547c0>\nresponse = {'status': 404, 'value': '{\"value\":{\"error\":\"invalid session id\",\"message\":\"A session is either terminated or not star... (internal/streams/readable.js:1334:12)\\\\n    at processTicksAndRejections (internal/process/task_queues.js:82:21)\"}}'}\n\n    def check_response(self, response: Dict[str, Any]) -> None:\n        \"\"\"\n        Checks that a JSON response from the WebDriver does not have an error.\n    \n        :Args:\n         - response - The JSON response from the WebDriver server as a dictionary\n           object.\n    \n        :Raises: If the response contains an error message.\n        \"\"\"\n        status = response.get('status', None)\n        if not status or status == ErrorCode.SUCCESS:\n            return\n        value = None\n        message = response.get(\"message\", \"\")\n        screen: str = response.get(\"screen\", \"\")\n        stacktrace = None\n        if isinstance(status, int):\n            value_json = response.get('value', None)\n            if value_json and isinstance(value_json, str):\n                import json\n                try:\n                    value = json.loads(value_json)\n                    if len(value.keys()) == 1:\n                        value = value['value']\n                    status = value.get('error', None)\n                    if not status:\n                        status = value.get(\"status\", ErrorCode.UNKNOWN_ERROR)\n                        message = value.get(\"value\") or value.get(\"message\")\n                        if not isinstance(message, str):\n                            value = message\n                            message = message.get('message')\n                    else:\n                        message = value.get('message', None)\n                except ValueError:\n                    pass\n    \n        exception_class: Type[WebDriverException]\n        if status in ErrorCode.NO_SUCH_ELEMENT:\n            exception_class = NoSuchElementException\n        elif status in ErrorCode.NO_SUCH_FRAME:\n            exception_class = NoSuchFrameException\n        elif status in ErrorCode.NO_SUCH_WINDOW:\n            exception_class = NoSuchWindowException\n        elif status in ErrorCode.STALE_ELEMENT_REFERENCE:\n            exception_class = StaleElementReferenceException\n        elif status in ErrorCode.ELEMENT_NOT_VISIBLE:\n            exception_class = ElementNotVisibleException\n        elif status in ErrorCode.INVALID_ELEMENT_STATE:\n            exception_class = InvalidElementStateException\n        elif status in ErrorCode.INVALID_SELECTOR \\\n                or status in ErrorCode.INVALID_XPATH_SELECTOR \\\n                or status in ErrorCode.INVALID_XPATH_SELECTOR_RETURN_TYPER:\n            exception_class = InvalidSelectorException\n        elif status in ErrorCode.ELEMENT_IS_NOT_SELECTABLE:\n            exception_class = ElementNotSelectableException\n        elif status in ErrorCode.ELEMENT_NOT_INTERACTABLE:\n            exception_class = ElementNotInteractableException\n        elif status in ErrorCode.INVALID_COOKIE_DOMAIN:\n            exception_class = InvalidCookieDomainException\n        elif status in ErrorCode.UNABLE_TO_SET_COOKIE:\n            exception_class = UnableToSetCookieException\n        elif status in ErrorCode.TIMEOUT:\n            exception_class = TimeoutException\n        elif status in ErrorCode.SCRIPT_TIMEOUT:\n            exception_class = TimeoutException\n        elif status in ErrorCode.UNKNOWN_ERROR:\n            exception_class = WebDriverException\n        elif status in ErrorCode.UNEXPECTED_ALERT_OPEN:\n            exception_class = UnexpectedAlertPresentException\n        elif status in ErrorCode.NO_ALERT_OPEN:\n            exception_class = NoAlertPresentException\n        elif status in ErrorCode.IME_NOT_AVAILABLE:\n            exception_class = ImeNotAvailableException\n        elif status in ErrorCode.IME_ENGINE_ACTIVATION_FAILED:\n            exception_class = ImeActivationFailedException\n        elif status in ErrorCode.MOVE_TARGET_OUT_OF_BOUNDS:\n            exception_class = MoveTargetOutOfBoundsException\n        elif status in ErrorCode.JAVASCRIPT_ERROR:\n            exception_class = JavascriptException\n        elif status in ErrorCode.SESSION_NOT_CREATED:\n            exception_class = SessionNotCreatedException\n        elif status in ErrorCode.INVALID_ARGUMENT:\n            exception_class = InvalidArgumentException\n        elif status in ErrorCode.NO_SUCH_COOKIE:\n            exception_class = NoSuchCookieException\n        elif status in ErrorCode.UNABLE_TO_CAPTURE_SCREEN:\n            exception_class = ScreenshotException\n        elif status in ErrorCode.ELEMENT_CLICK_INTERCEPTED:\n            exception_class = ElementClickInterceptedException\n        elif status in ErrorCode.INSECURE_CERTIFICATE:\n            exception_class = InsecureCertificateException\n        elif status in ErrorCode.INVALID_COORDINATES:\n            exception_class = InvalidCoordinatesException\n        elif status in ErrorCode.INVALID_SESSION_ID:\n            exception_class = InvalidSessionIdException\n        elif status in ErrorCode.UNKNOWN_METHOD:\n            exception_class = UnknownMethodException\n        else:\n            exception_class = WebDriverException\n        if not value:\n            value = response['value']\n        if isinstance(value, str):\n            raise exception_class(value)\n        if message == \"\" and 'message' in value:\n            message = value['message']\n    \n        screen = None  # type: ignore[assignment]\n        if 'screen' in value:\n            screen = value['screen']\n    \n        stacktrace = None\n        st_value = value.get('stackTrace') or value.get('stacktrace')\n        if st_value:\n            if isinstance(st_value, str):\n                stacktrace = st_value.split('\\n')\n            else:\n                stacktrace = []\n                try:\n                    for frame in st_value:\n                        line = self._value_or_default(frame, 'lineNumber', '')\n                        file = self._value_or_default(frame, 'fileName', '<anonymous>')\n                        if line:\n                            file = \"%s:%s\" % (file, line)\n                        meth = self._value_or_default(frame, 'methodName', '<anonymous>')\n                        if 'className' in frame:\n                            meth = \"%s.%s\" % (frame['className'], meth)\n                        msg = \"    at %s (%s)\"\n                        msg = msg % (meth, file)\n                        stacktrace.append(msg)\n                except TypeError:\n                    pass\n        if exception_class == UnexpectedAlertPresentException:\n            alert_text = None\n            if 'data' in value:\n                alert_text = value['data'].get('text')\n            elif 'alert' in value:\n                alert_text = value['alert'].get('text')\n            raise exception_class(message, screen, stacktrace, alert_text)  # type: ignore[call-arg]  # mypy is not smart enough here\n>       raise exception_class(message, screen, stacktrace)\nE       selenium.common.exceptions.InvalidSessionIdException: Message: A session is either terminated or not started\nE       Stacktrace:\nE       NoSuchDriverError: A session is either terminated or not started\nE           at asyncHandler (/usr/local/lib/node_modules/appium/node_modules/@appium/base-driver/lib/protocol/protocol.js:231:15)\nE           at /usr/local/lib/node_modules/appium/node_modules/@appium/base-driver/lib/protocol/protocol.js:424:15\nE           at Layer.handle [as handle_request] (/usr/local/lib/node_modules/appium/node_modules/express/lib/router/layer.js:95:5)\nE           at next (/usr/local/lib/node_modules/appium/node_modules/express/lib/router/route.js:137:13)\nE           at Route.dispatch (/usr/local/lib/node_modules/appium/node_modules/express/lib/router/route.js:112:3)\nE           at Layer.handle [as handle_request] (/usr/local/lib/node_modules/appium/node_modules/express/lib/router/layer.js:95:5)\nE           at /usr/local/lib/node_modules/appium/node_modules/express/lib/router/index.js:281:22\nE           at param (/usr/local/lib/node_modules/appium/node_modules/express/lib/router/index.js:354:14)\nE           at param (/usr/local/lib/node_modules/appium/node_modules/express/lib/router/index.js:365:14)\nE           at Function.process_params (/usr/local/lib/node_modules/appium/node_modules/express/lib/router/index.js:410:3)\nE           at next (/usr/local/lib/node_modules/appium/node_modules/express/lib/router/index.js:275:10)\nE           at logger (/usr/local/lib/node_modules/appium/node_modules/morgan/index.js:144:5)\nE           at Layer.handle [as handle_request] (/usr/local/lib/node_modules/appium/node_modules/express/lib/router/layer.js:95:5)\nE           at trim_prefix (/usr/local/lib/node_modules/appium/node_modules/express/lib/router/index.js:317:13)\nE           at /usr/local/lib/node_modules/appium/node_modules/express/lib/router/index.js:284:7\nE           at Function.process_params (/usr/local/lib/node_modules/appium/node_modules/express/lib/router/index.js:335:12)\nE           at next (/usr/local/lib/node_modules/appium/node_modules/express/lib/router/index.js:275:10)\nE           at /usr/local/lib/node_modules/appium/node_modules/body-parser/lib/read.js:130:5\nE           at invokeCallback (/usr/local/lib/node_modules/appium/node_modules/raw-body/index.js:224:16)\nE           at done (/usr/local/lib/node_modules/appium/node_modules/raw-body/index.js:213:7)\nE           at IncomingMessage.onEnd (/usr/local/lib/node_modules/appium/node_modules/raw-body/index.js:273:7)\nE           at IncomingMessage.emit (events.js:412:35)\nE           at endReadableNT (internal/streams/readable.js:1334:12)\nE           at processTicksAndRejections (internal/process/task_queues.js:82:21)\n\n../running-test/venv/lib/python3.9/site-packages/selenium/webdriver/remote/errorhandler.py:243: InvalidSessionIdException",
  "flaky" : false,
  "newFailed" : false,
  "newBroken" : false,
  "newPassed" : false,
  "retriesCount" : 0,
  "retriesStatusChange" : false,
  "beforeStages" : [ {
    "name" : "appdriver",
    "time" : {
      "start" : 1643284348672,
      "stop" : 1643284355267,
      "duration" : 6595
    },
    "status" : "passed",
    "steps" : [ ],
    "attachments" : [ ],
    "parameters" : [ ],
    "stepsCount" : 0,
    "attachmentsCount" : 0,
    "shouldDisplayMessage" : false,
    "hasContent" : false
  }, {
    "name" : "run_around_tests",
    "time" : {
      "start" : 1643284355267,
      "stop" : 1643284355268,
      "duration" : 1
    },
    "status" : "passed",
    "steps" : [ ],
    "attachments" : [ ],
    "parameters" : [ ],
    "stepsCount" : 0,
    "attachmentsCount" : 0,
    "shouldDisplayMessage" : false,
    "hasContent" : false
  }, {
    "name" : "set_up",
    "time" : {
      "start" : 1643284626791,
      "stop" : 1643284626793,
      "duration" : 2
    },
    "status" : "broken",
    "statusMessage" : "selenium.common.exceptions.InvalidSessionIdException: Message: A session is either terminated or not started\nStacktrace:\nNoSuchDriverError: A session is either terminated or not started\n    at asyncHandler (/usr/local/lib/node_modules/appium/node_modules/@appium/base-driver/lib/protocol/protocol.js:231:15)\n    at /usr/local/lib/node_modules/appium/node_modules/@appium/base-driver/lib/protocol/protocol.js:424:15\n    at Layer.handle [as handle_request] (/usr/local/lib/node_modules/appium/node_modules/express/lib/router/layer.js:95:5)\n    at next (/usr/local/lib/node_modules/appium/node_modules/express/lib/router/route.js:137:13)\n    at Route.dispatch (/usr/local/lib/node_modules/appium/node_modules/express/lib/router/route.js:112:3)\n    at Layer.handle [as handle_request] (/usr/local/lib/node_modules/appium/node_modules/express/lib/router/layer.js:95:5)\n    at /usr/local/lib/node_modules/appium/node_modules/express/lib/router/index.js:281:22\n    at param (/usr/local/lib/node_modules/appium/node_modules/express/lib/router/index.js:354:14)\n    at param (/usr/local/lib/node_modules/appium/node_modules/express/lib/router/index.js:365:14)\n    at Function.process_params (/usr/local/lib/node_modules/appium/node_modules/express/lib/router/index.js:410:3)\n    at next (/usr/local/lib/node_modules/appium/node_modules/express/lib/router/index.js:275:10)\n    at logger (/usr/local/lib/node_modules/appium/node_modules/morgan/index.js:144:5)\n    at Layer.handle [as handle_request] (/usr/local/lib/node_modules/appium/node_modules/express/lib/router/layer.js:95:5)\n    at trim_prefix (/usr/local/lib/node_modules/appium/node_modules/express/lib/router/index.js:317:13)\n    at /usr/local/lib/node_modules/appium/node_modules/express/lib/router/index.js:284:7\n    at Function.process_params (/usr/local/lib/node_modules/appium/node_modules/express/lib/router/index.js:335:12)\n    at next (/usr/local/lib/node_modules/appium/node_modules/express/lib/router/index.js:275:10)\n    at /usr/local/lib/node_modules/appium/node_modules/body-parser/lib/read.js:130:5\n    at invokeCallback (/usr/local/lib/node_modules/appium/node_modules/raw-body/index.js:224:16)\n    at done (/usr/local/lib/node_modules/appium/node_modules/raw-body/index.js:213:7)\n    at IncomingMessage.onEnd (/usr/local/lib/node_modules/appium/node_modules/raw-body/index.js:273:7)\n    at IncomingMessage.emit (events.js:412:35)\n    at endReadableNT (internal/streams/readable.js:1334:12)\n    at processTicksAndRejections (internal/process/task_queues.js:82:21)\n",
    "statusTrace" : "  File \"/Users/Alex/PycharmProjects/running-test/venv/lib/python3.9/site-packages/pluggy/_callers.py\", line 39, in _multicall\n    res = hook_impl.function(*args)\n  File \"/Users/Alex/PycharmProjects/running-test/venv/lib/python3.9/site-packages/_pytest/fixtures.py\", line 1126, in pytest_fixture_setup\n    result = call_fixture_func(fixturefunc, request, kwargs)\n  File \"/Users/Alex/PycharmProjects/running-test/venv/lib/python3.9/site-packages/_pytest/fixtures.py\", line 932, in call_fixture_func\n    fixture_result = fixturefunc(**kwargs)\n  File \"/Users/Alex/PycharmProjects/baliston-test/tests/test_profile.py\", line 27, in set_up\n    GeneralFunctions(appdriver).start_up()\n  File \"/Users/Alex/PycharmProjects/baliston-test/src/page_object/general_function.py\", line 128, in start_up\n    super()._get_launch_app()\n  File \"/Users/Alex/PycharmProjects/baliston-test/src/page_object/base_page.py\", line 284, in _get_launch_app\n    WebDriver.launch_app(self._driver)\n  File \"/Users/Alex/PycharmProjects/running-test/venv/lib/python3.9/site-packages/appium/webdriver/extensions/applications.py\", line 115, in launch_app\n    self.execute(Command.LAUNCH_APP)\n  File \"/Users/Alex/PycharmProjects/running-test/venv/lib/python3.9/site-packages/selenium/webdriver/remote/webdriver.py\", line 418, in execute\n    self.error_handler.check_response(response)\n  File \"/Users/Alex/PycharmProjects/running-test/venv/lib/python3.9/site-packages/appium/webdriver/errorhandler.py\", line 31, in check_response\n    raise wde\n  File \"/Users/Alex/PycharmProjects/running-test/venv/lib/python3.9/site-packages/appium/webdriver/errorhandler.py\", line 26, in check_response\n    super().check_response(response)\n  File \"/Users/Alex/PycharmProjects/running-test/venv/lib/python3.9/site-packages/selenium/webdriver/remote/errorhandler.py\", line 243, in check_response\n    raise exception_class(message, screen, stacktrace)\n",
    "steps" : [ ],
    "attachments" : [ ],
    "parameters" : [ ],
    "stepsCount" : 0,
    "attachmentsCount" : 0,
    "shouldDisplayMessage" : true,
    "hasContent" : true
  } ],
  "afterStages" : [ {
    "name" : "run_around_tests::0",
    "time" : {
      "start" : 1643284626980,
      "stop" : 1643284626980,
      "duration" : 0
    },
    "status" : "passed",
    "steps" : [ ],
    "attachments" : [ ],
    "parameters" : [ ],
    "stepsCount" : 0,
    "attachmentsCount" : 0,
    "shouldDisplayMessage" : false,
    "hasContent" : false
  }, {
    "name" : "appdriver::0",
    "time" : {
      "start" : 1643284626981,
      "stop" : 1643284626994,
      "duration" : 13
    },
    "status" : "broken",
    "statusMessage" : "selenium.common.exceptions.InvalidSessionIdException: Message: A session is either terminated or not started\nStacktrace:\nNoSuchDriverError: A session is either terminated or not started\n    at asyncHandler (/usr/local/lib/node_modules/appium/node_modules/@appium/base-driver/lib/protocol/protocol.js:231:15)\n    at /usr/local/lib/node_modules/appium/node_modules/@appium/base-driver/lib/protocol/protocol.js:424:15\n    at Layer.handle [as handle_request] (/usr/local/lib/node_modules/appium/node_modules/express/lib/router/layer.js:95:5)\n    at next (/usr/local/lib/node_modules/appium/node_modules/express/lib/router/route.js:137:13)\n    at Route.dispatch (/usr/local/lib/node_modules/appium/node_modules/express/lib/router/route.js:112:3)\n    at Layer.handle [as handle_request] (/usr/local/lib/node_modules/appium/node_modules/express/lib/router/layer.js:95:5)\n    at /usr/local/lib/node_modules/appium/node_modules/express/lib/router/index.js:281:22\n    at param (/usr/local/lib/node_modules/appium/node_modules/express/lib/router/index.js:354:14)\n    at param (/usr/local/lib/node_modules/appium/node_modules/express/lib/router/index.js:365:14)\n    at Function.process_params (/usr/local/lib/node_modules/appium/node_modules/express/lib/router/index.js:410:3)\n    at next (/usr/local/lib/node_modules/appium/node_modules/express/lib/router/index.js:275:10)\n    at logger (/usr/local/lib/node_modules/appium/node_modules/morgan/index.js:144:5)\n    at Layer.handle [as handle_request] (/usr/local/lib/node_modules/appium/node_modules/express/lib/router/layer.js:95:5)\n    at trim_prefix (/usr/local/lib/node_modules/appium/node_modules/express/lib/router/index.js:317:13)\n    at /usr/local/lib/node_modules/appium/node_modules/express/lib/router/index.js:284:7\n    at Function.process_params (/usr/local/lib/node_modules/appium/node_modules/express/lib/router/index.js:335:12)\n    at next (/usr/local/lib/node_modules/appium/node_modules/express/lib/router/index.js:275:10)\n    at jsonParser (/usr/local/lib/node_modules/appium/node_modules/body-parser/lib/types/json.js:110:7)\n    at Layer.handle [as handle_request] (/usr/local/lib/node_modules/appium/node_modules/express/lib/router/layer.js:95:5)\n    at trim_prefix (/usr/local/lib/node_modules/appium/node_modules/express/lib/router/index.js:317:13)\n    at /usr/local/lib/node_modules/appium/node_modules/express/lib/router/index.js:284:7\n    at Function.process_params (/usr/local/lib/node_modules/appium/node_modules/express/lib/router/index.js:335:12)\n    at next (/usr/local/lib/node_modules/appium/node_modules/express/lib/router/index.js:275:10)\n    at Layer.handle [as handle_request] (/usr/local/lib/node_modules/appium/node_modules/express/lib/router/layer.js:91:12)\n    at trim_prefix (/usr/local/lib/node_modules/appium/node_modules/express/lib/router/index.js:317:13)\n    at /usr/local/lib/node_modules/appium/node_modules/express/lib/router/index.js:284:7\n    at Function.process_params (/usr/local/lib/node_modules/appium/node_modules/express/lib/router/index.js:335:12)\n    at next (/usr/local/lib/node_modules/appium/node_modules/express/lib/router/index.js:275:10)\n    at methodOverride (/usr/local/lib/node_modules/appium/node_modules/method-override/index.js:65:14)\n    at Layer.handle [as handle_request] (/usr/local/lib/node_modules/appium/node_modules/express/lib/router/layer.js:95:5)\n    at trim_prefix (/usr/local/lib/node_modules/appium/node_modules/express/lib/router/index.js:317:13)\n    at /usr/local/lib/node_modules/appium/node_modules/express/lib/router/index.js:284:7\n    at Function.process_params (/usr/local/lib/node_modules/appium/node_modules/express/lib/router/index.js:335:12)\n    at next (/usr/local/lib/node_modules/appium/node_modules/express/lib/router/index.js:275:10)\n",
    "statusTrace" : "  File \"/Users/Alex/PycharmProjects/running-test/venv/lib/python3.9/site-packages/allure_commons/_allure.py\", line 200, in __call__\n    return self._fixture_function(*args, **kwargs)\n  File \"/Users/Alex/PycharmProjects/running-test/venv/lib/python3.9/site-packages/_pytest/fixtures.py\", line 941, in _teardown_yield_fixture\n    next(it)\n  File \"/Users/Alex/PycharmProjects/baliston-test/conftest.py\", line 37, in appdriver\n    save_screenshot(driver)\n  File \"/Users/Alex/PycharmProjects/baliston-test/conftest.py\", line 107, in save_screenshot\n    appdriver.get_screenshot_as_png(),\n  File \"/Users/Alex/PycharmProjects/running-test/venv/lib/python3.9/site-packages/selenium/webdriver/remote/webdriver.py\", line 1347, in get_screenshot_as_png\n    return b64decode(self.get_screenshot_as_base64().encode('ascii'))\n  File \"/Users/Alex/PycharmProjects/running-test/venv/lib/python3.9/site-packages/selenium/webdriver/remote/webdriver.py\", line 1359, in get_screenshot_as_base64\n    return self.execute(Command.SCREENSHOT)['value']\n  File \"/Users/Alex/PycharmProjects/running-test/venv/lib/python3.9/site-packages/selenium/webdriver/remote/webdriver.py\", line 418, in execute\n    self.error_handler.check_response(response)\n  File \"/Users/Alex/PycharmProjects/running-test/venv/lib/python3.9/site-packages/appium/webdriver/errorhandler.py\", line 31, in check_response\n    raise wde\n  File \"/Users/Alex/PycharmProjects/running-test/venv/lib/python3.9/site-packages/appium/webdriver/errorhandler.py\", line 26, in check_response\n    super().check_response(response)\n  File \"/Users/Alex/PycharmProjects/running-test/venv/lib/python3.9/site-packages/selenium/webdriver/remote/errorhandler.py\", line 243, in check_response\n    raise exception_class(message, screen, stacktrace)\n",
    "steps" : [ ],
    "attachments" : [ ],
    "parameters" : [ ],
    "stepsCount" : 0,
    "attachmentsCount" : 0,
    "shouldDisplayMessage" : true,
    "hasContent" : true
  } ],
  "labels" : [ {
    "name" : "parentSuite",
    "value" : "tests"
  }, {
    "name" : "suite",
    "value" : "test_profile"
  }, {
    "name" : "host",
    "value" : "MacBooks-MacBook-Pro.local"
  }, {
    "name" : "thread",
    "value" : "21339-MainThread"
  }, {
    "name" : "framework",
    "value" : "pytest"
  }, {
    "name" : "language",
    "value" : "cpython3"
  }, {
    "name" : "package",
    "value" : "tests.test_profile"
  }, {
    "name" : "resultFormat",
    "value" : "allure2"
  } ],
  "parameters" : [ ],
  "links" : [ ],
  "hidden" : true,
  "retry" : true,
  "extra" : {
    "categories" : [ ],
    "tags" : [ ]
  },
  "source" : "e59399d126e8f661.json",
  "parameterValues" : [ ]
}